#
# A fatal error has been detected by the Java Runtime Environment:
#
#  SIGSEGV (0xb) at pc=0x000000010bd792d7, pid=96722, tid=0x000000000000c033
#
# JRE version: Java(TM) SE Runtime Environment (8.0_121-b13) (build 1.8.0_121-b13)
# Java VM: Java HotSpot(TM) 64-Bit Server VM (25.121-b13 mixed mode bsd-amd64 compressed oops)
# Problematic frame:
# C  [libawt_lwawt.dylib+0x1c2d7]  OGLSD_SetScratchSurface+0x49
#
# Failed to write core dump. Core dumps have been disabled. To enable core dumping, try "ulimit -c unlimited" before starting Java again
#
# If you would like to submit a bug report, please visit:
#   http://bugreport.java.com/bugreport/crash.jsp
# The crash happened outside the Java Virtual Machine in native code.
# See problematic frame for where to report the bug.
#

---------------  T H R E A D  ---------------

Current thread (0x00007fa68c094800):  JavaThread "Java2D Queue Flusher" daemon [_thread_in_native, id=49203, stack(0x0000700010faa000,0x00007000110aa000)]

siginfo: si_signo: 11 (SIGSEGV), si_code: 1 (SEGV_MAPERR), si_addr: 0x0000000000001a5a

Registers:
RAX=0x00000000ffffffff, RBX=0x0000000000001a5a, RCX=0x0000000000000047, RDX=0x000000010bd9a370
RSP=0x00007000110a98d0, RBP=0x00007000110a98f0, RSI=0x00007fa6928c58b0, RDI=0x00007fa68c0949f8
R8 =0x00000000d8003827, R9 =0x0000000000000000, R10=0x000000010e5e79f8, R11=0x0000000000000020
R12=0x0000000000000000, R13=0x00000006c0003ee0, R14=0x00007fa68c0949f8, R15=0x00007fa68c094800
RIP=0x000000010bd792d7, EFLAGS=0x0000000000010206, ERR=0x0000000000000004
  TRAPNO=0x000000000000000e

Top of Stack: (sp=0x00007000110a98d0)
0x00007000110a98d0:   00007fa6928c58b0 0000000000000000
0x00007000110a98e0:   00007fa68d09d810 00007fa68c094800
0x00007000110a98f0:   00007000110a9970 000000010bd99e4e
0x00007000110a9900:   0000000000000064 00007fa68b95f9b8
0x00007000110a9910:   00007000110a9970 000000010734f494
0x00007000110a9920:   0000000000000005 00007fa68c094800
0x00007000110a9930:   00000006c0003e01 00007fa68d09d820
0x00007000110a9940:   00007000000a9900 00007fa68c0949f8
0x00007000110a9950:   0000000000000000 0000000000000000
0x00007000110a9960:   00007000110a99c8 00007fa68c094800
0x00007000110a9970:   00007000110a99c0 000000010e5e7a6a
0x00007000110a9980:   00000006c001c120 0000000100000000
0x00007000110a9990:   00007fa6928f3190 0000000000000001
0x00007000110a99a0:   0000000109bb3b48 0000000000000000
0x00007000110a99b0:   00007000110a99d0 0000000000000000
0x00007000110a99c0:   00000000d8003824 000000010ee64614
0x00007000110a99d0:   00000006c001c120 00000006c0003ee0
0x00007000110a99e0:   0000000000000000 0000000000000000
0x00007000110a99f0:   00000006c0003ee0 00007000110a9a90
0x00007000110a9a00:   0000000000000001 0000000000000000
0x00007000110a9a10:   00007000110a9a90 000000010e14e7a7
0x00007000110a9a20:   00000006c0003ee0 00000006c0003ee0
0x00007000110a9a30:   0000700000001fa0 000000000000000a
0x00007000110a9a40:   00007fa68c094800 0000000000000001
0x00007000110a9a50:   000000010e14e71f 0000000109b10710
0x00007000110a9a60:   00007000110a9b28 00007000110a9dc0
0x00007000110a9a70:   000000010000000a 0000000109b10710
0x00007000110a9a80:   000000010e161120 00007000110a9d30
0x00007000110a9a90:   00007000110a9c40 00000001072ed9d6
0x00007000110a9aa0:   0000700000000001 00007fa68c094800
0x00007000110a9ab0:   00007fa68c094800 00007000110a9dc0
0x00007000110a9ac0:   00007fa68b95f9b0 000000010e161120 

Instructions: (pc=0x000000010bd792d7)
0x000000010bd792b7:   c0 e9 82 00 00 00 48 8b 5e 10 48 85 db 75 0e bf
0x000000010bd792c7:   01 00 00 00 48 8d 15 0a 7e 03 00 eb d6 49 89 fe
0x000000010bd792d7:   4c 8b 3b 30 c0 e8 d9 a8 02 00 49 8b 3f 49 89 c4
0x000000010bd792e7:   48 8b 35 d2 03 06 00 30 c0 e8 e5 a9 02 00 48 85 

Register to memory mapping:

RAX=0x00000000ffffffff is an unknown value
RBX=0x0000000000001a5a is an unknown value
RCX=0x0000000000000047 is an unknown value
RDX=0x000000010bd9a370: Java_sun_java2d_opengl_OGLRenderQueue_flushBuffer+0xb5c in /Library/Internet Plug-Ins/JavaAppletPlugin.plugin/Contents/Home/lib/libawt_lwawt.dylib at 0x000000010bd5d000
RSP=0x00007000110a98d0 is pointing into the stack for thread: 0x00007fa68c094800
RBP=0x00007000110a98f0 is pointing into the stack for thread: 0x00007fa68c094800
RSI=0x00007fa6928c58b0 is an unknown value
RDI=0x00007fa68c0949f8 is an unknown value
R8 =0x00000000d8003827 is an unknown value
R9 =0x0000000000000000 is an unknown value
R10=0x000000010e5e79f8 is at entry_point+56 in (nmethod*)0x000000010e5e7850
R11=0x0000000000000020 is an unknown value
R12=0x0000000000000000 is an unknown value
R13=0x00000006c0003ee0 is an oop
sun.java2d.opengl.OGLRenderQueue$QueueFlusher 
 - klass: 'sun/java2d/opengl/OGLRenderQueue$QueueFlusher'
R14=0x00007fa68c0949f8 is an unknown value
R15=0x00007fa68c094800 is a thread


Stack: [0x0000700010faa000,0x00007000110aa000],  sp=0x00007000110a98d0,  free space=1022k
Native frames: (J=compiled Java code, j=interpreted, Vv=VM code, C=native code)
C  [libawt_lwawt.dylib+0x1c2d7]  OGLSD_SetScratchSurface+0x49
C  [libawt_lwawt.dylib+0x3ce4e]  Java_sun_java2d_opengl_OGLRenderQueue_flushBuffer+0x63a
J 1546  sun.java2d.opengl.OGLRenderQueue.flushBuffer(JI)V (0 bytes) @ 0x000000010e5e7a6a [0x000000010e5e79c0+0xaa]
J 4664% C2 sun.java2d.opengl.OGLRenderQueue$QueueFlusher.run()V (234 bytes) @ 0x000000010ee64614 [0x000000010ee64340+0x2d4]
v  ~StubRoutines::call_stub
V  [libjvm.dylib+0x2ed9d6]
V  [libjvm.dylib+0x2ee164]
V  [libjvm.dylib+0x2ee310]
V  [libjvm.dylib+0x348a5d]
V  [libjvm.dylib+0x56ab0f]
V  [libjvm.dylib+0x56c1fc]
V  [libjvm.dylib+0x48a5b2]
C  [libsystem_pthread.dylib+0x68fc]  _pthread_start+0xe0
C  [libsystem_pthread.dylib+0x2443]  thread_start+0xf
C  0x0000000000000000

Java frames: (J=compiled Java code, j=interpreted, Vv=VM code)
J 1546  sun.java2d.opengl.OGLRenderQueue.flushBuffer(JI)V (0 bytes) @ 0x000000010e5e79f8 [0x000000010e5e79c0+0x38]
J 4664% C2 sun.java2d.opengl.OGLRenderQueue$QueueFlusher.run()V (234 bytes) @ 0x000000010ee64614 [0x000000010ee64340+0x2d4]
v  ~StubRoutines::call_stub

---------------  P R O C E S S  ---------------

Java Threads: ( => current thread )
  0x00007fa68ee94000 JavaThread "SwingWorker-pool-1-thread-2" daemon [_thread_blocked, id=114823, stack(0x00007000115bc000,0x00007000116bc000)]
  0x00007fa69538d800 JavaThread "SwingWorker-pool-1-thread-1" daemon [_thread_blocked, id=102179, stack(0x00007000111b0000,0x00007000112b0000)]
  0x00007fa68d834000 JavaThread "DestroyJavaVM" [_thread_blocked, id=4099, stack(0x000070000f653000,0x000070000f753000)]
  0x00007fa68b0f9800 JavaThread "Thread-5" [_thread_blocked, id=71171, stack(0x00007000114b9000,0x00007000115b9000)]
  0x00007fa68ea9c800 JavaThread "Thread-4" [_thread_blocked, id=71427, stack(0x00007000113b6000,0x00007000114b6000)]
  0x00007fa68c82f800 JavaThread "TimerQueue" daemon [_thread_blocked, id=58407, stack(0x00007000112b3000,0x00007000113b3000)]
  0x00007fa68e8f7000 JavaThread "AWT-EventQueue-0" [_thread_blocked, id=36523, stack(0x0000700010d9e000,0x0000700010e9e000)]
  0x00007fa68e8d7000 JavaThread "Java2D Disposer" daemon [_thread_blocked, id=74763, stack(0x00007000110ad000,0x00007000111ad000)]
=>0x00007fa68c094800 JavaThread "Java2D Queue Flusher" daemon [_thread_in_native, id=49203, stack(0x0000700010faa000,0x00007000110aa000)]
  0x00007fa68e834000 JavaThread "AWT-Shutdown" [_thread_blocked, id=38179, stack(0x0000700010c18000,0x0000700010d18000)]
  0x00007fa68e89c800 JavaThread "AppKit Thread" daemon [_thread_in_native, id=259, stack(0x00007ffeecb7e000,0x00007ffeed37e000)]
  0x00007fa68e836800 JavaThread "Timer-0" daemon [_thread_blocked, id=21763, stack(0x0000700010a92000,0x0000700010b92000)]
  0x00007fa68d00e000 JavaThread "Service Thread" daemon [_thread_blocked, id=16387, stack(0x000070001088c000,0x000070001098c000)]
  0x00007fa68e823000 JavaThread "C1 CompilerThread3" daemon [_thread_blocked, id=15875, stack(0x0000700010789000,0x0000700010889000)]
  0x00007fa68e822800 JavaThread "C2 CompilerThread2" daemon [_thread_blocked, id=15363, stack(0x0000700010686000,0x0000700010786000)]
  0x00007fa68e81f800 JavaThread "C2 CompilerThread1" daemon [_thread_blocked, id=17411, stack(0x0000700010583000,0x0000700010683000)]
  0x00007fa68d00d000 JavaThread "C2 CompilerThread0" daemon [_thread_blocked, id=14851, stack(0x0000700010480000,0x0000700010580000)]
  0x00007fa68e820000 JavaThread "Signal Dispatcher" daemon [_thread_blocked, id=18179, stack(0x000070001037d000,0x000070001047d000)]
  0x00007fa68c00a000 JavaThread "Finalizer" daemon [_thread_blocked, id=19715, stack(0x0000700010174000,0x0000700010274000)]
  0x00007fa68d808800 JavaThread "Reference Handler" daemon [_thread_blocked, id=20227, stack(0x0000700010071000,0x0000700010171000)]

Other Threads:
  0x00007fa68e011800 VMThread [stack: 0x000070000ff6e000,0x000070001006e000] [id=12291]
  0x00007fa68e02c800 WatcherThread [stack: 0x000070001098f000,0x0000700010a8f000] [id=16899]

VM state:not at safepoint (normal execution)

VM Mutex/Monitor currently owned by a thread: None

Heap:
 PSYoungGen      total 86016K, used 24215K [0x000000076ab00000, 0x0000000771d00000, 0x00000007c0000000)
  eden space 56320K, 9% used [0x000000076ab00000,0x000000076b0134b8,0x000000076e200000)
  from space 29696K, 64% used [0x0000000770000000,0x0000000771292890,0x0000000771d00000)
  to   space 30208K, 0% used [0x000000076e200000,0x000000076e200000,0x000000076ff80000)
 ParOldGen       total 175104K, used 65609K [0x00000006c0000000, 0x00000006cab00000, 0x000000076ab00000)
  object space 175104K, 37% used [0x00000006c0000000,0x00000006c40126c0,0x00000006cab00000)
 Metaspace       used 21593K, capacity 21834K, committed 22400K, reserved 1069056K
  class space    used 2508K, capacity 2571K, committed 2688K, reserved 1048576K

Card table byte_map: [0x0000000107fa2000,0x00000001087a3000] byte_map_base: 0x00000001049a2000

Marking Bits: (ParMarkBitMap*) 0x00000001078f0d30
 Begin Bits: [0x000000011d14e000, 0x000000012114e000)
 End Bits:   [0x000000012114e000, 0x000000012514e000)

Polling page: 0x00000001028f8000

CodeCache: size=245760Kb used=16270Kb max_used=16272Kb free=229489Kb
 bounds [0x000000010e14e000, 0x000000010f15e000, 0x000000011d14e000]
 total_blobs=4981 nmethods=4352 adapters=539
 compilation: enabled

Compilation events (10 events):
Event: 827626.347 Thread 0x00007fa68e823000 5361   !   3       sun.java2d.pipe.LoopPipe::fill (158 bytes)
Event: 827626.350 Thread 0x00007fa68e823000 nmethod 5361 0x000000010f143d10 code [0x000000010f143fa0, 0x000000010f1451e8]
Event: 827626.353 Thread 0x00007fa68e822800 nmethod 5357 0x000000010e719d10 code [0x000000010e719ee0, 0x000000010e71a228]
Event: 827626.429 Thread 0x00007fa68e81f800 nmethod 5358 0x000000010f14d050 code [0x000000010f14d440, 0x000000010f14f550]
Event: 827626.589 Thread 0x00007fa68e823000 5363       3       sun.java2d.pipe.LoopPipe::drawLine (46 bytes)
Event: 827626.589 Thread 0x00007fa68e823000 nmethod 5363 0x000000010f143690 code [0x000000010f143800, 0x000000010f143b08]
Event: 827626.589 Thread 0x00007fa68e823000 5365       3       sun.java2d.SunGraphics2D::checkFontInfo (721 bytes)
Event: 827626.593 Thread 0x00007fa68e823000 nmethod 5365 0x000000010f152410 code [0x000000010f152840, 0x000000010f154f28]
Event: 827626.764 Thread 0x00007fa68e823000 5366       1       java.awt.event.PaintEvent::getUpdateRect (5 bytes)
Event: 827626.765 Thread 0x00007fa68e823000 nmethod 5366 0x000000010e7dd950 code [0x000000010e7ddaa0, 0x000000010e7ddbb0]

GC Heap History (10 events):
Event: 222226.445 GC heap before
{Heap before GC invocations=12 (full 2):
 PSYoungGen      total 74752K, used 74648K [0x000000076ab00000, 0x0000000771e00000, 0x00000007c0000000)
  eden space 61440K, 100% used [0x000000076ab00000,0x000000076e700000,0x000000076e700000)
  from space 13312K, 99% used [0x000000076e800000,0x000000076f4e61f8,0x000000076f500000)
  to   space 28160K, 0% used [0x0000000770280000,0x0000000770280000,0x0000000771e00000)
 ParOldGen       total 175104K, used 53833K [0x00000006c0000000, 0x00000006cab00000, 0x000000076ab00000)
  object space 175104K, 30% used [0x00000006c0000000,0x00000006c3492430,0x00000006cab00000)
 Metaspace       used 21431K, capacity 21698K, committed 22144K, reserved 1069056K
  class space    used 2500K, capacity 2569K, committed 2688K, reserved 1048576K
Event: 222226.451 GC heap after
Heap after GC invocations=12 (full 2):
 PSYoungGen      total 88576K, used 2731K [0x000000076ab00000, 0x0000000771e00000, 0x00000007c0000000)
  eden space 60416K, 0% used [0x000000076ab00000,0x000000076ab00000,0x000000076e600000)
  from space 28160K, 9% used [0x0000000770280000,0x000000077052adb8,0x0000000771e00000)
  to   space 28672K, 0% used [0x000000076e600000,0x000000076e600000,0x0000000770200000)
 ParOldGen       total 175104K, used 55544K [0x00000006c0000000, 0x00000006cab00000, 0x000000076ab00000)
  object space 175104K, 31% used [0x00000006c0000000,0x00000006c363e268,0x00000006cab00000)
 Metaspace       used 21431K, capacity 21698K, committed 22144K, reserved 1069056K
  class space    used 2500K, capacity 2569K, committed 2688K, reserved 1048576K
}
Event: 229322.671 GC heap before
{Heap before GC invocations=13 (full 2):
 PSYoungGen      total 88576K, used 63147K [0x000000076ab00000, 0x0000000771e00000, 0x00000007c0000000)
  eden space 60416K, 100% used [0x000000076ab00000,0x000000076e600000,0x000000076e600000)
  from space 28160K, 9% used [0x0000000770280000,0x000000077052adb8,0x0000000771e00000)
  to   space 28672K, 0% used [0x000000076e600000,0x000000076e600000,0x0000000770200000)
 ParOldGen       total 175104K, used 55544K [0x00000006c0000000, 0x00000006cab00000, 0x000000076ab00000)
  object space 175104K, 31% used [0x00000006c0000000,0x00000006c363e268,0x00000006cab00000)
 Metaspace       used 21435K, capacity 21698K, committed 22144K, reserved 1069056K
  class space    used 2500K, capacity 2569K, committed 2688K, reserved 1048576K
Event: 229322.676 GC heap after
Heap after GC invocations=13 (full 2):
 PSYoungGen      total 88064K, used 448K [0x000000076ab00000, 0x0000000771f00000, 0x00000007c0000000)
  eden space 59392K, 0% used [0x000000076ab00000,0x000000076ab00000,0x000000076e500000)
  from space 28672K, 1% used [0x000000076e600000,0x000000076e670000,0x0000000770200000)
  to   space 29696K, 0% used [0x0000000770200000,0x0000000770200000,0x0000000771f00000)
 ParOldGen       total 175104K, used 57837K [0x00000006c0000000, 0x00000006cab00000, 0x000000076ab00000)
  object space 175104K, 33% used [0x00000006c0000000,0x00000006c387b700,0x00000006cab00000)
 Metaspace       used 21435K, capacity 21698K, committed 22144K, reserved 1069056K
  class space    used 2500K, capacity 2569K, committed 2688K, reserved 1048576K
}
Event: 264546.156 GC heap before
{Heap before GC invocations=14 (full 2):
 PSYoungGen      total 88064K, used 59504K [0x000000076ab00000, 0x0000000771f00000, 0x00000007c0000000)
  eden space 59392K, 99% used [0x000000076ab00000,0x000000076e4ac340,0x000000076e500000)
  from space 28672K, 1% used [0x000000076e600000,0x000000076e670000,0x0000000770200000)
  to   space 29696K, 0% used [0x0000000770200000,0x0000000770200000,0x0000000771f00000)
 ParOldGen       total 175104K, used 57837K [0x00000006c0000000, 0x00000006cab00000, 0x000000076ab00000)
  object space 175104K, 33% used [0x00000006c0000000,0x00000006c387b700,0x00000006cab00000)
 Metaspace       used 21552K, capacity 21834K, committed 22400K, reserved 1069056K
  class space    used 2506K, capacity 2571K, committed 2688K, reserved 1048576K
Event: 264546.180 GC heap after
Heap after GC invocations=14 (full 2):
 PSYoungGen      total 88064K, used 20445K [0x000000076ab00000, 0x0000000772000000, 0x00000007c0000000)
  eden space 58368K, 0% used [0x000000076ab00000,0x000000076ab00000,0x000000076e400000)
  from space 29696K, 68% used [0x0000000770200000,0x00000007715f75d0,0x0000000771f00000)
  to   space 30720K, 0% used [0x000000076e400000,0x000000076e400000,0x0000000770200000)
 ParOldGen       total 175104K, used 58165K [0x00000006c0000000, 0x00000006cab00000, 0x000000076ab00000)
  object space 175104K, 33% used [0x00000006c0000000,0x00000006c38cd700,0x00000006cab00000)
 Metaspace       used 21552K, capacity 21834K, committed 22400K, reserved 1069056K
  class space    used 2506K, capacity 2571K, committed 2688K, reserved 1048576K
}
Event: 319608.452 GC heap before
{Heap before GC invocations=15 (full 2):
 PSYoungGen      total 88064K, used 76022K [0x000000076ab00000, 0x0000000772000000, 0x00000007c0000000)
  eden space 58368K, 95% used [0x000000076ab00000,0x000000076e146510,0x000000076e400000)
  from space 29696K, 68% used [0x0000000770200000,0x00000007715f75d0,0x0000000771f00000)
  to   space 30720K, 0% used [0x000000076e400000,0x000000076e400000,0x0000000770200000)
 ParOldGen       total 175104K, used 58165K [0x00000006c0000000, 0x00000006cab00000, 0x000000076ab00000)
  object space 175104K, 33% used [0x00000006c0000000,0x00000006c38cd700,0x00000006cab00000)
 Metaspace       used 21563K, capacity 21834K, committed 22400K, reserved 1069056K
  class space    used 2506K, capacity 2571K, committed 2688K, reserved 1048576K
Event: 319608.715 GC heap after
Heap after GC invocations=15 (full 2):
 PSYoungGen      total 66560K, used 9161K [0x000000076ab00000, 0x0000000771d00000, 0x00000007c0000000)
  eden space 57344K, 0% used [0x000000076ab00000,0x000000076ab00000,0x000000076e300000)
  from space 9216K, 99% used [0x000000076e400000,0x000000076ecf24f0,0x000000076ed00000)
  to   space 29696K, 0% used [0x0000000770000000,0x0000000770000000,0x0000000771d00000)
 ParOldGen       total 175104K, used 65521K [0x00000006c0000000, 0x00000006cab00000, 0x000000076ab00000)
  object space 175104K, 37% used [0x00000006c0000000,0x00000006c3ffc6c0,0x00000006cab00000)
 Metaspace       used 21563K, capacity 21834K, committed 22400K, reserved 1069056K
  class space    used 2506K, capacity 2571K, committed 2688K, reserved 1048576K
}
Event: 827625.807 GC heap before
{Heap before GC invocations=16 (full 2):
 PSYoungGen      total 66560K, used 65764K [0x000000076ab00000, 0x0000000771d00000, 0x00000007c0000000)
  eden space 57344K, 98% used [0x000000076ab00000,0x000000076e246e48,0x000000076e300000)
  from space 9216K, 99% used [0x000000076e400000,0x000000076ecf24f0,0x000000076ed00000)
  to   space 29696K, 0% used [0x0000000770000000,0x0000000770000000,0x0000000771d00000)
 ParOldGen       total 175104K, used 65521K [0x00000006c0000000, 0x00000006cab00000, 0x000000076ab00000)
  object space 175104K, 37% used [0x00000006c0000000,0x00000006c3ffc6c0,0x00000006cab00000)
 Metaspace       used 21583K, capacity 21834K, committed 22400K, reserved 1069056K
  class space    used 2507K, capacity 2571K, committed 2688K, reserved 1048576K
Event: 827625.957 GC heap after
Heap after GC invocations=16 (full 2):
 PSYoungGen      total 86016K, used 19018K [0x000000076ab00000, 0x0000000771d00000, 0x00000007c0000000)
  eden space 56320K, 0% used [0x000000076ab00000,0x000000076ab00000,0x000000076e200000)
  from space 29696K, 64% used [0x0000000770000000,0x0000000771292890,0x0000000771d00000)
  to   space 30208K, 0% used [0x000000076e200000,0x000000076e200000,0x000000076ff80000)
 ParOldGen       total 175104K, used 65609K [0x00000006c0000000, 0x00000006cab00000, 0x000000076ab00000)
  object space 175104K, 37% used [0x00000006c0000000,0x00000006c40126c0,0x00000006cab00000)
 Metaspace       used 21583K, capacity 21834K, committed 22400K, reserved 1069056K
  class space    used 2507K, capacity 2571K, committed 2688K, reserved 1048576K
}

Deoptimization events (10 events):
Event: 818630.624 Thread 0x00007fa68e8f7000 Uncommon trap: reason=class_check action=maybe_recompile pc=0x000000010f00adc0 method=sun.font.Font2D.charToGlyph(I)I @ 1
Event: 818630.677 Thread 0x00007fa68e8f7000 Uncommon trap: reason=class_check action=maybe_recompile pc=0x000000010f00adc0 method=sun.font.Font2D.charToGlyph(I)I @ 1
Event: 827625.750 Thread 0x00007fa68e8f7000 Uncommon trap: reason=class_check action=maybe_recompile pc=0x000000010e91cd68 method=sun.java2d.pipe.DrawImage.transformImage(Lsun/java2d/SunGraphics2D;Ljava/awt/Image;Ljava/awt/geom/AffineTransform;IIIIILjava/awt/Color;)V @ 120
Event: 827625.991 Thread 0x00007fa68e8f7000 Uncommon trap: reason=unstable_if action=reinterpret pc=0x000000010ec9da54 method=sun.java2d.SunGraphics2D.setComposite(Ljava/awt/Composite;)V @ 39
Event: 827626.000 Thread 0x00007fa68e8f7000 Uncommon trap: reason=unstable_if action=reinterpret pc=0x000000010f11e464 method=sun.java2d.SunGraphics2D.checkFontInfo(Lsun/java2d/loops/FontInfo;Ljava/awt/Font;Ljava/awt/font/FontRenderContext;)Lsun/java2d/loops/FontInfo; @ 625
Event: 827626.034 Thread 0x00007fa68e8f7000 Uncommon trap: reason=unstable_if action=reinterpret pc=0x000000010e8ba410 method=java.util.concurrent.locks.AbstractQueuedSynchronizer.acquireQueued(Ljava/util/concurrent/locks/AbstractQueuedSynchronizer$Node;I)Z @ 17
Event: 827626.332 Thread 0x00007fa68e8f7000 Uncommon trap: reason=bimorphic action=maybe_recompile pc=0x000000010eb57c38 method=sun.java2d.pipe.ValidatePipe.drawChars(Lsun/java2d/SunGraphics2D;[CIIII)V @ 21
Event: 827626.334 Thread 0x00007fa68e8f7000 Uncommon trap: reason=bimorphic action=maybe_recompile pc=0x000000010eb57c38 method=sun.java2d.pipe.ValidatePipe.drawChars(Lsun/java2d/SunGraphics2D;[CIIII)V @ 21
Event: 827626.337 Thread 0x00007fa68e8f7000 Uncommon trap: reason=bimorphic action=maybe_recompile pc=0x000000010eb57c38 method=sun.java2d.pipe.ValidatePipe.drawChars(Lsun/java2d/SunGraphics2D;[CIIII)V @ 21
Event: 827626.337 Thread 0x00007fa68e8f7000 Uncommon trap: reason=bimorphic action=maybe_recompile pc=0x000000010eb57c38 method=sun.java2d.pipe.ValidatePipe.drawChars(Lsun/java2d/SunGraphics2D;[CIIII)V @ 21

Internal exceptions (10 events):
Event: 14919.445 Thread 0x00007fa68e8f7000 Exception <a 'java/lang/ClassCastException'> (0x000000076dc78438) thrown at [/Users/java_re/workspace/8-2-build-macosx-x86_64/jdk8u121/8372/hotspot/src/share/vm/runtime/sharedRuntime.cpp, line 605]
Event: 19758.803 Thread 0x00007fa68e8f7000 Exception <a 'java/lang/ClassCastException'> (0x000000076dec3fc8) thrown at [/Users/java_re/workspace/8-2-build-macosx-x86_64/jdk8u121/8372/hotspot/src/share/vm/runtime/sharedRuntime.cpp, line 605]
Event: 19780.417 Thread 0x00007fa68e8f7000 Exception <a 'java/lang/ClassCastException'> (0x000000076df3cea0) thrown at [/Users/java_re/workspace/8-2-build-macosx-x86_64/jdk8u121/8372/hotspot/src/share/vm/runtime/sharedRuntime.cpp, line 605]
Event: 19789.411 Thread 0x00007fa68e8f7000 Exception <a 'java/lang/ClassCastException'> (0x000000076df897e8) thrown at [/Users/java_re/workspace/8-2-build-macosx-x86_64/jdk8u121/8372/hotspot/src/share/vm/runtime/sharedRuntime.cpp, line 605]
Event: 19817.685 Thread 0x00007fa68e8f7000 Exception <a 'java/lang/ClassCastException': java.awt.font.StyledParagraph cannot be cast to java.awt.Font> (0x000000076e187aa0) thrown at [/Users/java_re/workspace/8-2-build-macosx-x86_64/jdk8u121/8372/hotspot/src/share/vm/interpreter/interpreterRuntime.
Event: 80180.526 Thread 0x00007fa68e8f7000 Exception <a 'java/lang/ClassCastException': java.awt.font.StyledParagraph cannot be cast to java.awt.Font> (0x000000076d20ab58) thrown at [/Users/java_re/workspace/8-2-build-macosx-x86_64/jdk8u121/8372/hotspot/src/share/vm/interpreter/interpreterRuntime.
Event: 178826.836 Thread 0x00007fa68e8f7000 Implicit null exception at 0x000000010e86bb74 to 0x000000010e86c7f9
Event: 178826.846 Thread 0x00007fa69538d800 Implicit null exception at 0x000000010ea04d74 to 0x000000010ea05f0d
Event: 231083.148 Thread 0x00007fa68e8f7000 Implicit null exception at 0x000000010f011d91 to 0x000000010f012b49
Event: 331732.945 Thread 0x00007fa68e8f7000 Implicit null exception at 0x000000010ea03de5 to 0x000000010ea043c9

Events (10 events):
Event: 827626.332 Thread 0x00007fa68e8f7000 DEOPT UNPACKING pc=0x000000010e153229 sp=0x0000700010e99d08 mode 2
Event: 827626.334 Thread 0x00007fa68e8f7000 Uncommon trap: trap_request=0xffffffc6 fr.pc=0x000000010eb57c38
Event: 827626.334 Thread 0x00007fa68e8f7000 DEOPT PACKING pc=0x000000010eb57c38 sp=0x0000700010e99e30
Event: 827626.334 Thread 0x00007fa68e8f7000 DEOPT UNPACKING pc=0x000000010e153229 sp=0x0000700010e99d08 mode 2
Event: 827626.337 Thread 0x00007fa68e8f7000 Uncommon trap: trap_request=0xffffffc6 fr.pc=0x000000010eb57c38
Event: 827626.337 Thread 0x00007fa68e8f7000 DEOPT PACKING pc=0x000000010eb57c38 sp=0x0000700010e99e30
Event: 827626.337 Thread 0x00007fa68e8f7000 DEOPT UNPACKING pc=0x000000010e153229 sp=0x0000700010e99d08 mode 2
Event: 827626.337 Thread 0x00007fa68e8f7000 Uncommon trap: trap_request=0xffffffc6 fr.pc=0x000000010eb57c38
Event: 827626.337 Thread 0x00007fa68e8f7000 DEOPT PACKING pc=0x000000010eb57c38 sp=0x0000700010e99e30
Event: 827626.337 Thread 0x00007fa68e8f7000 DEOPT UNPACKING pc=0x000000010e153229 sp=0x0000700010e99d08 mode 2


Dynamic libraries:
0x0000000000135000 	/System/Library/Frameworks/Cocoa.framework/Versions/A/Cocoa
0x0000000000135000 	/System/Library/Frameworks/Security.framework/Versions/A/Security
0x0000000000135000 	/System/Library/Frameworks/ApplicationServices.framework/Versions/A/ApplicationServices
0x0000000000135000 	/usr/lib/libz.1.dylib
0x0000000000135000 	/usr/lib/libSystem.B.dylib
0x0000000000135000 	/usr/lib/libobjc.A.dylib
0x0000000000135000 	/System/Library/Frameworks/CoreFoundation.framework/Versions/A/CoreFoundation
0x0000000000135000 	/System/Library/Frameworks/Foundation.framework/Versions/C/Foundation
0x0000000000135000 	/System/Library/Frameworks/AppKit.framework/Versions/C/AppKit
0x0000000000135000 	/System/Library/Frameworks/CoreData.framework/Versions/A/CoreData
0x0000000000135000 	/System/Library/PrivateFrameworks/UIFoundation.framework/Versions/A/UIFoundation
0x0000000000135000 	/System/Library/PrivateFrameworks/RemoteViewServices.framework/Versions/A/RemoteViewServices
0x0000000000135000 	/System/Library/PrivateFrameworks/XCTTargetBootstrap.framework/Versions/A/XCTTargetBootstrap
0x0000000000135000 	/usr/lib/libspindump.dylib
0x0000000000135000 	/System/Library/Frameworks/UniformTypeIdentifiers.framework/Versions/A/UniformTypeIdentifiers
0x0000000000135000 	/usr/lib/libapp_launch_measurement.dylib
0x0000000000135000 	/System/Library/PrivateFrameworks/CoreAutoLayout.framework/Versions/A/CoreAutoLayout
0x0000000000135000 	/System/Library/Frameworks/Metal.framework/Versions/A/Metal
0x0000000000135000 	/usr/lib/liblangid.dylib
0x0000000000135000 	/System/Library/PrivateFrameworks/CoreSVG.framework/Versions/A/CoreSVG
0x0000000000135000 	/System/Library/PrivateFrameworks/SkyLight.framework/Versions/A/SkyLight
0x0000000000135000 	/System/Library/Frameworks/CoreGraphics.framework/Versions/A/CoreGraphics
0x0000000000135000 	/System/Library/Frameworks/Accelerate.framework/Versions/A/Accelerate
0x0000000000135000 	/System/Library/PrivateFrameworks/IconServices.framework/Versions/A/IconServices
0x0000000000135000 	/System/Library/Frameworks/IOSurface.framework/Versions/A/IOSurface
0x0000000000135000 	/usr/lib/libDiagnosticMessagesClient.dylib
0x0000000000135000 	/System/Library/PrivateFrameworks/DFRFoundation.framework/Versions/A/DFRFoundation
0x0000000000135000 	/usr/lib/libicucore.A.dylib
0x0000000000135000 	/System/Library/Frameworks/AudioToolbox.framework/Versions/A/AudioToolbox
0x0000000000135000 	/System/Library/PrivateFrameworks/DataDetectorsCore.framework/Versions/A/DataDetectorsCore
0x0000000000135000 	/usr/lib/libMobileGestalt.dylib
0x0000000000135000 	/System/Library/Frameworks/Carbon.framework/Versions/A/Frameworks/HIToolbox.framework/Versions/A/HIToolbox
0x0000000000135000 	/System/Library/Frameworks/QuartzCore.framework/Versions/A/QuartzCore
0x0000000000135000 	/System/Library/Frameworks/Carbon.framework/Versions/A/Frameworks/SpeechRecognition.framework/Versions/A/SpeechRecognition
0x0000000000135000 	/System/Library/PrivateFrameworks/CoreUI.framework/Versions/A/CoreUI
0x0000000000135000 	/System/Library/Frameworks/CoreAudio.framework/Versions/A/CoreAudio
0x0000000000135000 	/System/Library/Frameworks/DiskArbitration.framework/Versions/A/DiskArbitration
0x0000000000135000 	/System/Library/PrivateFrameworks/MultitouchSupport.framework/Versions/A/MultitouchSupport
0x0000000000135000 	/System/Library/PrivateFrameworks/InternationalSupport.framework/Versions/A/InternationalSupport
0x0000000000135000 	/usr/lib/libenergytrace.dylib
0x0000000000135000 	/System/Library/Frameworks/IOKit.framework/Versions/A/IOKit
0x0000000000135000 	/System/Library/Frameworks/CoreServices.framework/Versions/A/CoreServices
0x0000000000135000 	/System/Library/PrivateFrameworks/PerformanceAnalysis.framework/Versions/A/PerformanceAnalysis
0x0000000000135000 	/System/Library/Frameworks/OpenGL.framework/Versions/A/OpenGL
0x0000000000135000 	/System/Library/PrivateFrameworks/UserActivity.framework/Versions/A/UserActivity
0x0000000000135000 	/System/Library/Frameworks/ColorSync.framework/Versions/A/ColorSync
0x0000000000135000 	/System/Library/Frameworks/CoreImage.framework/Versions/A/CoreImage
0x0000000000135000 	/System/Library/Frameworks/CoreText.framework/Versions/A/CoreText
0x0000000000135000 	/System/Library/Frameworks/ImageIO.framework/Versions/A/ImageIO
0x0000000000135000 	/System/Library/PrivateFrameworks/SoftLinking.framework/Versions/A/SoftLinking
0x0000000000135000 	/usr/lib/libxml2.2.dylib
0x0000000000135000 	/usr/lib/libc++.1.dylib
0x0000000000135000 	/usr/lib/libcompression.dylib
0x0000000000135000 	/System/Library/PrivateFrameworks/TextureIO.framework/Versions/A/TextureIO
0x0000000000135000 	/usr/lib/libate.dylib
0x0000000000135000 	/usr/lib/system/libcache.dylib
0x0000000000135000 	/usr/lib/system/libcommonCrypto.dylib
0x0000000000135000 	/usr/lib/system/libcompiler_rt.dylib
0x0000000000135000 	/usr/lib/system/libcopyfile.dylib
0x0000000000135000 	/usr/lib/system/libcorecrypto.dylib
0x0000000000135000 	/usr/lib/system/libdispatch.dylib
0x0000000000135000 	/usr/lib/system/libdyld.dylib
0x0000000000135000 	/usr/lib/system/libkeymgr.dylib
0x0000000000135000 	/usr/lib/system/liblaunch.dylib
0x0000000000135000 	/usr/lib/system/libmacho.dylib
0x0000000000135000 	/usr/lib/system/libquarantine.dylib
0x0000000000135000 	/usr/lib/system/libremovefile.dylib
0x0000000000135000 	/usr/lib/system/libsystem_asl.dylib
0x0000000000135000 	/usr/lib/system/libsystem_blocks.dylib
0x0000000000135000 	/usr/lib/system/libsystem_c.dylib
0x0000000000135000 	/usr/lib/system/libsystem_collections.dylib
0x0000000000135000 	/usr/lib/system/libsystem_configuration.dylib
0x0000000000135000 	/usr/lib/system/libsystem_containermanager.dylib
0x0000000000135000 	/usr/lib/system/libsystem_coreservices.dylib
0x0000000000135000 	/usr/lib/system/libsystem_darwin.dylib
0x0000000000135000 	/usr/lib/system/libsystem_dnssd.dylib
0x0000000000135000 	/usr/lib/system/libsystem_featureflags.dylib
0x0000000000135000 	/usr/lib/system/libsystem_info.dylib
0x0000000000135000 	/usr/lib/system/libsystem_m.dylib
0x0000000000135000 	/usr/lib/system/libsystem_malloc.dylib
0x0000000000135000 	/usr/lib/system/libsystem_networkextension.dylib
0x0000000000135000 	/usr/lib/system/libsystem_notify.dylib
0x0000000000135000 	/usr/lib/system/libsystem_product_info_filter.dylib
0x0000000000135000 	/usr/lib/system/libsystem_sandbox.dylib
0x0000000000135000 	/usr/lib/system/libsystem_secinit.dylib
0x0000000000135000 	/usr/lib/system/libsystem_kernel.dylib
0x0000000000135000 	/usr/lib/system/libsystem_platform.dylib
0x0000000000135000 	/usr/lib/system/libsystem_pthread.dylib
0x0000000000135000 	/usr/lib/system/libsystem_symptoms.dylib
0x0000000000135000 	/usr/lib/system/libsystem_trace.dylib
0x0000000000135000 	/usr/lib/system/libunwind.dylib
0x0000000000135000 	/usr/lib/system/libxpc.dylib
0x0000000000135000 	/usr/lib/libc++abi.dylib
0x0000000000135000 	/usr/lib/liboah.dylib
0x0000000000135000 	/usr/lib/liblzma.5.dylib
0x0000000000135000 	/System/Library/Frameworks/SystemConfiguration.framework/Versions/A/SystemConfiguration
0x0000000000135000 	/usr/lib/libfakelink.dylib
0x0000000000135000 	/System/Library/Frameworks/CFNetwork.framework/Versions/A/CFNetwork
0x0000000000135000 	/usr/lib/libarchive.2.dylib
0x0000000000135000 	/usr/lib/libCRFSuite.dylib
0x0000000000135000 	/usr/lib/libbsm.0.dylib
0x0000000000135000 	/usr/lib/libnetwork.dylib
0x0000000000135000 	/usr/lib/libpcap.A.dylib
0x0000000000135000 	/usr/lib/libdns_services.dylib
0x0000000000135000 	/usr/lib/libcoretls_cfhelpers.dylib
0x0000000000135000 	/usr/lib/libapple_nghttp2.dylib
0x0000000000135000 	/usr/lib/system/libkxld.dylib
0x0000000000135000 	/usr/lib/libsqlite3.dylib
0x0000000000135000 	/System/Library/PrivateFrameworks/AppleFSCompression.framework/Versions/A/AppleFSCompression
0x0000000000135000 	/usr/lib/libcoretls.dylib
0x0000000000135000 	/usr/lib/libpam.2.dylib
0x0000000000135000 	/usr/lib/libxar.1.dylib
0x0000000000135000 	/System/Library/PrivateFrameworks/AppleSystemInfo.framework/Versions/A/AppleSystemInfo
0x0000000000135000 	/System/Library/PrivateFrameworks/IOMobileFramebuffer.framework/Versions/A/IOMobileFramebuffer
0x0000000000135000 	/usr/lib/libbz2.1.0.dylib
0x0000000000135000 	/usr/lib/libiconv.2.dylib
0x0000000000135000 	/usr/lib/libcharset.1.dylib
0x0000000000135000 	/System/Library/Frameworks/CoreServices.framework/Versions/A/Frameworks/FSEvents.framework/Versions/A/FSEvents
0x0000000000135000 	/System/Library/Frameworks/CoreServices.framework/Versions/A/Frameworks/CarbonCore.framework/Versions/A/CarbonCore
0x0000000000135000 	/System/Library/Frameworks/CoreServices.framework/Versions/A/Frameworks/Metadata.framework/Versions/A/Metadata
0x0000000000135000 	/System/Library/Frameworks/CoreServices.framework/Versions/A/Frameworks/OSServices.framework/Versions/A/OSServices
0x0000000000135000 	/System/Library/Frameworks/CoreServices.framework/Versions/A/Frameworks/SearchKit.framework/Versions/A/SearchKit
0x0000000000135000 	/System/Library/Frameworks/CoreServices.framework/Versions/A/Frameworks/AE.framework/Versions/A/AE
0x0000000000135000 	/System/Library/Frameworks/CoreServices.framework/Versions/A/Frameworks/LaunchServices.framework/Versions/A/LaunchServices
0x0000000000135000 	/System/Library/Frameworks/CoreServices.framework/Versions/A/Frameworks/DictionaryServices.framework/Versions/A/DictionaryServices
0x0000000000135000 	/System/Library/Frameworks/CoreServices.framework/Versions/A/Frameworks/SharedFileList.framework/Versions/A/SharedFileList
0x0000000000135000 	/usr/lib/libCheckFix.dylib
0x0000000000135000 	/System/Library/PrivateFrameworks/TCC.framework/Versions/A/TCC
0x0000000000135000 	/System/Library/PrivateFrameworks/CoreNLP.framework/Versions/A/CoreNLP
0x0000000000135000 	/System/Library/PrivateFrameworks/MetadataUtilities.framework/Versions/A/MetadataUtilities
0x0000000000135000 	/usr/lib/libmecabra.dylib
0x0000000000135000 	/System/Library/Frameworks/MLCompute.framework/Versions/A/MLCompute
0x0000000000135000 	/usr/lib/libmecab.dylib
0x0000000000135000 	/usr/lib/libgermantok.dylib
0x0000000000135000 	/usr/lib/libThaiTokenizer.dylib
0x0000000000135000 	/usr/lib/libChineseTokenizer.dylib
0x0000000000135000 	/System/Library/Frameworks/MetalPerformanceShaders.framework/Versions/A/MetalPerformanceShaders
0x0000000000135000 	/System/Library/Frameworks/Accelerate.framework/Versions/A/Frameworks/vImage.framework/Versions/A/vImage
0x0000000000135000 	/System/Library/Frameworks/Accelerate.framework/Versions/A/Frameworks/vecLib.framework/Versions/A/vecLib
0x0000000000135000 	/System/Library/Frameworks/Accelerate.framework/Versions/A/Frameworks/vecLib.framework/Versions/A/libvMisc.dylib
0x0000000000135000 	/System/Library/Frameworks/Accelerate.framework/Versions/A/Frameworks/vecLib.framework/Versions/A/libvDSP.dylib
0x0000000000135000 	/System/Library/Frameworks/Accelerate.framework/Versions/A/Frameworks/vecLib.framework/Versions/A/libBLAS.dylib
0x0000000000135000 	/System/Library/Frameworks/Accelerate.framework/Versions/A/Frameworks/vecLib.framework/Versions/A/libLAPACK.dylib
0x0000000000135000 	/System/Library/Frameworks/Accelerate.framework/Versions/A/Frameworks/vecLib.framework/Versions/A/libLinearAlgebra.dylib
0x0000000000135000 	/System/Library/Frameworks/Accelerate.framework/Versions/A/Frameworks/vecLib.framework/Versions/A/libSparseBLAS.dylib
0x0000000000135000 	/System/Library/Frameworks/Accelerate.framework/Versions/A/Frameworks/vecLib.framework/Versions/A/libQuadrature.dylib
0x0000000000135000 	/System/Library/Frameworks/Accelerate.framework/Versions/A/Frameworks/vecLib.framework/Versions/A/libBNNS.dylib
0x0000000000135000 	/System/Library/Frameworks/Accelerate.framework/Versions/A/Frameworks/vecLib.framework/Versions/A/libSparse.dylib
0x0000000000135000 	/System/Library/Frameworks/MetalPerformanceShaders.framework/Versions/A/Frameworks/MPSCore.framework/Versions/A/MPSCore
0x0000000000135000 	/System/Library/Frameworks/MetalPerformanceShaders.framework/Versions/A/Frameworks/MPSImage.framework/Versions/A/MPSImage
0x0000000000135000 	/System/Library/Frameworks/MetalPerformanceShaders.framework/Versions/A/Frameworks/MPSNeuralNetwork.framework/Versions/A/MPSNeuralNetwork
0x0000000000135000 	/System/Library/Frameworks/MetalPerformanceShaders.framework/Versions/A/Frameworks/MPSMatrix.framework/Versions/A/MPSMatrix
0x0000000000135000 	/System/Library/Frameworks/MetalPerformanceShaders.framework/Versions/A/Frameworks/MPSRayIntersector.framework/Versions/A/MPSRayIntersector
0x0000000000135000 	/System/Library/Frameworks/MetalPerformanceShaders.framework/Versions/A/Frameworks/MPSNDArray.framework/Versions/A/MPSNDArray
0x0000000000135000 	/System/Library/PrivateFrameworks/MetalTools.framework/Versions/A/MetalTools
0x0000000000135000 	/System/Library/PrivateFrameworks/AggregateDictionary.framework/Versions/A/AggregateDictionary
0x0000000000135000 	/System/Library/PrivateFrameworks/CoreAnalytics.framework/Versions/A/CoreAnalytics
0x0000000000135000 	/System/Library/PrivateFrameworks/AppleSauce.framework/Versions/A/AppleSauce
0x0000000000135000 	/System/Library/PrivateFrameworks/IOAccelerator.framework/Versions/A/IOAccelerator
0x0000000000135000 	/System/Library/Frameworks/OpenGL.framework/Versions/A/Libraries/libCoreFSCache.dylib
0x0000000000135000 	/System/Library/PrivateFrameworks/LanguageModeling.framework/Versions/A/LanguageModeling
0x0000000000135000 	/System/Library/PrivateFrameworks/CoreEmoji.framework/Versions/A/CoreEmoji
0x0000000000135000 	/System/Library/PrivateFrameworks/LinguisticData.framework/Versions/A/LinguisticData
0x0000000000135000 	/System/Library/PrivateFrameworks/Lexicon.framework/Versions/A/Lexicon
0x0000000000135000 	/usr/lib/libcmph.dylib
0x0000000000135000 	/System/Library/Frameworks/OpenDirectory.framework/Versions/A/Frameworks/CFOpenDirectory.framework/Versions/A/CFOpenDirectory
0x0000000000135000 	/System/Library/Frameworks/OpenDirectory.framework/Versions/A/OpenDirectory
0x0000000000135000 	/System/Library/PrivateFrameworks/APFS.framework/Versions/A/APFS
0x0000000000135000 	/System/Library/Frameworks/SecurityFoundation.framework/Versions/A/SecurityFoundation
0x0000000000135000 	/usr/lib/libutil.dylib
0x0000000000135000 	/System/Library/PrivateFrameworks/CoreServicesStore.framework/Versions/A/CoreServicesStore
0x0000000000135000 	/System/Library/Frameworks/ServiceManagement.framework/Versions/A/ServiceManagement
0x0000000000135000 	/usr/lib/libxslt.1.dylib
0x0000000000135000 	/System/Library/PrivateFrameworks/BackgroundTaskManagement.framework/Versions/A/BackgroundTaskManagement
0x0000000000135000 	/System/Library/Frameworks/ImageIO.framework/Versions/A/Resources/libRadiance.dylib
0x0000000000135000 	/System/Library/Frameworks/ImageIO.framework/Versions/A/Resources/libJPEG.dylib
0x0000000000135000 	/System/Library/Frameworks/ImageIO.framework/Versions/A/Resources/libPng.dylib
0x0000000000135000 	/System/Library/Frameworks/ImageIO.framework/Versions/A/Resources/libTIFF.dylib
0x0000000000135000 	/System/Library/Frameworks/ImageIO.framework/Versions/A/Resources/libGIF.dylib
0x0000000000135000 	/System/Library/Frameworks/ImageIO.framework/Versions/A/Resources/libJP2.dylib
0x0000000000135000 	/usr/lib/libexpat.1.dylib
0x0000000000135000 	/System/Library/PrivateFrameworks/AppleJPEG.framework/Versions/A/AppleJPEG
0x0000000000135000 	/System/Library/PrivateFrameworks/FontServices.framework/libFontParser.dylib
0x0000000000135000 	/System/Library/PrivateFrameworks/RunningBoardServices.framework/Versions/A/RunningBoardServices
0x0000000000135000 	/System/Library/PrivateFrameworks/WatchdogClient.framework/Versions/A/WatchdogClient
0x0000000000135000 	/System/Library/Frameworks/CoreDisplay.framework/Versions/A/CoreDisplay
0x0000000000135000 	/System/Library/Frameworks/CoreMedia.framework/Versions/A/CoreMedia
0x0000000000135000 	/System/Library/Frameworks/CoreVideo.framework/Versions/A/CoreVideo
0x0000000000135000 	/System/Library/Frameworks/VideoToolbox.framework/Versions/A/VideoToolbox
0x0000000000135000 	/System/Library/PrivateFrameworks/BaseBoard.framework/Versions/A/BaseBoard
0x0000000000135000 	/System/Library/PrivateFrameworks/PersistentConnection.framework/Versions/A/PersistentConnection
0x0000000000135000 	/System/Library/PrivateFrameworks/ProtocolBuffer.framework/Versions/A/ProtocolBuffer
0x0000000000135000 	/System/Library/PrivateFrameworks/CommonUtilities.framework/Versions/A/CommonUtilities
0x0000000000135000 	/System/Library/PrivateFrameworks/Bom.framework/Versions/A/Bom
0x0000000000135000 	/System/Library/PrivateFrameworks/GPUWrangler.framework/Versions/A/GPUWrangler
0x0000000000135000 	/System/Library/PrivateFrameworks/IOPresentment.framework/Versions/A/IOPresentment
0x0000000000135000 	/System/Library/PrivateFrameworks/DSExternalDisplay.framework/Versions/A/DSExternalDisplay
0x0000000000135000 	/System/Library/PrivateFrameworks/CMCaptureCore.framework/Versions/A/CMCaptureCore
0x0000000000135000 	/System/Library/PrivateFrameworks/AppServerSupport.framework/Versions/A/AppServerSupport
0x0000000000135000 	/System/Library/PrivateFrameworks/perfdata.framework/Versions/A/perfdata
0x0000000000135000 	/System/Library/PrivateFrameworks/AssertionServices.framework/Versions/A/AssertionServices
0x0000000000135000 	/System/Library/PrivateFrameworks/AudioToolboxCore.framework/Versions/A/AudioToolboxCore
0x0000000000135000 	/System/Library/PrivateFrameworks/caulk.framework/Versions/A/caulk
0x0000000000135000 	/System/Library/PrivateFrameworks/SystemPolicy.framework/Versions/A/SystemPolicy
0x0000000000135000 	/usr/lib/libIOReport.dylib
0x0000000000135000 	/usr/lib/libSMC.dylib
0x0000000000135000 	/usr/lib/libAudioToolboxUtility.dylib
0x0000000000135000 	/usr/lib/libmis.dylib
0x0000000000135000 	/System/Library/Frameworks/OpenGL.framework/Versions/A/Libraries/libGLU.dylib
0x0000000000135000 	/System/Library/Frameworks/OpenGL.framework/Versions/A/Libraries/libGFXShared.dylib
0x0000000000135000 	/System/Library/Frameworks/OpenGL.framework/Versions/A/Libraries/libGL.dylib
0x0000000000135000 	/System/Library/Frameworks/OpenGL.framework/Versions/A/Libraries/libGLImage.dylib
0x0000000000135000 	/System/Library/Frameworks/OpenGL.framework/Versions/A/Libraries/libCVMSPluginSupport.dylib
0x0000000000135000 	/System/Library/Frameworks/OpenGL.framework/Versions/A/Libraries/libCoreVMClient.dylib
0x0000000000135000 	/System/Library/Frameworks/OpenCL.framework/Versions/A/OpenCL
0x0000000000135000 	/System/Library/PrivateFrameworks/GraphVisualizer.framework/Versions/A/GraphVisualizer
0x0000000000135000 	/System/Library/PrivateFrameworks/FaceCore.framework/Versions/A/FaceCore
0x0000000000135000 	/System/Library/PrivateFrameworks/OTSVG.framework/Versions/A/OTSVG
0x0000000000135000 	/System/Library/Frameworks/ApplicationServices.framework/Versions/A/Frameworks/ATS.framework/Versions/A/Resources/libFontRegistry.dylib
0x0000000000135000 	/System/Library/PrivateFrameworks/FontServices.framework/libhvf.dylib
0x0000000000135000 	/System/Library/PrivateFrameworks/AppleVA.framework/Versions/A/AppleVA
0x0000000000135000 	/System/Library/Frameworks/ApplicationServices.framework/Versions/A/Frameworks/ATS.framework/Versions/A/ATS
0x0000000000135000 	/System/Library/Frameworks/ApplicationServices.framework/Versions/A/Frameworks/ColorSyncLegacy.framework/Versions/A/ColorSyncLegacy
0x0000000000135000 	/System/Library/Frameworks/ApplicationServices.framework/Versions/A/Frameworks/HIServices.framework/Versions/A/HIServices
0x0000000000135000 	/System/Library/Frameworks/ApplicationServices.framework/Versions/A/Frameworks/LangAnalysis.framework/Versions/A/LangAnalysis
0x0000000000135000 	/System/Library/Frameworks/ApplicationServices.framework/Versions/A/Frameworks/PrintCore.framework/Versions/A/PrintCore
0x0000000000135000 	/System/Library/Frameworks/ApplicationServices.framework/Versions/A/Frameworks/QD.framework/Versions/A/QD
0x0000000000135000 	/System/Library/Frameworks/ApplicationServices.framework/Versions/A/Frameworks/SpeechSynthesis.framework/Versions/A/SpeechSynthesis
0x0000000000135000 	/System/Library/Frameworks/ApplicationServices.framework/Versions/A/Frameworks/ATSUI.framework/Versions/A/ATSUI
0x0000000000135000 	/usr/lib/libcups.2.dylib
0x0000000000135000 	/System/Library/PrivateFrameworks/NetAuth.framework/Versions/A/NetAuth
0x0000000000135000 	/System/Library/Frameworks/Kerberos.framework/Versions/A/Kerberos
0x0000000000135000 	/System/Library/Frameworks/GSS.framework/Versions/A/GSS
0x0000000000135000 	/usr/lib/libresolv.9.dylib
0x0000000000135000 	/System/Library/PrivateFrameworks/Heimdal.framework/Versions/A/Heimdal
0x0000000000135000 	/System/Library/Frameworks/Kerberos.framework/Versions/A/Libraries/libHeimdalProxy.dylib
0x0000000000135000 	/System/Library/Frameworks/Network.framework/Versions/A/Network
0x0000000000135000 	/usr/lib/libheimdal-asn1.dylib
0x0000000000135000 	/System/Library/PrivateFrameworks/CommonAuth.framework/Versions/A/CommonAuth
0x0000000000135000 	/System/Library/PrivateFrameworks/login.framework/Versions/A/Frameworks/loginsupport.framework/Versions/A/loginsupport
0x0000000000135000 	/System/Library/PrivateFrameworks/AudioSession.framework/Versions/A/AudioSession
0x0000000000135000 	/usr/lib/libAudioStatistics.dylib
0x0000000000135000 	/System/Library/PrivateFrameworks/MediaExperience.framework/Versions/A/MediaExperience
0x0000000000135000 	/System/Library/PrivateFrameworks/AudioSession.framework/libSessionUtility.dylib
0x0000000000135000 	/usr/lib/libperfcheck.dylib
0x0000000000135000 	/System/Library/PrivateFrameworks/AudioResourceArbitration.framework/Versions/A/AudioResourceArbitration
0x0000000000135000 	/System/Library/PrivateFrameworks/IconFoundation.framework/Versions/A/IconFoundation
0x0000000000135000 	/System/Library/PrivateFrameworks/SpeechRecognitionCore.framework/Versions/A/SpeechRecognitionCore
0x0000000107000000 	/Library/Internet Plug-Ins/JavaAppletPlugin.plugin/Contents/Home/lib/server/libjvm.dylib
0x0000000000135000 	/usr/lib/libstdc++.6.dylib
0x00000001028b5000 	/Library/Internet Plug-Ins/JavaAppletPlugin.plugin/Contents/Home/lib/libverify.dylib
0x00000001028c3000 	/Library/Internet Plug-Ins/JavaAppletPlugin.plugin/Contents/Home/lib/libjava.dylib
0x0000000102942000 	/Library/Internet Plug-Ins/JavaAppletPlugin.plugin/Contents/Home/lib/libzip.dylib
0x0000000000135000 	/System/Library/Frameworks/JavaRuntimeSupport.framework/Versions/A/JavaRuntimeSupport
0x0000000000135000 	/System/Library/Frameworks/Carbon.framework/Versions/A/Carbon
0x0000000000135000 	/System/Library/PrivateFrameworks/CoreSymbolication.framework/Versions/A/CoreSymbolication
0x0000000000135000 	/System/Library/Frameworks/Carbon.framework/Versions/A/Frameworks/CommonPanels.framework/Versions/A/CommonPanels
0x0000000000135000 	/System/Library/Frameworks/Carbon.framework/Versions/A/Frameworks/Help.framework/Versions/A/Help
0x0000000000135000 	/System/Library/Frameworks/Carbon.framework/Versions/A/Frameworks/ImageCapture.framework/Versions/A/ImageCapture
0x0000000000135000 	/System/Library/Frameworks/Carbon.framework/Versions/A/Frameworks/OpenScripting.framework/Versions/A/OpenScripting
0x0000000000135000 	/System/Library/Frameworks/Carbon.framework/Versions/A/Frameworks/Ink.framework/Versions/A/Ink
0x0000000000135000 	/System/Library/Frameworks/Carbon.framework/Versions/A/Frameworks/Print.framework/Versions/A/Print
0x0000000000135000 	/System/Library/Frameworks/Carbon.framework/Versions/A/Frameworks/SecurityHI.framework/Versions/A/SecurityHI
0x0000000000135000 	/System/Library/PrivateFrameworks/DebugSymbols.framework/Versions/A/DebugSymbols
0x0000000102f5e000 	/Library/Internet Plug-Ins/JavaAppletPlugin.plugin/Contents/Home/lib/libosx.dylib
0x0000000102f6c000 	/Library/Internet Plug-Ins/JavaAppletPlugin.plugin/Contents/Home/lib/libosxapp.dylib
0x0000000000135000 	/System/Library/Frameworks/JavaNativeFoundation.framework/Versions/A/JavaNativeFoundation
0x0000000000135000 	/System/Library/Frameworks/ExceptionHandling.framework/Versions/A/ExceptionHandling
0x000000010bbe9000 	/Library/Internet Plug-Ins/JavaAppletPlugin.plugin/Contents/Home/lib/libawt.dylib
0x000000010bc91000 	/Library/Internet Plug-Ins/JavaAppletPlugin.plugin/Contents/Home/lib/libmlib_image.dylib
0x000000010bd5d000 	/Library/Internet Plug-Ins/JavaAppletPlugin.plugin/Contents/Home/lib/libawt_lwawt.dylib
0x0000000000135000 	/System/Library/PrivateFrameworks/CoreServicesInternal.framework/Versions/A/CoreServicesInternal
0x0000000000135000 	/System/Library/Frameworks/FileProvider.framework/Versions/A/FileProvider
0x0000000000135000 	/System/Library/Frameworks/Accounts.framework/Versions/A/Accounts
0x0000000000135000 	/System/Library/PrivateFrameworks/GenerationalStorage.framework/Versions/A/GenerationalStorage
0x0000000000135000 	/System/Library/PrivateFrameworks/SymptomDiagnosticReporter.framework/Versions/A/SymptomDiagnosticReporter
0x0000000000135000 	/System/Library/PrivateFrameworks/DesktopServicesPriv.framework/Versions/A/DesktopServicesPriv
0x0000000000135000 	/usr/lib/libsandbox.1.dylib
0x0000000000135000 	/System/Library/PrivateFrameworks/UserManagement.framework/Versions/A/UserManagement
0x0000000000135000 	/System/Library/PrivateFrameworks/MobileKeyBag.framework/Versions/A/MobileKeyBag
0x0000000000135000 	/System/Library/PrivateFrameworks/ChunkingLibrary.framework/Versions/A/ChunkingLibrary
0x0000000000135000 	/System/Library/PrivateFrameworks/Sharing.framework/Versions/A/Sharing
0x0000000000135000 	/System/Library/PrivateFrameworks/Apple80211.framework/Versions/A/Apple80211
0x0000000000135000 	/System/Library/PrivateFrameworks/AuthKit.framework/Versions/A/AuthKit
0x0000000000135000 	/System/Library/PrivateFrameworks/CoreUtils.framework/Versions/A/CoreUtils
0x0000000000135000 	/System/Library/Frameworks/CoreWLAN.framework/Versions/A/CoreWLAN
0x0000000000135000 	/System/Library/Frameworks/IOBluetooth.framework/Versions/A/IOBluetooth
0x0000000000135000 	/System/Library/PrivateFrameworks/CoreWiFi.framework/Versions/A/CoreWiFi
0x0000000000135000 	/System/Library/PrivateFrameworks/CorePhoneNumbers.framework/Versions/A/CorePhoneNumbers
0x0000000000135000 	/System/Library/PrivateFrameworks/DiskManagement.framework/Versions/A/DiskManagement
0x0000000000135000 	/System/Library/PrivateFrameworks/AppleIDAuthSupport.framework/Versions/A/AppleIDAuthSupport
0x0000000000135000 	/System/Library/PrivateFrameworks/KeychainCircle.framework/Versions/A/KeychainCircle
0x0000000000135000 	/System/Library/PrivateFrameworks/MediaKit.framework/Versions/A/MediaKit
0x0000000000135000 	/System/Library/Frameworks/DiscRecording.framework/Versions/A/DiscRecording
0x0000000000135000 	/usr/lib/libCoreStorage.dylib
0x0000000000135000 	/usr/lib/libcsfde.dylib
0x0000000000135000 	/System/Library/PrivateFrameworks/ProtectedCloudStorage.framework/Versions/A/ProtectedCloudStorage
0x0000000000135000 	/System/Library/PrivateFrameworks/EFILogin.framework/Versions/A/EFILogin
0x0000000000135000 	/System/Library/Frameworks/AudioUnit.framework/Versions/A/AudioUnit
0x0000000000135000 	/System/Library/Frameworks/CoreBluetooth.framework/Versions/A/CoreBluetooth
0x0000000000135000 	/usr/lib/libMatch.1.dylib
0x0000000000135000 	/System/Library/CoreServices/RawCamera.bundle/Contents/MacOS/RawCamera
0x0000000000135000 	/System/Library/PrivateFrameworks/MobileAsset.framework/Versions/A/MobileAsset
0x0000000000135000 	/System/Library/PrivateFrameworks/StreamingZip.framework/Versions/A/StreamingZip
0x0000000000135000 	/System/Library/Frameworks/MediaToolbox.framework/Versions/A/MediaToolbox
0x0000000000135000 	/System/Library/PrivateFrameworks/CoreAVCHD.framework/Versions/A/CoreAVCHD
0x0000000000135000 	/System/Library/Frameworks/MediaAccessibility.framework/Versions/A/MediaAccessibility
0x0000000000135000 	/System/Library/PrivateFrameworks/Mangrove.framework/Versions/A/Mangrove
0x0000000000135000 	/System/Library/PrivateFrameworks/AlgosScoreFramework.framework/Versions/A/AlgosScoreFramework
0x0000000000135000 	/System/Library/PrivateFrameworks/AppleVPA.framework/Versions/A/AppleVPA
0x0000000000135000 	/System/Library/PrivateFrameworks/CoreAUC.framework/Versions/A/CoreAUC
0x0000000000135000 	/System/Library/Frameworks/Accelerate.framework/Versions/A/Frameworks/vImage.framework/Versions/A/Libraries/libCGInterfaces.dylib
0x000000010da0a000 	/usr/lib/libobjc-trampolines.dylib
0x0000000000135000 	/System/Library/PrivateFrameworks/FamilyControls.framework/Versions/A/FamilyControls
0x0000000000135000 	/System/Library/PrivateFrameworks/CommerceKit.framework/Versions/A/Frameworks/CommerceCore.framework/Versions/A/CommerceCore
0x0000000000135000 	/System/Library/PrivateFrameworks/SystemAdministration.framework/Versions/A/SystemAdministration
0x0000000000135000 	/System/Library/PrivateFrameworks/AppContainer.framework/Versions/A/AppContainer
0x0000000000135000 	/System/Library/PrivateFrameworks/SecCodeWrapper.framework/Versions/A/SecCodeWrapper
0x0000000000135000 	/System/Library/PrivateFrameworks/CrashReporterSupport.framework/Versions/A/CrashReporterSupport
0x0000000000135000 	/System/Library/PrivateFrameworks/OSAnalytics.framework/Versions/A/OSAnalytics
0x0000000000135000 	/usr/lib/libRosetta.dylib
0x0000000000135000 	/System/Library/PrivateFrameworks/RemoteServiceDiscovery.framework/Versions/A/RemoteServiceDiscovery
0x0000000000135000 	/System/Library/PrivateFrameworks/Symbolication.framework/Versions/A/Symbolication
0x0000000000135000 	/System/Library/PrivateFrameworks/MallocStackLogging.framework/Versions/A/MallocStackLogging
0x0000000000135000 	/System/Library/PrivateFrameworks/login.framework/Versions/A/login
0x0000000000135000 	/System/Library/Frameworks/DirectoryService.framework/Versions/A/DirectoryService
0x0000000000135000 	/System/Library/PrivateFrameworks/DiskImages.framework/Versions/A/DiskImages
0x0000000000135000 	/System/Library/PrivateFrameworks/LoginUIKit.framework/Versions/A/Frameworks/LoginUICore.framework/Versions/A/LoginUICore
0x0000000000135000 	/usr/lib/libodfde.dylib
0x0000000000135000 	/usr/lib/libcurl.4.dylib
0x0000000000135000 	/usr/lib/libcrypto.44.dylib
0x0000000000135000 	/usr/lib/libssl.46.dylib
0x0000000000135000 	/System/Library/Frameworks/LDAP.framework/Versions/A/LDAP
0x0000000000135000 	/System/Library/PrivateFrameworks/TrustEvaluationAgent.framework/Versions/A/TrustEvaluationAgent
0x0000000000135000 	/usr/lib/libsasl2.2.dylib
0x0000000000135000 	/System/Library/PrivateFrameworks/CoreDaemon.framework/Versions/B/CoreDaemon
0x0000000000135000 	/System/Library/PrivateFrameworks/AppleSRP.framework/Versions/A/AppleSRP
0x0000000000135000 	/System/Library/PrivateFrameworks/ViewBridge.framework/Versions/A/ViewBridge
0x0000000126208000 	/Library/Internet Plug-Ins/JavaAppletPlugin.plugin/Contents/Home/lib/libfontmanager.dylib
0x000000010dfff000 	/Library/Internet Plug-Ins/JavaAppletPlugin.plugin/Contents/Home/lib/libosxui.dylib
0x0000000000135000 	/System/Library/Frameworks/OpenGL.framework/Versions/A/Resources/GLEngine.bundle/GLEngine
0x0000000000135000 	/System/Library/Frameworks/OpenGL.framework/Versions/A/Libraries/libGLProgrammability.dylib
0x0000000000135000 	/System/Library/Extensions/AppleIntelHD5000GraphicsGLDriver.bundle/Contents/MacOS/AppleIntelHD5000GraphicsGLDriver
0x0000000000135000 	/System/Library/PrivateFrameworks/GPUSupport.framework/Versions/A/Libraries/libGPUSupportMercury.dylib
0x0000000126396000 	/System/Library/Extensions/AMDRadeonX4000GLDriver.bundle/Contents/MacOS/AMDRadeonX4000GLDriver
0x0000000000135000 	/System/Library/Extensions/AMDRadeonX4000GLDriver.bundle/Contents/MacOS/ATIRadeonX4000SCLib.dylib
0x0000000000135000 	/System/Library/Extensions/AMDShared.bundle/Contents/PlugIns/libSC.dylib
0x0000000000135000 	/System/Library/Frameworks/OpenGL.framework/Versions/A/Resources/GLRendererFloat.bundle/GLRendererFloat
0x000000012675e000 	/Library/Internet Plug-Ins/JavaAppletPlugin.plugin/Contents/Home/lib/libdcpr.dylib
0x0000000126844000 	/Library/Internet Plug-Ins/JavaAppletPlugin.plugin/Contents/Home/lib/libnet.dylib
0x000000012685b000 	/Library/Internet Plug-Ins/JavaAppletPlugin.plugin/Contents/Home/lib/libnio.dylib
0x0000000000135000 	/System/Library/Extensions/AppleIntelHD5000GraphicsMTLDriver.bundle/Contents/MacOS/AppleIntelHD5000GraphicsMTLDriver
0x0000000000135000 	/System/Library/PrivateFrameworks/GPURawCounter.framework/Versions/A/GPURawCounter
0x0000000000135000 	/System/Library/Extensions/AMDMTLBronzeDriver.bundle/Contents/MacOS/AMDMTLBronzeDriver
0x0000000000135000 	/System/Library/PrivateFrameworks/IOAccelMemoryInfo.framework/Versions/A/IOAccelMemoryInfo
0x0000000000135000 	/System/Library/PrivateFrameworks/GPUCompiler.framework/Versions/31001/Libraries/libmetal_timestamp.dylib
0x0000000125ecc000 	/Library/Internet Plug-Ins/JavaAppletPlugin.plugin/Contents/Home/lib/libt2k.dylib
0x0000000000135000 	/System/Library/PrivateFrameworks/Shortcut.framework/Versions/A/Shortcut
0x0000000000135000 	/System/Library/PrivateFrameworks/HelpData.framework/Versions/A/HelpData
0x0000000000135000 	/System/Library/PrivateFrameworks/AccessibilitySharedSupport.framework/Versions/A/AccessibilitySharedSupport
0x0000000000135000 	/usr/lib/libAccessibility.dylib
0x0000000000135000 	/System/Library/PrivateFrameworks/TextInput.framework/Versions/A/TextInput
0x0000000000135000 	/System/Library/PrivateFrameworks/AXCoreUtilities.framework/Versions/A/AXCoreUtilities
0x0000000000135000 	/System/Library/PrivateFrameworks/ApplePushService.framework/Versions/A/ApplePushService
0x0000000000135000 	/System/Library/Frameworks/CloudKit.framework/Versions/A/CloudKit
0x0000000000135000 	/System/Library/PrivateFrameworks/IDS.framework/Versions/A/IDS
0x0000000000135000 	/System/Library/PrivateFrameworks/ConstantClasses.framework/Versions/A/ConstantClasses
0x0000000000135000 	/System/Library/PrivateFrameworks/C2.framework/Versions/A/C2
0x0000000000135000 	/System/Library/Frameworks/CoreLocation.framework/Versions/A/CoreLocation
0x0000000000135000 	/System/Library/Frameworks/PushKit.framework/Versions/A/PushKit
0x0000000000135000 	/System/Library/PrivateFrameworks/CoreTime.framework/Versions/A/CoreTime
0x0000000000135000 	/System/Library/PrivateFrameworks/GeoServices.framework/Versions/A/GeoServices
0x0000000000135000 	/System/Library/PrivateFrameworks/LocationSupport.framework/Versions/A/LocationSupport
0x0000000000135000 	/System/Library/PrivateFrameworks/IMFoundation.framework/Versions/A/IMFoundation
0x0000000000135000 	/System/Library/PrivateFrameworks/Marco.framework/Versions/A/Marco
0x0000000000135000 	/System/Library/PrivateFrameworks/IDSFoundation.framework/Versions/A/IDSFoundation
0x0000000000135000 	/System/Library/PrivateFrameworks/Engram.framework/Versions/A/Engram
0x0000000000135000 	/usr/lib/libtidy.A.dylib
0x000000016fe07000 	/System/Library/Frameworks/FileProvider.framework/OverrideBundles/CloudDocsFileProvider.bundle/Contents/MacOS/CloudDocsFileProvider
0x0000000000135000 	/System/Library/PrivateFrameworks/CloudDocs.framework/Versions/A/CloudDocs
0x0000000000135000 	/System/Library/PrivateFrameworks/SpotlightIndex.framework/Versions/A/SpotlightIndex
0x0000000000135000 	/System/Library/PrivateFrameworks/PowerLog.framework/Versions/A/PowerLog
0x0000000000135000 	/System/Library/PrivateFrameworks/SpotlightLinguistics.framework/Versions/A/SpotlightLinguistics
0x000000016fe70000 	/System/Library/Frameworks/FileProvider.framework/OverrideBundles/FileProviderOverride.bundle/Contents/MacOS/FileProviderOverride
0x000000017072e000 	/System/Library/Frameworks/FileProvider.framework/OverrideBundles/FinderSyncCollaborationFileProviderOverride.bundle/Contents/MacOS/FinderSyncCollaborationFileProviderOverride
0x0000000000135000 	/System/Library/PrivateFrameworks/FinderSyncPriv.framework/Versions/A/FinderSyncPriv

VM Arguments:
java_command: /Users/urbanlarsson/Desktop/projects/Forskning/ANRU/cgsuite-0.7/cgsuite.jar
java_class_path (initial): /Users/urbanlarsson/Desktop/projects/Forskning/ANRU/cgsuite-0.7/cgsuite.jar
Launcher Type: SUN_STANDARD

Environment Variables:
PATH=/usr/bin:/bin:/usr/sbin:/sbin
SHELL=/bin/bash
DISPLAY=/private/tmp/com.apple.launchd.cddBFYbZoc/org.macosforge.xquartz:0

Signal Handlers:
SIGSEGV: [libjvm.dylib+0x5b1141], sa_mask[0]=11111111011111110111111111111111, sa_flags=SA_ONSTACK|SA_RESTART|SA_SIGINFO
SIGBUS: [libjvm.dylib+0x5b1141], sa_mask[0]=11111111011111110111111111111111, sa_flags=SA_RESTART|SA_SIGINFO
SIGFPE: [libjvm.dylib+0x487bc4], sa_mask[0]=11111111011111110111111111111111, sa_flags=SA_RESTART|SA_SIGINFO
SIGPIPE: [libjvm.dylib+0x487bc4], sa_mask[0]=11111111011111110111111111111111, sa_flags=SA_RESTART|SA_SIGINFO
SIGXFSZ: [libjvm.dylib+0x487bc4], sa_mask[0]=11111111011111110111111111111111, sa_flags=SA_RESTART|SA_SIGINFO
SIGILL: [libjvm.dylib+0x487bc4], sa_mask[0]=11111111011111110111111111111111, sa_flags=SA_RESTART|SA_SIGINFO
SIGUSR1: SIG_DFL, sa_mask[0]=00000000000000000000000000000000, sa_flags=none
SIGUSR2: [libjvm.dylib+0x4876e2], sa_mask[0]=00000000000000000000000000000000, sa_flags=SA_RESTART|SA_SIGINFO
SIGHUP: [libjvm.dylib+0x485cb9], sa_mask[0]=11111111011111110111111111111111, sa_flags=SA_RESTART|SA_SIGINFO
SIGINT: [libjvm.dylib+0x485cb9], sa_mask[0]=11111111011111110111111111111111, sa_flags=SA_RESTART|SA_SIGINFO
SIGTERM: [libjvm.dylib+0x485cb9], sa_mask[0]=11111111011111110111111111111111, sa_flags=SA_RESTART|SA_SIGINFO
SIGQUIT: [libjvm.dylib+0x485cb9], sa_mask[0]=11111111011111110111111111111111, sa_flags=SA_RESTART|SA_SIGINFO


---------------  S Y S T E M  ---------------

OS:Bsduname:Darwin 20.6.0 Darwin Kernel Version 20.6.0: Wed Jun 23 00:26:31 PDT 2021; root:xnu-7195.141.2~5/RELEASE_X86_64 x86_64
rlimit: STACK 8192k, CORE 0k, NPROC 2784, NOFILE 10240, AS infinity
load average:54.55 14.88 6.84

CPU:total 8 (4 cores per cpu, 2 threads per core) family 6 model 70 stepping 1, cmov, cx8, fxsr, mmx, sse, sse2, sse3, ssse3, sse4.1, sse4.2, popcnt, avx, avx2, aes, clmul, erms, lzcnt, ht, tsc, tscinvbit, bmi1, bmi2

Memory: 4k page, physical 16777216k(248072k free)

/proc/meminfo:


vm_info: Java HotSpot(TM) 64-Bit Server VM (25.121-b13) for bsd-amd64 JRE (1.8.0_121-b13), built on Dec 12 2016 20:39:32 by "java_re" with gcc 4.2.1 (Based on Apple Inc. build 5658) (LLVM build 2336.11.00)

time: Tue Mar 15 13:26:44 2022
elapsed time: 827626 seconds (9d 13h 53m 46s)

