#
# A fatal error has been detected by the Java Runtime Environment:
#
#  SIGSEGV (0xb) at pc=0x000000011693e2d7, pid=917, tid=0x000000000001400f
#
# JRE version: Java(TM) SE Runtime Environment (8.0_121-b13) (build 1.8.0_121-b13)
# Java VM: Java HotSpot(TM) 64-Bit Server VM (25.121-b13 mixed mode bsd-amd64 compressed oops)
# Problematic frame:
# C  [libawt_lwawt.dylib+0x1c2d7]  OGLSD_SetScratchSurface+0x49
#
# Failed to write core dump. Core dumps have been disabled. To enable core dumping, try "ulimit -c unlimited" before starting Java again
#
# If you would like to submit a bug report, please visit:
#   http://bugreport.java.com/bugreport/crash.jsp
# The crash happened outside the Java Virtual Machine in native code.
# See problematic frame for where to report the bug.
#

---------------  T H R E A D  ---------------

Current thread (0x00007fb40c16f800):  JavaThread "Java2D Queue Flusher" daemon [_thread_in_native, id=81935, stack(0x000070000d900000,0x000070000da00000)]

siginfo: si_signo: 11 (SIGSEGV), si_code: 1 (SEGV_MAPERR), si_addr: 0x0000000000000002

Registers:
RAX=0x00000000ffffffff, RBX=0x0000000000000002, RCX=0x0000000000000047, RDX=0x000000011695f370
RSP=0x000070000d9ff8d0, RBP=0x000070000d9ff8f0, RSI=0x00007fb41338ca20, RDI=0x00007fb40c16f9f8
R8 =0x0000000000000020, R9 =0x0000000000000000, R10=0x0000000118e19438, R11=0x00000000d8002819
R12=0x0000000000000000, R13=0x00000006c0039ba8, R14=0x00007fb40c16f9f8, R15=0x00007fb40c16f800
RIP=0x000000011693e2d7, EFLAGS=0x0000000000010202, ERR=0x0000000000000004
  TRAPNO=0x000000000000000e

Top of Stack: (sp=0x000070000d9ff8d0)
0x000070000d9ff8d0:   00007fb41338ca20 0000000000000000
0x000070000d9ff8e0:   00007fb40c167610 00007fb40c16f800
0x000070000d9ff8f0:   000070000d9ff970 000000011695ee4e
0x000070000d9ff900:   0000000000000064 00007fb40b683808
0x000070000d9ff910:   000070000d9ff970 0000000111b4f494
0x000070000d9ff920:   0000000000000005 00007fb40c16f800
0x000070000d9ff930:   00000006c0039b01 00007fb40c167620
0x000070000d9ff940:   00007000009ff900 00007fb40c16f9f8
0x000070000d9ff950:   0000000000000000 0000000000000000
0x000070000d9ff960:   000070000d9ff9c8 00007fb40c16f800
0x000070000d9ff970:   000070000d9ff9c0 0000000118e194aa
0x000070000d9ff980:   00000006c00140b0 0000000000000000
0x000070000d9ff990:   000070000d9ff9d0 00000000d8002816
0x000070000d9ff9a0:   0000000118cdaf54 0000000000000001
0x000070000d9ff9b0:   0000000000000000 0000000000000019
0x000070000d9ff9c0:   00000000d8002816 0000000118cdae24
0x000070000d9ff9d0:   00000006c00140b0 00000006c0039ba8
0x000070000d9ff9e0:   0000000000000000 0000000000000000
0x000070000d9ff9f0:   00000006c0039ba8 000070000d9ffa90
0x000070000d9ffa00:   0000000000000001 0000000000000000
0x000070000d9ffa10:   000070000d9ffa90 00000001187737a7
0x000070000d9ffa20:   00000006c0039ba8 00000006c0039ba8
0x000070000d9ffa30:   0000700000001fa0 000000000000000a
0x000070000d9ffa40:   00007fb40c16f800 0000000000000001
0x000070000d9ffa50:   000000011877371f 00000001146cec78
0x000070000d9ffa60:   000070000d9ffb28 000070000d9ffdc0
0x000070000d9ffa70:   000000010000000a 00000001146cec78
0x000070000d9ffa80:   0000000118786120 000070000d9ffd30
0x000070000d9ffa90:   000070000d9ffc40 0000000111aed9d6
0x000070000d9ffaa0:   0000700000000001 00007fb40c16f800
0x000070000d9ffab0:   00007fb40c16f800 000070000d9ffdc0
0x000070000d9ffac0:   00007fb40b683800 0000000118786120 

Instructions: (pc=0x000000011693e2d7)
0x000000011693e2b7:   c0 e9 82 00 00 00 48 8b 5e 10 48 85 db 75 0e bf
0x000000011693e2c7:   01 00 00 00 48 8d 15 0a 7e 03 00 eb d6 49 89 fe
0x000000011693e2d7:   4c 8b 3b 30 c0 e8 d9 a8 02 00 49 8b 3f 49 89 c4
0x000000011693e2e7:   48 8b 35 d2 03 06 00 30 c0 e8 e5 a9 02 00 48 85 

Register to memory mapping:

RAX=0x00000000ffffffff is an unknown value
RBX=0x0000000000000002 is an unknown value
RCX=0x0000000000000047 is an unknown value
RDX=0x000000011695f370: Java_sun_java2d_opengl_OGLRenderQueue_flushBuffer+0xb5c in /Library/Internet Plug-Ins/JavaAppletPlugin.plugin/Contents/Home/lib/libawt_lwawt.dylib at 0x0000000116922000
RSP=0x000070000d9ff8d0 is pointing into the stack for thread: 0x00007fb40c16f800
RBP=0x000070000d9ff8f0 is pointing into the stack for thread: 0x00007fb40c16f800
RSI=0x00007fb41338ca20 is an unknown value
RDI=0x00007fb40c16f9f8 is an unknown value
R8 =0x0000000000000020 is an unknown value
R9 =0x0000000000000000 is an unknown value
R10=0x0000000118e19438 is at entry_point+56 in (nmethod*)0x0000000118e19290
R11=0x00000000d8002819 is an unknown value
R12=0x0000000000000000 is an unknown value
R13=0x00000006c0039ba8 is an oop
sun.java2d.opengl.OGLRenderQueue$QueueFlusher 
 - klass: 'sun/java2d/opengl/OGLRenderQueue$QueueFlusher'
R14=0x00007fb40c16f9f8 is an unknown value
R15=0x00007fb40c16f800 is a thread


Stack: [0x000070000d900000,0x000070000da00000],  sp=0x000070000d9ff8d0,  free space=1022k
Native frames: (J=compiled Java code, j=interpreted, Vv=VM code, C=native code)
C  [libawt_lwawt.dylib+0x1c2d7]  OGLSD_SetScratchSurface+0x49
C  [libawt_lwawt.dylib+0x3ce4e]  Java_sun_java2d_opengl_OGLRenderQueue_flushBuffer+0x63a
J 1966  sun.java2d.opengl.OGLRenderQueue.flushBuffer(JI)V (0 bytes) @ 0x0000000118e194aa [0x0000000118e19400+0xaa]
J 3679% C2 sun.java2d.opengl.OGLRenderQueue$QueueFlusher.run()V (234 bytes) @ 0x0000000118cdae24 [0x0000000118cdab20+0x304]
v  ~StubRoutines::call_stub
V  [libjvm.dylib+0x2ed9d6]
V  [libjvm.dylib+0x2ee164]
V  [libjvm.dylib+0x2ee310]
V  [libjvm.dylib+0x348a5d]
V  [libjvm.dylib+0x56ab0f]
V  [libjvm.dylib+0x56c1fc]
V  [libjvm.dylib+0x48a5b2]
C  [libsystem_pthread.dylib+0x68fc]  _pthread_start+0xe0
C  [libsystem_pthread.dylib+0x2443]  thread_start+0xf
C  0x0000000000000000

Java frames: (J=compiled Java code, j=interpreted, Vv=VM code)
J 1966  sun.java2d.opengl.OGLRenderQueue.flushBuffer(JI)V (0 bytes) @ 0x0000000118e19438 [0x0000000118e19400+0x38]
J 3679% C2 sun.java2d.opengl.OGLRenderQueue$QueueFlusher.run()V (234 bytes) @ 0x0000000118cdae24 [0x0000000118cdab20+0x304]
v  ~StubRoutines::call_stub

---------------  P R O C E S S  ---------------

Java Threads: ( => current thread )
  0x00007fb40c1e6000 JavaThread "DestroyJavaVM" [_thread_blocked, id=4355, stack(0x000070000bfa9000,0x000070000c0a9000)]
  0x00007fb40c1df800 JavaThread "Thread-5" [_thread_blocked, id=58883, stack(0x000070000df12000,0x000070000e012000)]
  0x00007fb40ca17000 JavaThread "Thread-4" [_thread_blocked, id=58631, stack(0x000070000de0f000,0x000070000df0f000)]
  0x00007fb40f8cc800 JavaThread "TimerQueue" daemon [_thread_blocked, id=58119, stack(0x000070000dd0c000,0x000070000de0c000)]
  0x00007fb40c1f8000 JavaThread "AWT-EventQueue-0" [_thread_in_native, id=73287, stack(0x000070000dc09000,0x000070000dd09000)]
  0x00007fb40c19f000 JavaThread "Java2D Disposer" daemon [_thread_blocked, id=49679, stack(0x000070000da03000,0x000070000db03000)]
=>0x00007fb40c16f800 JavaThread "Java2D Queue Flusher" daemon [_thread_in_native, id=81935, stack(0x000070000d900000,0x000070000da00000)]
  0x00007fb40c91a800 JavaThread "AWT-Shutdown" [_thread_blocked, id=27163, stack(0x000070000d4eb000,0x000070000d5eb000)]
  0x00007fb40b98f000 JavaThread "AppKit Thread" daemon [_thread_in_native, id=259, stack(0x00007ffee1f48000,0x00007ffee2748000)]
  0x00007fb40c06b800 JavaThread "Timer-0" daemon [_thread_blocked, id=21763, stack(0x000070000d3e8000,0x000070000d4e8000)]
  0x00007fb40c03b800 JavaThread "Service Thread" daemon [_thread_blocked, id=16131, stack(0x000070000d1e2000,0x000070000d2e2000)]
  0x00007fb40c029000 JavaThread "C1 CompilerThread3" daemon [_thread_blocked, id=15107, stack(0x000070000d0df000,0x000070000d1df000)]
  0x00007fb40f80a800 JavaThread "C2 CompilerThread2" daemon [_thread_in_native, id=16899, stack(0x000070000cfdc000,0x000070000d0dc000)]
  0x00007fb40c027800 JavaThread "C2 CompilerThread1" daemon [_thread_blocked, id=17155, stack(0x000070000ced9000,0x000070000cfd9000)]
  0x00007fb40c84d000 JavaThread "C2 CompilerThread0" daemon [_thread_blocked, id=14339, stack(0x000070000cdd6000,0x000070000ced6000)]
  0x00007fb40c84f800 JavaThread "Signal Dispatcher" daemon [_thread_blocked, id=13827, stack(0x000070000ccd3000,0x000070000cdd3000)]
  0x00007fb40c022000 JavaThread "Finalizer" daemon [_thread_blocked, id=12035, stack(0x000070000caca000,0x000070000cbca000)]
  0x00007fb40c019000 JavaThread "Reference Handler" daemon [_thread_blocked, id=19715, stack(0x000070000c9c7000,0x000070000cac7000)]

Other Threads:
  0x00007fb40c847800 VMThread [stack: 0x000070000c8c4000,0x000070000c9c4000] [id=20227]
  0x00007fb40c04d000 WatcherThread [stack: 0x000070000d2e5000,0x000070000d3e5000] [id=15875]

VM state:not at safepoint (normal execution)

VM Mutex/Monitor currently owned by a thread: None

Heap:
 PSYoungGen      total 76288K, used 18076K [0x000000076ab00000, 0x0000000770000000, 0x00000007c0000000)
  eden space 65536K, 11% used [0x000000076ab00000,0x000000076b227da0,0x000000076eb00000)
  from space 10752K, 99% used [0x000000076f580000,0x000000076ffff3c8,0x0000000770000000)
  to   space 10752K, 0% used [0x000000076eb00000,0x000000076eb00000,0x000000076f580000)
 ParOldGen       total 175104K, used 38702K [0x00000006c0000000, 0x00000006cab00000, 0x000000076ab00000)
  object space 175104K, 22% used [0x00000006c0000000,0x00000006c25cbbd0,0x00000006cab00000)
 Metaspace       used 19046K, capacity 19300K, committed 19840K, reserved 1067008K
  class space    used 2282K, capacity 2348K, committed 2432K, reserved 1048576K

Card table byte_map: [0x0000000112b62000,0x0000000113363000] byte_map_base: 0x000000010f562000

Marking Bits: (ParMarkBitMap*) 0x00000001120f0d30
 Begin Bits: [0x0000000127773000, 0x000000012b773000)
 End Bits:   [0x000000012b773000, 0x000000012f773000)

Polling page: 0x000000010d52e000

CodeCache: size=245760Kb used=11594Kb max_used=11594Kb free=234166Kb
 bounds [0x0000000118773000, 0x00000001192e3000, 0x0000000127773000]
 total_blobs=3818 nmethods=3231 adapters=499
 compilation: enabled

Compilation events (10 events):
Event: 181792.232 Thread 0x00007fb40c029000 3742       3       sun.font.FontDesignMetrics::getHeight (35 bytes)
Event: 181792.232 Thread 0x00007fb40c029000 nmethod 3742 0x00000001192c8890 code [0x00000001192c8a00, 0x00000001192c8cf0]
Event: 181792.232 Thread 0x00007fb40f80a800 3743   !   4       sun.font.FontDesignMetrics::getMetrics (265 bytes)
Event: 181792.233 Thread 0x00007fb40c027800 nmethod 3741 0x0000000118ca7190 code [0x0000000118ca72e0, 0x0000000118ca7378]
Event: 181792.234 Thread 0x00007fb40c84d000 3744   !   4       javax.swing.text.WrappedPlainView::drawLine (179 bytes)
Event: 181792.261 Thread 0x00007fb40c84d000 nmethod 3744 0x00000001192cfa90 code [0x00000001192cfce0, 0x00000001192d0c68]
Event: 181792.263 Thread 0x00007fb40c029000 3745       3       sun.java2d.pipe.BufferedPaints::resetPaint (18 bytes)
Event: 181792.264 Thread 0x00007fb40c029000 nmethod 3745 0x0000000118ead550 code [0x0000000118ead6e0, 0x0000000118eadca8]
Event: 181792.265 Thread 0x00007fb40c029000 3746       3       sun.java2d.pipe.BufferedContext::validate (575 bytes)
Event: 181792.269 Thread 0x00007fb40c029000 nmethod 3746 0x00000001192d2250 code [0x00000001192d2740, 0x00000001192d6ac8]

GC Heap History (10 events):
Event: 66.712 GC heap before
{Heap before GC invocations=4 (full 2):
 PSYoungGen      total 76288K, used 10751K [0x000000076ab00000, 0x0000000770000000, 0x00000007c0000000)
  eden space 65536K, 0% used [0x000000076ab00000,0x000000076ab00000,0x000000076eb00000)
  from space 10752K, 99% used [0x000000076f580000,0x000000076ffffc48,0x0000000770000000)
  to   space 10752K, 0% used [0x000000076eb00000,0x000000076eb00000,0x000000076f580000)
 ParOldGen       total 175104K, used 13557K [0x00000006c0000000, 0x00000006cab00000, 0x000000076ab00000)
  object space 175104K, 7% used [0x00000006c0000000,0x00000006c0d3d700,0x00000006cab00000)
 Metaspace       used 17858K, capacity 18120K, committed 18560K, reserved 1064960K
  class space    used 2250K, capacity 2342K, committed 2432K, reserved 1048576K
Event: 66.748 GC heap after
Heap after GC invocations=4 (full 2):
 PSYoungGen      total 76288K, used 0K [0x000000076ab00000, 0x0000000770000000, 0x00000007c0000000)
  eden space 65536K, 0% used [0x000000076ab00000,0x000000076ab00000,0x000000076eb00000)
  from space 10752K, 0% used [0x000000076f580000,0x000000076f580000,0x0000000770000000)
  to   space 10752K, 0% used [0x000000076eb00000,0x000000076eb00000,0x000000076f580000)
 ParOldGen       total 175104K, used 13451K [0x00000006c0000000, 0x00000006cab00000, 0x000000076ab00000)
  object space 175104K, 7% used [0x00000006c0000000,0x00000006c0d22fc0,0x00000006cab00000)
 Metaspace       used 17858K, capacity 18120K, committed 18560K, reserved 1064960K
  class space    used 2250K, capacity 2342K, committed 2432K, reserved 1048576K
}
Event: 2537.806 GC heap before
{Heap before GC invocations=5 (full 2):
 PSYoungGen      total 76288K, used 65536K [0x000000076ab00000, 0x0000000770000000, 0x00000007c0000000)
  eden space 65536K, 100% used [0x000000076ab00000,0x000000076eb00000,0x000000076eb00000)
  from space 10752K, 0% used [0x000000076f580000,0x000000076f580000,0x0000000770000000)
  to   space 10752K, 0% used [0x000000076eb00000,0x000000076eb00000,0x000000076f580000)
 ParOldGen       total 175104K, used 13451K [0x00000006c0000000, 0x00000006cab00000, 0x000000076ab00000)
  object space 175104K, 7% used [0x00000006c0000000,0x00000006c0d22fc0,0x00000006cab00000)
 Metaspace       used 18750K, capacity 19044K, committed 19584K, reserved 1067008K
  class space    used 2277K, capacity 2348K, committed 2432K, reserved 1048576K
Event: 2537.814 GC heap after
Heap after GC invocations=5 (full 2):
 PSYoungGen      total 76288K, used 7394K [0x000000076ab00000, 0x0000000770000000, 0x00000007c0000000)
  eden space 65536K, 0% used [0x000000076ab00000,0x000000076ab00000,0x000000076eb00000)
  from space 10752K, 68% used [0x000000076eb00000,0x000000076f2389f8,0x000000076f580000)
  to   space 10752K, 0% used [0x000000076f580000,0x000000076f580000,0x0000000770000000)
 ParOldGen       total 175104K, used 31929K [0x00000006c0000000, 0x00000006cab00000, 0x000000076ab00000)
  object space 175104K, 18% used [0x00000006c0000000,0x00000006c1f2e530,0x00000006cab00000)
 Metaspace       used 18750K, capacity 19044K, committed 19584K, reserved 1067008K
  class space    used 2277K, capacity 2348K, committed 2432K, reserved 1048576K
}
Event: 4856.865 GC heap before
{Heap before GC invocations=6 (full 2):
 PSYoungGen      total 76288K, used 72930K [0x000000076ab00000, 0x0000000770000000, 0x00000007c0000000)
  eden space 65536K, 100% used [0x000000076ab00000,0x000000076eb00000,0x000000076eb00000)
  from space 10752K, 68% used [0x000000076eb00000,0x000000076f2389f8,0x000000076f580000)
  to   space 10752K, 0% used [0x000000076f580000,0x000000076f580000,0x0000000770000000)
 ParOldGen       total 175104K, used 31929K [0x00000006c0000000, 0x00000006cab00000, 0x000000076ab00000)
  object space 175104K, 18% used [0x00000006c0000000,0x00000006c1f2e530,0x00000006cab00000)
 Metaspace       used 18944K, capacity 19236K, committed 19584K, reserved 1067008K
  class space    used 2278K, capacity 2348K, committed 2432K, reserved 1048576K
Event: 4856.868 GC heap after
Heap after GC invocations=6 (full 2):
 PSYoungGen      total 76288K, used 10741K [0x000000076ab00000, 0x0000000770000000, 0x00000007c0000000)
  eden space 65536K, 0% used [0x000000076ab00000,0x000000076ab00000,0x000000076eb00000)
  from space 10752K, 99% used [0x000000076f580000,0x000000076fffd580,0x0000000770000000)
  to   space 10752K, 0% used [0x000000076eb00000,0x000000076eb00000,0x000000076f580000)
 ParOldGen       total 175104K, used 35544K [0x00000006c0000000, 0x00000006cab00000, 0x000000076ab00000)
  object space 175104K, 20% used [0x00000006c0000000,0x00000006c22b6118,0x00000006cab00000)
 Metaspace       used 18944K, capacity 19236K, committed 19584K, reserved 1067008K
  class space    used 2278K, capacity 2348K, committed 2432K, reserved 1048576K
}
Event: 4955.427 GC heap before
{Heap before GC invocations=7 (full 2):
 PSYoungGen      total 76288K, used 76277K [0x000000076ab00000, 0x0000000770000000, 0x00000007c0000000)
  eden space 65536K, 100% used [0x000000076ab00000,0x000000076eb00000,0x000000076eb00000)
  from space 10752K, 99% used [0x000000076f580000,0x000000076fffd580,0x0000000770000000)
  to   space 10752K, 0% used [0x000000076eb00000,0x000000076eb00000,0x000000076f580000)
 ParOldGen       total 175104K, used 35544K [0x00000006c0000000, 0x00000006cab00000, 0x000000076ab00000)
  object space 175104K, 20% used [0x00000006c0000000,0x00000006c22b6118,0x00000006cab00000)
 Metaspace       used 18999K, capacity 19236K, committed 19584K, reserved 1067008K
  class space    used 2278K, capacity 2348K, committed 2432K, reserved 1048576K
Event: 4955.431 GC heap after
Heap after GC invocations=7 (full 2):
 PSYoungGen      total 76288K, used 10736K [0x000000076ab00000, 0x0000000770000000, 0x00000007c0000000)
  eden space 65536K, 0% used [0x000000076ab00000,0x000000076ab00000,0x000000076eb00000)
  from space 10752K, 99% used [0x000000076eb00000,0x000000076f57c328,0x000000076f580000)
  to   space 10752K, 0% used [0x000000076f580000,0x000000076f580000,0x0000000770000000)
 ParOldGen       total 175104K, used 38238K [0x00000006c0000000, 0x00000006cab00000, 0x000000076ab00000)
  object space 175104K, 21% used [0x00000006c0000000,0x00000006c2557bd0,0x00000006cab00000)
 Metaspace       used 18999K, capacity 19236K, committed 19584K, reserved 1067008K
  class space    used 2278K, capacity 2348K, committed 2432K, reserved 1048576K
}
Event: 181792.306 GC heap before
{Heap before GC invocations=8 (full 2):
 PSYoungGen      total 76288K, used 71515K [0x000000076ab00000, 0x0000000770000000, 0x00000007c0000000)
  eden space 65536K, 92% used [0x000000076ab00000,0x000000076e65abb8,0x000000076eb00000)
  from space 10752K, 99% used [0x000000076eb00000,0x000000076f57c328,0x000000076f580000)
  to   space 10752K, 0% used [0x000000076f580000,0x000000076f580000,0x0000000770000000)
 ParOldGen       total 175104K, used 38238K [0x00000006c0000000, 0x00000006cab00000, 0x000000076ab00000)
  object space 175104K, 21% used [0x00000006c0000000,0x00000006c2557bd0,0x00000006cab00000)
 Metaspace       used 19046K, capacity 19300K, committed 19840K, reserved 1067008K
  class space    used 2282K, capacity 2348K, committed 2432K, reserved 1048576K
Event: 181792.345 GC heap after
Heap after GC invocations=8 (full 2):
 PSYoungGen      total 76288K, used 10748K [0x000000076ab00000, 0x0000000770000000, 0x00000007c0000000)
  eden space 65536K, 0% used [0x000000076ab00000,0x000000076ab00000,0x000000076eb00000)
  from space 10752K, 99% used [0x000000076f580000,0x000000076ffff3c8,0x0000000770000000)
  to   space 10752K, 0% used [0x000000076eb00000,0x000000076eb00000,0x000000076f580000)
 ParOldGen       total 175104K, used 38702K [0x00000006c0000000, 0x00000006cab00000, 0x000000076ab00000)
  object space 175104K, 22% used [0x00000006c0000000,0x00000006c25cbbd0,0x00000006cab00000)
 Metaspace       used 19046K, capacity 19300K, committed 19840K, reserved 1067008K
  class space    used 2282K, capacity 2348K, committed 2432K, reserved 1048576K
}

Deoptimization events (10 events):
Event: 181791.396 Thread 0x00007fb40c1f8000 Uncommon trap: reason=speculate_class_check action=maybe_recompile pc=0x0000000119207e54 method=sun.java2d.pipe.DrawImage.scaleSurfaceData(Lsun/java2d/SunGraphics2D;Lsun/java2d/pipe/Region;Lsun/java2d/SurfaceData;Lsun/java2d/SurfaceData;Lsun/java2d/loops/
Event: 181791.396 Thread 0x00007fb40c1f8000 Uncommon trap: reason=speculate_class_check action=maybe_recompile pc=0x0000000119207e54 method=sun.java2d.pipe.DrawImage.scaleSurfaceData(Lsun/java2d/SunGraphics2D;Lsun/java2d/pipe/Region;Lsun/java2d/SurfaceData;Lsun/java2d/SurfaceData;Lsun/java2d/loops/
Event: 181791.397 Thread 0x00007fb40c1f8000 Uncommon trap: reason=bimorphic action=maybe_recompile pc=0x0000000118f18818 method=sun.java2d.SunGraphics2D.drawImage(Ljava/awt/Image;IILjava/awt/Color;Ljava/awt/image/ImageObserver;)Z @ 66
Event: 181791.397 Thread 0x00007fb40c1f8000 Uncommon trap: reason=bimorphic action=maybe_recompile pc=0x0000000118f18818 method=sun.java2d.SunGraphics2D.drawImage(Ljava/awt/Image;IILjava/awt/Color;Ljava/awt/image/ImageObserver;)Z @ 66
Event: 181791.833 Thread 0x00007fb40c1f8000 Uncommon trap: reason=bimorphic action=maybe_recompile pc=0x0000000118f188a0 method=sun.java2d.SunGraphics2D.validatePipe()V @ 25
Event: 181791.837 Thread 0x00007fb40c1f8000 Uncommon trap: reason=bimorphic action=maybe_recompile pc=0x0000000118f188a0 method=sun.java2d.SunGraphics2D.validatePipe()V @ 25
Event: 181791.837 Thread 0x00007fb40c1f8000 Uncommon trap: reason=bimorphic action=maybe_recompile pc=0x0000000118f18818 method=sun.java2d.SunGraphics2D.drawImage(Ljava/awt/Image;IILjava/awt/Color;Ljava/awt/image/ImageObserver;)Z @ 66
Event: 181791.839 Thread 0x00007fb40c1f8000 Uncommon trap: reason=unstable_if action=reinterpret pc=0x000000011908b1e0 method=sun.java2d.pipe.Region.intersectsQuickCheckXYXY(IIII)Z @ 13
Event: 181791.842 Thread 0x00007fb40c1f8000 Uncommon trap: reason=unstable_if action=reinterpret pc=0x0000000119297344 method=sun.java2d.SunGraphics2D.setDevClip(IIII)V @ 8
Event: 181791.842 Thread 0x00007fb40c1f8000 Uncommon trap: reason=unstable_if action=reinterpret pc=0x0000000118f207c0 method=sun.java2d.pipe.BufferedContext.validate(Lsun/java2d/pipe/hw/AccelSurface;Lsun/java2d/pipe/hw/AccelSurface;Lsun/java2d/pipe/Region;Ljava/awt/Composite;Ljava/awt/geom/AffineT

Internal exceptions (10 events):
Event: 4682.827 Thread 0x00007fb40b98f000 Implicit null exception at 0x0000000119186d9c to 0x0000000119188d59
Event: 4701.399 Thread 0x00007fb40c1f8000 Exception <a 'java/lang/ClassCastException': java.awt.font.StyledParagraph cannot be cast to java.awt.Font> (0x000000076cd61258) thrown at [/Users/java_re/workspace/8-2-build-macosx-x86_64/jdk8u121/8372/hotspot/src/share/vm/interpreter/interpreterRuntime.
Event: 4720.326 Thread 0x00007fb40c1f8000 Exception <a 'java/lang/ClassCastException': java.awt.font.StyledParagraph cannot be cast to java.awt.Font> (0x000000076cefdf50) thrown at [/Users/java_re/workspace/8-2-build-macosx-x86_64/jdk8u121/8372/hotspot/src/share/vm/interpreter/interpreterRuntime.
Event: 4804.735 Thread 0x00007fb40c1f8000 Exception <a 'java/lang/ClassCastException': java.awt.font.StyledParagraph cannot be cast to java.awt.Font> (0x000000076d2f9c28) thrown at [/Users/java_re/workspace/8-2-build-macosx-x86_64/jdk8u121/8372/hotspot/src/share/vm/interpreter/interpreterRuntime.
Event: 4905.056 Thread 0x00007fb40c1f8000 Exception <a 'java/lang/ClassCastException': java.awt.font.StyledParagraph cannot be cast to java.awt.Font> (0x000000076da5d960) thrown at [/Users/java_re/workspace/8-2-build-macosx-x86_64/jdk8u121/8372/hotspot/src/share/vm/interpreter/interpreterRuntime.
Event: 4907.200 Thread 0x00007fb40c1f8000 Exception <a 'java/lang/ClassCastException': java.awt.font.StyledParagraph cannot be cast to java.awt.Font> (0x000000076dbaaa98) thrown at [/Users/java_re/workspace/8-2-build-macosx-x86_64/jdk8u121/8372/hotspot/src/share/vm/interpreter/interpreterRuntime.
Event: 115422.292 Thread 0x00007fb40b98f000 Implicit null exception at 0x000000011913776f to 0x0000000119138a9d
Event: 181690.228 Thread 0x00007fb40c1f8000 Implicit null exception at 0x0000000118880698 to 0x00000001188808d1
Event: 181790.909 Thread 0x00007fb40c1f8000 Implicit null exception at 0x0000000118fce7b7 to 0x0000000118fcf505
Event: 181791.842 Thread 0x00007fb40c1f8000 Implicit null exception at 0x0000000118f1f40b to 0x0000000118f20785

Events (10 events):
Event: 181791.842 Thread 0x00007fb40c1f8000 Uncommon trap: trap_request=0xffffff65 fr.pc=0x0000000119297344
Event: 181791.842 Thread 0x00007fb40c1f8000 DEOPT PACKING pc=0x0000000119297344 sp=0x000070000dd064c0
Event: 181791.842 Thread 0x00007fb40c1f8000 DEOPT UNPACKING pc=0x0000000118778229 sp=0x000070000dd06478 mode 2
Event: 181791.842 Thread 0x00007fb40c1f8000 Uncommon trap: trap_request=0xffffff65 fr.pc=0x0000000118f207c0
Event: 181791.842 Thread 0x00007fb40c1f8000 DEOPT PACKING pc=0x0000000118f207c0 sp=0x000070000dd05b10
Event: 181791.842 Thread 0x00007fb40c1f8000 DEOPT UNPACKING pc=0x0000000118778229 sp=0x000070000dd05ab0 mode 2
Event: 181792.300 Executing VM operation: ParallelGCFailedAllocation
Event: 181792.345 Executing VM operation: ParallelGCFailedAllocation done
Event: 181792.360 Executing VM operation: RevokeBias
Event: 181792.374 Executing VM operation: RevokeBias done


Dynamic libraries:
0x0000000000152000 	/System/Library/Frameworks/Cocoa.framework/Versions/A/Cocoa
0x0000000000152000 	/System/Library/Frameworks/Security.framework/Versions/A/Security
0x0000000000152000 	/System/Library/Frameworks/ApplicationServices.framework/Versions/A/ApplicationServices
0x0000000000152000 	/usr/lib/libz.1.dylib
0x0000000000152000 	/usr/lib/libSystem.B.dylib
0x0000000000152000 	/usr/lib/libobjc.A.dylib
0x0000000000152000 	/System/Library/Frameworks/CoreFoundation.framework/Versions/A/CoreFoundation
0x0000000000152000 	/System/Library/Frameworks/Foundation.framework/Versions/C/Foundation
0x0000000000152000 	/System/Library/Frameworks/AppKit.framework/Versions/C/AppKit
0x0000000000152000 	/System/Library/Frameworks/CoreData.framework/Versions/A/CoreData
0x0000000000152000 	/System/Library/PrivateFrameworks/UIFoundation.framework/Versions/A/UIFoundation
0x0000000000152000 	/System/Library/PrivateFrameworks/RemoteViewServices.framework/Versions/A/RemoteViewServices
0x0000000000152000 	/System/Library/PrivateFrameworks/XCTTargetBootstrap.framework/Versions/A/XCTTargetBootstrap
0x0000000000152000 	/usr/lib/libspindump.dylib
0x0000000000152000 	/System/Library/Frameworks/UniformTypeIdentifiers.framework/Versions/A/UniformTypeIdentifiers
0x0000000000152000 	/usr/lib/libapp_launch_measurement.dylib
0x0000000000152000 	/System/Library/PrivateFrameworks/CoreAutoLayout.framework/Versions/A/CoreAutoLayout
0x0000000000152000 	/System/Library/Frameworks/Metal.framework/Versions/A/Metal
0x0000000000152000 	/usr/lib/liblangid.dylib
0x0000000000152000 	/System/Library/PrivateFrameworks/CoreSVG.framework/Versions/A/CoreSVG
0x0000000000152000 	/System/Library/PrivateFrameworks/SkyLight.framework/Versions/A/SkyLight
0x0000000000152000 	/System/Library/Frameworks/CoreGraphics.framework/Versions/A/CoreGraphics
0x0000000000152000 	/System/Library/Frameworks/Accelerate.framework/Versions/A/Accelerate
0x0000000000152000 	/System/Library/PrivateFrameworks/IconServices.framework/Versions/A/IconServices
0x0000000000152000 	/System/Library/Frameworks/IOSurface.framework/Versions/A/IOSurface
0x0000000000152000 	/usr/lib/libDiagnosticMessagesClient.dylib
0x0000000000152000 	/System/Library/PrivateFrameworks/DFRFoundation.framework/Versions/A/DFRFoundation
0x0000000000152000 	/usr/lib/libicucore.A.dylib
0x0000000000152000 	/System/Library/Frameworks/AudioToolbox.framework/Versions/A/AudioToolbox
0x0000000000152000 	/System/Library/PrivateFrameworks/DataDetectorsCore.framework/Versions/A/DataDetectorsCore
0x0000000000152000 	/usr/lib/libMobileGestalt.dylib
0x0000000000152000 	/System/Library/Frameworks/Carbon.framework/Versions/A/Frameworks/HIToolbox.framework/Versions/A/HIToolbox
0x0000000000152000 	/System/Library/Frameworks/QuartzCore.framework/Versions/A/QuartzCore
0x0000000000152000 	/System/Library/Frameworks/Carbon.framework/Versions/A/Frameworks/SpeechRecognition.framework/Versions/A/SpeechRecognition
0x0000000000152000 	/System/Library/PrivateFrameworks/CoreUI.framework/Versions/A/CoreUI
0x0000000000152000 	/System/Library/Frameworks/CoreAudio.framework/Versions/A/CoreAudio
0x0000000000152000 	/System/Library/Frameworks/DiskArbitration.framework/Versions/A/DiskArbitration
0x0000000000152000 	/System/Library/PrivateFrameworks/MultitouchSupport.framework/Versions/A/MultitouchSupport
0x0000000000152000 	/System/Library/PrivateFrameworks/InternationalSupport.framework/Versions/A/InternationalSupport
0x0000000000152000 	/usr/lib/libenergytrace.dylib
0x0000000000152000 	/System/Library/Frameworks/IOKit.framework/Versions/A/IOKit
0x0000000000152000 	/System/Library/Frameworks/CoreServices.framework/Versions/A/CoreServices
0x0000000000152000 	/System/Library/PrivateFrameworks/PerformanceAnalysis.framework/Versions/A/PerformanceAnalysis
0x0000000000152000 	/System/Library/Frameworks/OpenGL.framework/Versions/A/OpenGL
0x0000000000152000 	/System/Library/PrivateFrameworks/UserActivity.framework/Versions/A/UserActivity
0x0000000000152000 	/System/Library/Frameworks/ColorSync.framework/Versions/A/ColorSync
0x0000000000152000 	/System/Library/Frameworks/CoreImage.framework/Versions/A/CoreImage
0x0000000000152000 	/System/Library/Frameworks/CoreText.framework/Versions/A/CoreText
0x0000000000152000 	/System/Library/Frameworks/ImageIO.framework/Versions/A/ImageIO
0x0000000000152000 	/System/Library/PrivateFrameworks/SoftLinking.framework/Versions/A/SoftLinking
0x0000000000152000 	/usr/lib/libxml2.2.dylib
0x0000000000152000 	/usr/lib/libc++.1.dylib
0x0000000000152000 	/usr/lib/libcompression.dylib
0x0000000000152000 	/System/Library/PrivateFrameworks/TextureIO.framework/Versions/A/TextureIO
0x0000000000152000 	/usr/lib/libate.dylib
0x0000000000152000 	/usr/lib/system/libcache.dylib
0x0000000000152000 	/usr/lib/system/libcommonCrypto.dylib
0x0000000000152000 	/usr/lib/system/libcompiler_rt.dylib
0x0000000000152000 	/usr/lib/system/libcopyfile.dylib
0x0000000000152000 	/usr/lib/system/libcorecrypto.dylib
0x0000000000152000 	/usr/lib/system/libdispatch.dylib
0x0000000000152000 	/usr/lib/system/libdyld.dylib
0x0000000000152000 	/usr/lib/system/libkeymgr.dylib
0x0000000000152000 	/usr/lib/system/liblaunch.dylib
0x0000000000152000 	/usr/lib/system/libmacho.dylib
0x0000000000152000 	/usr/lib/system/libquarantine.dylib
0x0000000000152000 	/usr/lib/system/libremovefile.dylib
0x0000000000152000 	/usr/lib/system/libsystem_asl.dylib
0x0000000000152000 	/usr/lib/system/libsystem_blocks.dylib
0x0000000000152000 	/usr/lib/system/libsystem_c.dylib
0x0000000000152000 	/usr/lib/system/libsystem_collections.dylib
0x0000000000152000 	/usr/lib/system/libsystem_configuration.dylib
0x0000000000152000 	/usr/lib/system/libsystem_containermanager.dylib
0x0000000000152000 	/usr/lib/system/libsystem_coreservices.dylib
0x0000000000152000 	/usr/lib/system/libsystem_darwin.dylib
0x0000000000152000 	/usr/lib/system/libsystem_dnssd.dylib
0x0000000000152000 	/usr/lib/system/libsystem_featureflags.dylib
0x0000000000152000 	/usr/lib/system/libsystem_info.dylib
0x0000000000152000 	/usr/lib/system/libsystem_m.dylib
0x0000000000152000 	/usr/lib/system/libsystem_malloc.dylib
0x0000000000152000 	/usr/lib/system/libsystem_networkextension.dylib
0x0000000000152000 	/usr/lib/system/libsystem_notify.dylib
0x0000000000152000 	/usr/lib/system/libsystem_product_info_filter.dylib
0x0000000000152000 	/usr/lib/system/libsystem_sandbox.dylib
0x0000000000152000 	/usr/lib/system/libsystem_secinit.dylib
0x0000000000152000 	/usr/lib/system/libsystem_kernel.dylib
0x0000000000152000 	/usr/lib/system/libsystem_platform.dylib
0x0000000000152000 	/usr/lib/system/libsystem_pthread.dylib
0x0000000000152000 	/usr/lib/system/libsystem_symptoms.dylib
0x0000000000152000 	/usr/lib/system/libsystem_trace.dylib
0x0000000000152000 	/usr/lib/system/libunwind.dylib
0x0000000000152000 	/usr/lib/system/libxpc.dylib
0x0000000000152000 	/usr/lib/libc++abi.dylib
0x0000000000152000 	/usr/lib/liboah.dylib
0x0000000000152000 	/usr/lib/liblzma.5.dylib
0x0000000000152000 	/System/Library/Frameworks/SystemConfiguration.framework/Versions/A/SystemConfiguration
0x0000000000152000 	/usr/lib/libfakelink.dylib
0x0000000000152000 	/System/Library/Frameworks/CFNetwork.framework/Versions/A/CFNetwork
0x0000000000152000 	/usr/lib/libarchive.2.dylib
0x0000000000152000 	/usr/lib/libCRFSuite.dylib
0x0000000000152000 	/usr/lib/libbsm.0.dylib
0x0000000000152000 	/usr/lib/libnetwork.dylib
0x0000000000152000 	/usr/lib/libpcap.A.dylib
0x0000000000152000 	/usr/lib/libdns_services.dylib
0x0000000000152000 	/usr/lib/libcoretls_cfhelpers.dylib
0x0000000000152000 	/usr/lib/libapple_nghttp2.dylib
0x0000000000152000 	/usr/lib/system/libkxld.dylib
0x0000000000152000 	/usr/lib/libsqlite3.dylib
0x0000000000152000 	/System/Library/PrivateFrameworks/AppleFSCompression.framework/Versions/A/AppleFSCompression
0x0000000000152000 	/usr/lib/libcoretls.dylib
0x0000000000152000 	/usr/lib/libpam.2.dylib
0x0000000000152000 	/usr/lib/libxar.1.dylib
0x0000000000152000 	/System/Library/PrivateFrameworks/AppleSystemInfo.framework/Versions/A/AppleSystemInfo
0x0000000000152000 	/System/Library/PrivateFrameworks/IOMobileFramebuffer.framework/Versions/A/IOMobileFramebuffer
0x0000000000152000 	/usr/lib/libbz2.1.0.dylib
0x0000000000152000 	/usr/lib/libiconv.2.dylib
0x0000000000152000 	/usr/lib/libcharset.1.dylib
0x0000000000152000 	/System/Library/Frameworks/CoreServices.framework/Versions/A/Frameworks/FSEvents.framework/Versions/A/FSEvents
0x0000000000152000 	/System/Library/Frameworks/CoreServices.framework/Versions/A/Frameworks/CarbonCore.framework/Versions/A/CarbonCore
0x0000000000152000 	/System/Library/Frameworks/CoreServices.framework/Versions/A/Frameworks/Metadata.framework/Versions/A/Metadata
0x0000000000152000 	/System/Library/Frameworks/CoreServices.framework/Versions/A/Frameworks/OSServices.framework/Versions/A/OSServices
0x0000000000152000 	/System/Library/Frameworks/CoreServices.framework/Versions/A/Frameworks/SearchKit.framework/Versions/A/SearchKit
0x0000000000152000 	/System/Library/Frameworks/CoreServices.framework/Versions/A/Frameworks/AE.framework/Versions/A/AE
0x0000000000152000 	/System/Library/Frameworks/CoreServices.framework/Versions/A/Frameworks/LaunchServices.framework/Versions/A/LaunchServices
0x0000000000152000 	/System/Library/Frameworks/CoreServices.framework/Versions/A/Frameworks/DictionaryServices.framework/Versions/A/DictionaryServices
0x0000000000152000 	/System/Library/Frameworks/CoreServices.framework/Versions/A/Frameworks/SharedFileList.framework/Versions/A/SharedFileList
0x0000000000152000 	/usr/lib/libCheckFix.dylib
0x0000000000152000 	/System/Library/PrivateFrameworks/TCC.framework/Versions/A/TCC
0x0000000000152000 	/System/Library/PrivateFrameworks/CoreNLP.framework/Versions/A/CoreNLP
0x0000000000152000 	/System/Library/PrivateFrameworks/MetadataUtilities.framework/Versions/A/MetadataUtilities
0x0000000000152000 	/usr/lib/libmecabra.dylib
0x0000000000152000 	/System/Library/Frameworks/MLCompute.framework/Versions/A/MLCompute
0x0000000000152000 	/usr/lib/libmecab.dylib
0x0000000000152000 	/usr/lib/libgermantok.dylib
0x0000000000152000 	/usr/lib/libThaiTokenizer.dylib
0x0000000000152000 	/usr/lib/libChineseTokenizer.dylib
0x0000000000152000 	/System/Library/Frameworks/MetalPerformanceShaders.framework/Versions/A/MetalPerformanceShaders
0x0000000000152000 	/System/Library/Frameworks/Accelerate.framework/Versions/A/Frameworks/vImage.framework/Versions/A/vImage
0x0000000000152000 	/System/Library/Frameworks/Accelerate.framework/Versions/A/Frameworks/vecLib.framework/Versions/A/vecLib
0x0000000000152000 	/System/Library/Frameworks/Accelerate.framework/Versions/A/Frameworks/vecLib.framework/Versions/A/libvMisc.dylib
0x0000000000152000 	/System/Library/Frameworks/Accelerate.framework/Versions/A/Frameworks/vecLib.framework/Versions/A/libvDSP.dylib
0x0000000000152000 	/System/Library/Frameworks/Accelerate.framework/Versions/A/Frameworks/vecLib.framework/Versions/A/libBLAS.dylib
0x0000000000152000 	/System/Library/Frameworks/Accelerate.framework/Versions/A/Frameworks/vecLib.framework/Versions/A/libLAPACK.dylib
0x0000000000152000 	/System/Library/Frameworks/Accelerate.framework/Versions/A/Frameworks/vecLib.framework/Versions/A/libLinearAlgebra.dylib
0x0000000000152000 	/System/Library/Frameworks/Accelerate.framework/Versions/A/Frameworks/vecLib.framework/Versions/A/libSparseBLAS.dylib
0x0000000000152000 	/System/Library/Frameworks/Accelerate.framework/Versions/A/Frameworks/vecLib.framework/Versions/A/libQuadrature.dylib
0x0000000000152000 	/System/Library/Frameworks/Accelerate.framework/Versions/A/Frameworks/vecLib.framework/Versions/A/libBNNS.dylib
0x0000000000152000 	/System/Library/Frameworks/Accelerate.framework/Versions/A/Frameworks/vecLib.framework/Versions/A/libSparse.dylib
0x0000000000152000 	/System/Library/Frameworks/MetalPerformanceShaders.framework/Versions/A/Frameworks/MPSCore.framework/Versions/A/MPSCore
0x0000000000152000 	/System/Library/Frameworks/MetalPerformanceShaders.framework/Versions/A/Frameworks/MPSImage.framework/Versions/A/MPSImage
0x0000000000152000 	/System/Library/Frameworks/MetalPerformanceShaders.framework/Versions/A/Frameworks/MPSNeuralNetwork.framework/Versions/A/MPSNeuralNetwork
0x0000000000152000 	/System/Library/Frameworks/MetalPerformanceShaders.framework/Versions/A/Frameworks/MPSMatrix.framework/Versions/A/MPSMatrix
0x0000000000152000 	/System/Library/Frameworks/MetalPerformanceShaders.framework/Versions/A/Frameworks/MPSRayIntersector.framework/Versions/A/MPSRayIntersector
0x0000000000152000 	/System/Library/Frameworks/MetalPerformanceShaders.framework/Versions/A/Frameworks/MPSNDArray.framework/Versions/A/MPSNDArray
0x0000000000152000 	/System/Library/PrivateFrameworks/MetalTools.framework/Versions/A/MetalTools
0x0000000000152000 	/System/Library/PrivateFrameworks/AggregateDictionary.framework/Versions/A/AggregateDictionary
0x0000000000152000 	/System/Library/PrivateFrameworks/CoreAnalytics.framework/Versions/A/CoreAnalytics
0x0000000000152000 	/System/Library/PrivateFrameworks/AppleSauce.framework/Versions/A/AppleSauce
0x0000000000152000 	/System/Library/PrivateFrameworks/IOAccelerator.framework/Versions/A/IOAccelerator
0x0000000000152000 	/System/Library/Frameworks/OpenGL.framework/Versions/A/Libraries/libCoreFSCache.dylib
0x0000000000152000 	/System/Library/PrivateFrameworks/LanguageModeling.framework/Versions/A/LanguageModeling
0x0000000000152000 	/System/Library/PrivateFrameworks/CoreEmoji.framework/Versions/A/CoreEmoji
0x0000000000152000 	/System/Library/PrivateFrameworks/LinguisticData.framework/Versions/A/LinguisticData
0x0000000000152000 	/System/Library/PrivateFrameworks/Lexicon.framework/Versions/A/Lexicon
0x0000000000152000 	/usr/lib/libcmph.dylib
0x0000000000152000 	/System/Library/Frameworks/OpenDirectory.framework/Versions/A/Frameworks/CFOpenDirectory.framework/Versions/A/CFOpenDirectory
0x0000000000152000 	/System/Library/Frameworks/OpenDirectory.framework/Versions/A/OpenDirectory
0x0000000000152000 	/System/Library/PrivateFrameworks/APFS.framework/Versions/A/APFS
0x0000000000152000 	/System/Library/Frameworks/SecurityFoundation.framework/Versions/A/SecurityFoundation
0x0000000000152000 	/usr/lib/libutil.dylib
0x0000000000152000 	/System/Library/PrivateFrameworks/CoreServicesStore.framework/Versions/A/CoreServicesStore
0x0000000000152000 	/System/Library/Frameworks/ServiceManagement.framework/Versions/A/ServiceManagement
0x0000000000152000 	/usr/lib/libxslt.1.dylib
0x0000000000152000 	/System/Library/PrivateFrameworks/BackgroundTaskManagement.framework/Versions/A/BackgroundTaskManagement
0x0000000000152000 	/System/Library/Frameworks/ImageIO.framework/Versions/A/Resources/libRadiance.dylib
0x0000000000152000 	/System/Library/Frameworks/ImageIO.framework/Versions/A/Resources/libJPEG.dylib
0x0000000000152000 	/System/Library/Frameworks/ImageIO.framework/Versions/A/Resources/libPng.dylib
0x0000000000152000 	/System/Library/Frameworks/ImageIO.framework/Versions/A/Resources/libTIFF.dylib
0x0000000000152000 	/System/Library/Frameworks/ImageIO.framework/Versions/A/Resources/libGIF.dylib
0x0000000000152000 	/System/Library/Frameworks/ImageIO.framework/Versions/A/Resources/libJP2.dylib
0x0000000000152000 	/usr/lib/libexpat.1.dylib
0x0000000000152000 	/System/Library/PrivateFrameworks/AppleJPEG.framework/Versions/A/AppleJPEG
0x0000000000152000 	/System/Library/PrivateFrameworks/FontServices.framework/libFontParser.dylib
0x0000000000152000 	/System/Library/PrivateFrameworks/RunningBoardServices.framework/Versions/A/RunningBoardServices
0x0000000000152000 	/System/Library/PrivateFrameworks/WatchdogClient.framework/Versions/A/WatchdogClient
0x0000000000152000 	/System/Library/Frameworks/CoreDisplay.framework/Versions/A/CoreDisplay
0x0000000000152000 	/System/Library/Frameworks/CoreMedia.framework/Versions/A/CoreMedia
0x0000000000152000 	/System/Library/Frameworks/CoreVideo.framework/Versions/A/CoreVideo
0x0000000000152000 	/System/Library/Frameworks/VideoToolbox.framework/Versions/A/VideoToolbox
0x0000000000152000 	/System/Library/PrivateFrameworks/BaseBoard.framework/Versions/A/BaseBoard
0x0000000000152000 	/System/Library/PrivateFrameworks/PersistentConnection.framework/Versions/A/PersistentConnection
0x0000000000152000 	/System/Library/PrivateFrameworks/ProtocolBuffer.framework/Versions/A/ProtocolBuffer
0x0000000000152000 	/System/Library/PrivateFrameworks/CommonUtilities.framework/Versions/A/CommonUtilities
0x0000000000152000 	/System/Library/PrivateFrameworks/Bom.framework/Versions/A/Bom
0x0000000000152000 	/System/Library/PrivateFrameworks/GPUWrangler.framework/Versions/A/GPUWrangler
0x0000000000152000 	/System/Library/PrivateFrameworks/IOPresentment.framework/Versions/A/IOPresentment
0x0000000000152000 	/System/Library/PrivateFrameworks/DSExternalDisplay.framework/Versions/A/DSExternalDisplay
0x0000000000152000 	/System/Library/PrivateFrameworks/CMCaptureCore.framework/Versions/A/CMCaptureCore
0x0000000000152000 	/System/Library/PrivateFrameworks/AppServerSupport.framework/Versions/A/AppServerSupport
0x0000000000152000 	/System/Library/PrivateFrameworks/perfdata.framework/Versions/A/perfdata
0x0000000000152000 	/System/Library/PrivateFrameworks/AssertionServices.framework/Versions/A/AssertionServices
0x0000000000152000 	/System/Library/PrivateFrameworks/AudioToolboxCore.framework/Versions/A/AudioToolboxCore
0x0000000000152000 	/System/Library/PrivateFrameworks/caulk.framework/Versions/A/caulk
0x0000000000152000 	/System/Library/PrivateFrameworks/SystemPolicy.framework/Versions/A/SystemPolicy
0x0000000000152000 	/usr/lib/libIOReport.dylib
0x0000000000152000 	/usr/lib/libSMC.dylib
0x0000000000152000 	/usr/lib/libAudioToolboxUtility.dylib
0x0000000000152000 	/usr/lib/libmis.dylib
0x0000000000152000 	/System/Library/Frameworks/OpenGL.framework/Versions/A/Libraries/libGLU.dylib
0x0000000000152000 	/System/Library/Frameworks/OpenGL.framework/Versions/A/Libraries/libGFXShared.dylib
0x0000000000152000 	/System/Library/Frameworks/OpenGL.framework/Versions/A/Libraries/libGL.dylib
0x0000000000152000 	/System/Library/Frameworks/OpenGL.framework/Versions/A/Libraries/libGLImage.dylib
0x0000000000152000 	/System/Library/Frameworks/OpenGL.framework/Versions/A/Libraries/libCVMSPluginSupport.dylib
0x0000000000152000 	/System/Library/Frameworks/OpenGL.framework/Versions/A/Libraries/libCoreVMClient.dylib
0x0000000000152000 	/System/Library/Frameworks/OpenCL.framework/Versions/A/OpenCL
0x0000000000152000 	/System/Library/PrivateFrameworks/GraphVisualizer.framework/Versions/A/GraphVisualizer
0x0000000000152000 	/System/Library/PrivateFrameworks/FaceCore.framework/Versions/A/FaceCore
0x0000000000152000 	/System/Library/PrivateFrameworks/OTSVG.framework/Versions/A/OTSVG
0x0000000000152000 	/System/Library/Frameworks/ApplicationServices.framework/Versions/A/Frameworks/ATS.framework/Versions/A/Resources/libFontRegistry.dylib
0x0000000000152000 	/System/Library/PrivateFrameworks/FontServices.framework/libhvf.dylib
0x0000000000152000 	/System/Library/PrivateFrameworks/AppleVA.framework/Versions/A/AppleVA
0x0000000000152000 	/System/Library/Frameworks/ApplicationServices.framework/Versions/A/Frameworks/ATS.framework/Versions/A/ATS
0x0000000000152000 	/System/Library/Frameworks/ApplicationServices.framework/Versions/A/Frameworks/ColorSyncLegacy.framework/Versions/A/ColorSyncLegacy
0x0000000000152000 	/System/Library/Frameworks/ApplicationServices.framework/Versions/A/Frameworks/HIServices.framework/Versions/A/HIServices
0x0000000000152000 	/System/Library/Frameworks/ApplicationServices.framework/Versions/A/Frameworks/LangAnalysis.framework/Versions/A/LangAnalysis
0x0000000000152000 	/System/Library/Frameworks/ApplicationServices.framework/Versions/A/Frameworks/PrintCore.framework/Versions/A/PrintCore
0x0000000000152000 	/System/Library/Frameworks/ApplicationServices.framework/Versions/A/Frameworks/QD.framework/Versions/A/QD
0x0000000000152000 	/System/Library/Frameworks/ApplicationServices.framework/Versions/A/Frameworks/SpeechSynthesis.framework/Versions/A/SpeechSynthesis
0x0000000000152000 	/System/Library/Frameworks/ApplicationServices.framework/Versions/A/Frameworks/ATSUI.framework/Versions/A/ATSUI
0x0000000000152000 	/usr/lib/libcups.2.dylib
0x0000000000152000 	/System/Library/PrivateFrameworks/NetAuth.framework/Versions/A/NetAuth
0x0000000000152000 	/System/Library/Frameworks/Kerberos.framework/Versions/A/Kerberos
0x0000000000152000 	/System/Library/Frameworks/GSS.framework/Versions/A/GSS
0x0000000000152000 	/usr/lib/libresolv.9.dylib
0x0000000000152000 	/System/Library/PrivateFrameworks/Heimdal.framework/Versions/A/Heimdal
0x0000000000152000 	/System/Library/Frameworks/Kerberos.framework/Versions/A/Libraries/libHeimdalProxy.dylib
0x0000000000152000 	/System/Library/Frameworks/Network.framework/Versions/A/Network
0x0000000000152000 	/usr/lib/libheimdal-asn1.dylib
0x0000000000152000 	/System/Library/PrivateFrameworks/CommonAuth.framework/Versions/A/CommonAuth
0x0000000000152000 	/System/Library/PrivateFrameworks/login.framework/Versions/A/Frameworks/loginsupport.framework/Versions/A/loginsupport
0x0000000000152000 	/System/Library/PrivateFrameworks/AudioSession.framework/Versions/A/AudioSession
0x0000000000152000 	/usr/lib/libAudioStatistics.dylib
0x0000000000152000 	/System/Library/PrivateFrameworks/MediaExperience.framework/Versions/A/MediaExperience
0x0000000000152000 	/System/Library/PrivateFrameworks/AudioSession.framework/libSessionUtility.dylib
0x0000000000152000 	/usr/lib/libperfcheck.dylib
0x0000000000152000 	/System/Library/PrivateFrameworks/AudioResourceArbitration.framework/Versions/A/AudioResourceArbitration
0x0000000000152000 	/System/Library/PrivateFrameworks/IconFoundation.framework/Versions/A/IconFoundation
0x0000000000152000 	/System/Library/PrivateFrameworks/SpeechRecognitionCore.framework/Versions/A/SpeechRecognitionCore
0x0000000111800000 	/Library/Internet Plug-Ins/JavaAppletPlugin.plugin/Contents/Home/lib/server/libjvm.dylib
0x0000000000152000 	/usr/lib/libstdc++.6.dylib
0x000000010d4eb000 	/Library/Internet Plug-Ins/JavaAppletPlugin.plugin/Contents/Home/lib/libverify.dylib
0x000000010d4f9000 	/Library/Internet Plug-Ins/JavaAppletPlugin.plugin/Contents/Home/lib/libjava.dylib
0x000000010d578000 	/Library/Internet Plug-Ins/JavaAppletPlugin.plugin/Contents/Home/lib/libzip.dylib
0x0000000000152000 	/System/Library/Frameworks/JavaRuntimeSupport.framework/Versions/A/JavaRuntimeSupport
0x0000000000152000 	/System/Library/Frameworks/Carbon.framework/Versions/A/Carbon
0x0000000000152000 	/System/Library/PrivateFrameworks/CoreSymbolication.framework/Versions/A/CoreSymbolication
0x0000000000152000 	/System/Library/Frameworks/Carbon.framework/Versions/A/Frameworks/CommonPanels.framework/Versions/A/CommonPanels
0x0000000000152000 	/System/Library/Frameworks/Carbon.framework/Versions/A/Frameworks/Help.framework/Versions/A/Help
0x0000000000152000 	/System/Library/Frameworks/Carbon.framework/Versions/A/Frameworks/ImageCapture.framework/Versions/A/ImageCapture
0x0000000000152000 	/System/Library/Frameworks/Carbon.framework/Versions/A/Frameworks/OpenScripting.framework/Versions/A/OpenScripting
0x0000000000152000 	/System/Library/Frameworks/Carbon.framework/Versions/A/Frameworks/Ink.framework/Versions/A/Ink
0x0000000000152000 	/System/Library/Frameworks/Carbon.framework/Versions/A/Frameworks/Print.framework/Versions/A/Print
0x0000000000152000 	/System/Library/Frameworks/Carbon.framework/Versions/A/Frameworks/SecurityHI.framework/Versions/A/SecurityHI
0x0000000000152000 	/System/Library/PrivateFrameworks/DebugSymbols.framework/Versions/A/DebugSymbols
0x000000010d7d4000 	/Library/Internet Plug-Ins/JavaAppletPlugin.plugin/Contents/Home/lib/libosx.dylib
0x000000010d7e2000 	/Library/Internet Plug-Ins/JavaAppletPlugin.plugin/Contents/Home/lib/libosxapp.dylib
0x0000000000152000 	/System/Library/Frameworks/JavaNativeFoundation.framework/Versions/A/JavaNativeFoundation
0x0000000000152000 	/System/Library/Frameworks/ExceptionHandling.framework/Versions/A/ExceptionHandling
0x00000001167ae000 	/Library/Internet Plug-Ins/JavaAppletPlugin.plugin/Contents/Home/lib/libawt.dylib
0x0000000116856000 	/Library/Internet Plug-Ins/JavaAppletPlugin.plugin/Contents/Home/lib/libmlib_image.dylib
0x0000000116922000 	/Library/Internet Plug-Ins/JavaAppletPlugin.plugin/Contents/Home/lib/libawt_lwawt.dylib
0x0000000000152000 	/System/Library/PrivateFrameworks/CoreServicesInternal.framework/Versions/A/CoreServicesInternal
0x0000000000152000 	/System/Library/Frameworks/FileProvider.framework/Versions/A/FileProvider
0x0000000000152000 	/System/Library/Frameworks/Accounts.framework/Versions/A/Accounts
0x0000000000152000 	/System/Library/PrivateFrameworks/GenerationalStorage.framework/Versions/A/GenerationalStorage
0x0000000000152000 	/System/Library/PrivateFrameworks/SymptomDiagnosticReporter.framework/Versions/A/SymptomDiagnosticReporter
0x0000000000152000 	/System/Library/PrivateFrameworks/DesktopServicesPriv.framework/Versions/A/DesktopServicesPriv
0x0000000000152000 	/usr/lib/libsandbox.1.dylib
0x0000000000152000 	/System/Library/PrivateFrameworks/UserManagement.framework/Versions/A/UserManagement
0x0000000000152000 	/System/Library/PrivateFrameworks/MobileKeyBag.framework/Versions/A/MobileKeyBag
0x0000000000152000 	/System/Library/PrivateFrameworks/ChunkingLibrary.framework/Versions/A/ChunkingLibrary
0x0000000000152000 	/System/Library/PrivateFrameworks/Sharing.framework/Versions/A/Sharing
0x0000000000152000 	/System/Library/PrivateFrameworks/Apple80211.framework/Versions/A/Apple80211
0x0000000000152000 	/System/Library/PrivateFrameworks/AuthKit.framework/Versions/A/AuthKit
0x0000000000152000 	/System/Library/PrivateFrameworks/CoreUtils.framework/Versions/A/CoreUtils
0x0000000000152000 	/System/Library/Frameworks/CoreWLAN.framework/Versions/A/CoreWLAN
0x0000000000152000 	/System/Library/Frameworks/IOBluetooth.framework/Versions/A/IOBluetooth
0x0000000000152000 	/System/Library/PrivateFrameworks/CoreWiFi.framework/Versions/A/CoreWiFi
0x0000000000152000 	/System/Library/PrivateFrameworks/CorePhoneNumbers.framework/Versions/A/CorePhoneNumbers
0x0000000000152000 	/System/Library/PrivateFrameworks/DiskManagement.framework/Versions/A/DiskManagement
0x0000000000152000 	/System/Library/PrivateFrameworks/AppleIDAuthSupport.framework/Versions/A/AppleIDAuthSupport
0x0000000000152000 	/System/Library/PrivateFrameworks/KeychainCircle.framework/Versions/A/KeychainCircle
0x0000000000152000 	/System/Library/PrivateFrameworks/MediaKit.framework/Versions/A/MediaKit
0x0000000000152000 	/System/Library/Frameworks/DiscRecording.framework/Versions/A/DiscRecording
0x0000000000152000 	/usr/lib/libCoreStorage.dylib
0x0000000000152000 	/usr/lib/libcsfde.dylib
0x0000000000152000 	/System/Library/PrivateFrameworks/ProtectedCloudStorage.framework/Versions/A/ProtectedCloudStorage
0x0000000000152000 	/System/Library/PrivateFrameworks/EFILogin.framework/Versions/A/EFILogin
0x0000000000152000 	/System/Library/Frameworks/AudioUnit.framework/Versions/A/AudioUnit
0x0000000000152000 	/System/Library/Frameworks/CoreBluetooth.framework/Versions/A/CoreBluetooth
0x0000000000152000 	/usr/lib/libMatch.1.dylib
0x0000000000152000 	/System/Library/CoreServices/RawCamera.bundle/Contents/MacOS/RawCamera
0x0000000000152000 	/System/Library/PrivateFrameworks/MobileAsset.framework/Versions/A/MobileAsset
0x0000000000152000 	/System/Library/PrivateFrameworks/StreamingZip.framework/Versions/A/StreamingZip
0x0000000000152000 	/System/Library/Frameworks/MediaToolbox.framework/Versions/A/MediaToolbox
0x0000000000152000 	/System/Library/PrivateFrameworks/CoreAVCHD.framework/Versions/A/CoreAVCHD
0x0000000000152000 	/System/Library/Frameworks/MediaAccessibility.framework/Versions/A/MediaAccessibility
0x0000000000152000 	/System/Library/PrivateFrameworks/Mangrove.framework/Versions/A/Mangrove
0x0000000000152000 	/System/Library/PrivateFrameworks/AlgosScoreFramework.framework/Versions/A/AlgosScoreFramework
0x0000000000152000 	/System/Library/PrivateFrameworks/AppleVPA.framework/Versions/A/AppleVPA
0x0000000000152000 	/System/Library/PrivateFrameworks/CoreAUC.framework/Versions/A/CoreAUC
0x0000000000152000 	/System/Library/Frameworks/Accelerate.framework/Versions/A/Frameworks/vImage.framework/Versions/A/Libraries/libCGInterfaces.dylib
0x00000001185f0000 	/usr/lib/libobjc-trampolines.dylib
0x0000000000152000 	/System/Library/PrivateFrameworks/FamilyControls.framework/Versions/A/FamilyControls
0x0000000000152000 	/System/Library/PrivateFrameworks/CommerceKit.framework/Versions/A/Frameworks/CommerceCore.framework/Versions/A/CommerceCore
0x0000000000152000 	/System/Library/PrivateFrameworks/SystemAdministration.framework/Versions/A/SystemAdministration
0x0000000000152000 	/System/Library/PrivateFrameworks/AppContainer.framework/Versions/A/AppContainer
0x0000000000152000 	/System/Library/PrivateFrameworks/SecCodeWrapper.framework/Versions/A/SecCodeWrapper
0x0000000000152000 	/System/Library/PrivateFrameworks/CrashReporterSupport.framework/Versions/A/CrashReporterSupport
0x0000000000152000 	/System/Library/PrivateFrameworks/OSAnalytics.framework/Versions/A/OSAnalytics
0x0000000000152000 	/usr/lib/libRosetta.dylib
0x0000000000152000 	/System/Library/PrivateFrameworks/RemoteServiceDiscovery.framework/Versions/A/RemoteServiceDiscovery
0x0000000000152000 	/System/Library/PrivateFrameworks/Symbolication.framework/Versions/A/Symbolication
0x0000000000152000 	/System/Library/PrivateFrameworks/MallocStackLogging.framework/Versions/A/MallocStackLogging
0x0000000000152000 	/System/Library/PrivateFrameworks/login.framework/Versions/A/login
0x0000000000152000 	/System/Library/Frameworks/DirectoryService.framework/Versions/A/DirectoryService
0x0000000000152000 	/System/Library/PrivateFrameworks/DiskImages.framework/Versions/A/DiskImages
0x0000000000152000 	/System/Library/PrivateFrameworks/LoginUIKit.framework/Versions/A/Frameworks/LoginUICore.framework/Versions/A/LoginUICore
0x0000000000152000 	/usr/lib/libodfde.dylib
0x0000000000152000 	/usr/lib/libcurl.4.dylib
0x0000000000152000 	/usr/lib/libcrypto.44.dylib
0x0000000000152000 	/usr/lib/libssl.46.dylib
0x0000000000152000 	/System/Library/Frameworks/LDAP.framework/Versions/A/LDAP
0x0000000000152000 	/System/Library/PrivateFrameworks/TrustEvaluationAgent.framework/Versions/A/TrustEvaluationAgent
0x0000000000152000 	/usr/lib/libsasl2.2.dylib
0x0000000000152000 	/System/Library/PrivateFrameworks/CoreDaemon.framework/Versions/B/CoreDaemon
0x0000000000152000 	/System/Library/PrivateFrameworks/AppleSRP.framework/Versions/A/AppleSRP
0x0000000000152000 	/System/Library/PrivateFrameworks/ViewBridge.framework/Versions/A/ViewBridge
0x0000000130ccb000 	/Library/Internet Plug-Ins/JavaAppletPlugin.plugin/Contents/Home/lib/libfontmanager.dylib
0x0000000118632000 	/Library/Internet Plug-Ins/JavaAppletPlugin.plugin/Contents/Home/lib/libosxui.dylib
0x0000000000152000 	/System/Library/Frameworks/OpenGL.framework/Versions/A/Resources/GLEngine.bundle/GLEngine
0x0000000000152000 	/System/Library/Frameworks/OpenGL.framework/Versions/A/Libraries/libGLProgrammability.dylib
0x0000000000152000 	/System/Library/Extensions/AppleIntelHD5000GraphicsGLDriver.bundle/Contents/MacOS/AppleIntelHD5000GraphicsGLDriver
0x0000000000152000 	/System/Library/PrivateFrameworks/GPUSupport.framework/Versions/A/Libraries/libGPUSupportMercury.dylib
0x0000000130d32000 	/System/Library/Extensions/AMDRadeonX4000GLDriver.bundle/Contents/MacOS/AMDRadeonX4000GLDriver
0x0000000000152000 	/System/Library/Extensions/AMDRadeonX4000GLDriver.bundle/Contents/MacOS/ATIRadeonX4000SCLib.dylib
0x0000000000152000 	/System/Library/Extensions/AMDShared.bundle/Contents/PlugIns/libSC.dylib
0x0000000000152000 	/System/Library/Frameworks/OpenGL.framework/Versions/A/Resources/GLRendererFloat.bundle/GLRendererFloat
0x0000000131205000 	/Library/Internet Plug-Ins/JavaAppletPlugin.plugin/Contents/Home/lib/libdcpr.dylib
0x00000001312f4000 	/Library/Internet Plug-Ins/JavaAppletPlugin.plugin/Contents/Home/lib/libnet.dylib
0x0000000131247000 	/Library/Internet Plug-Ins/JavaAppletPlugin.plugin/Contents/Home/lib/libnio.dylib
0x0000000000152000 	/System/Library/Extensions/AppleIntelHD5000GraphicsMTLDriver.bundle/Contents/MacOS/AppleIntelHD5000GraphicsMTLDriver
0x0000000000152000 	/System/Library/PrivateFrameworks/GPURawCounter.framework/Versions/A/GPURawCounter
0x0000000000152000 	/System/Library/Extensions/AMDMTLBronzeDriver.bundle/Contents/MacOS/AMDMTLBronzeDriver
0x0000000000152000 	/System/Library/PrivateFrameworks/IOAccelMemoryInfo.framework/Versions/A/IOAccelMemoryInfo
0x0000000000152000 	/System/Library/PrivateFrameworks/GPUCompiler.framework/Versions/31001/Libraries/libmetal_timestamp.dylib
0x000000017a929000 	/Library/Internet Plug-Ins/JavaAppletPlugin.plugin/Contents/Home/lib/libt2k.dylib
0x0000000000152000 	/System/Library/PrivateFrameworks/AccessibilityBundles.framework/Versions/A/AccessibilityBundles

VM Arguments:
java_command: /Users/urbanlarsson/Desktop/projects/Forskning/ANRU/cgsuite-0.7/cgsuite.jar
java_class_path (initial): /Users/urbanlarsson/Desktop/projects/Forskning/ANRU/cgsuite-0.7/cgsuite.jar
Launcher Type: SUN_STANDARD

Environment Variables:
PATH=/usr/bin:/bin:/usr/sbin:/sbin
SHELL=/bin/zsh
DISPLAY=/private/tmp/com.apple.launchd.ShP1Up4RAb/org.macosforge.xquartz:0

Signal Handlers:
SIGSEGV: [libjvm.dylib+0x5b1141], sa_mask[0]=11111111011111110111111111111111, sa_flags=SA_ONSTACK|SA_RESTART|SA_SIGINFO
SIGBUS: [libjvm.dylib+0x5b1141], sa_mask[0]=11111111011111110111111111111111, sa_flags=SA_RESTART|SA_SIGINFO
SIGFPE: [libjvm.dylib+0x487bc4], sa_mask[0]=11111111011111110111111111111111, sa_flags=SA_RESTART|SA_SIGINFO
SIGPIPE: [libjvm.dylib+0x487bc4], sa_mask[0]=11111111011111110111111111111111, sa_flags=SA_RESTART|SA_SIGINFO
SIGXFSZ: [libjvm.dylib+0x487bc4], sa_mask[0]=11111111011111110111111111111111, sa_flags=SA_RESTART|SA_SIGINFO
SIGILL: [libjvm.dylib+0x487bc4], sa_mask[0]=11111111011111110111111111111111, sa_flags=SA_RESTART|SA_SIGINFO
SIGUSR1: SIG_DFL, sa_mask[0]=00000000000000000000000000000000, sa_flags=none
SIGUSR2: [libjvm.dylib+0x4876e2], sa_mask[0]=00000000000000000000000000000000, sa_flags=SA_RESTART|SA_SIGINFO
SIGHUP: [libjvm.dylib+0x485cb9], sa_mask[0]=11111111011111110111111111111111, sa_flags=SA_RESTART|SA_SIGINFO
SIGINT: [libjvm.dylib+0x485cb9], sa_mask[0]=11111111011111110111111111111111, sa_flags=SA_RESTART|SA_SIGINFO
SIGTERM: [libjvm.dylib+0x485cb9], sa_mask[0]=11111111011111110111111111111111, sa_flags=SA_RESTART|SA_SIGINFO
SIGQUIT: [libjvm.dylib+0x485cb9], sa_mask[0]=11111111011111110111111111111111, sa_flags=SA_RESTART|SA_SIGINFO


---------------  S Y S T E M  ---------------

OS:Bsduname:Darwin 20.6.0 Darwin Kernel Version 20.6.0: Wed Jun 23 00:26:31 PDT 2021; root:xnu-7195.141.2~5/RELEASE_X86_64 x86_64
rlimit: STACK 8192k, CORE 0k, NPROC 2784, NOFILE 10240, AS infinity
load average:12.21 10.59 8.21

CPU:total 8 (4 cores per cpu, 2 threads per core) family 6 model 70 stepping 1, cmov, cx8, fxsr, mmx, sse, sse2, sse3, ssse3, sse4.1, sse4.2, popcnt, avx, avx2, aes, clmul, erms, lzcnt, ht, tsc, tscinvbit, bmi1, bmi2

Memory: 4k page, physical 16777216k(829428k free)

/proc/meminfo:


vm_info: Java HotSpot(TM) 64-Bit Server VM (25.121-b13) for bsd-amd64 JRE (1.8.0_121-b13), built on Dec 12 2016 20:39:32 by "java_re" with gcc 4.2.1 (Based on Apple Inc. build 5658) (LLVM build 2336.11.00)

time: Wed Aug 17 09:38:28 2022
elapsed time: 181792 seconds (2d 2h 29m 52s)

