#
# A fatal error has been detected by the Java Runtime Environment:
#
#  SIGSEGV (0xb) at pc=0x000000010bf032d7, pid=61277, tid=0x0000000000014107
#
# JRE version: Java(TM) SE Runtime Environment (8.0_121-b13) (build 1.8.0_121-b13)
# Java VM: Java HotSpot(TM) 64-Bit Server VM (25.121-b13 mixed mode bsd-amd64 compressed oops)
# Problematic frame:
# C  [libawt_lwawt.dylib+0x1c2d7]  OGLSD_SetScratchSurface+0x49
#
# Failed to write core dump. Core dumps have been disabled. To enable core dumping, try "ulimit -c unlimited" before starting Java again
#
# If you would like to submit a bug report, please visit:
#   http://bugreport.java.com/bugreport/crash.jsp
# The crash happened outside the Java Virtual Machine in native code.
# See problematic frame for where to report the bug.
#

---------------  T H R E A D  ---------------

Current thread (0x00007f930a02f000):  JavaThread "Java2D Queue Flusher" daemon [_thread_in_native, id=82183, stack(0x0000700003870000,0x0000700003970000)]

siginfo: si_signo: 11 (SIGSEGV), si_code: 1 (SEGV_MAPERR), si_addr: 0x0000000000000009

Registers:
RAX=0x00000000ffffffff, RBX=0x0000000000000009, RCX=0x0000000000000047, RDX=0x000000010bf24370
RSP=0x000070000396f820, RBP=0x000070000396f840, RSI=0x00007f9309925530, RDI=0x00007f930a02f1f8
R8 =0x00000000000030a0, R9 =0x0000000000000000, R10=0x000000011088b838, R11=0x00000000d80027d2
R12=0x0000000000000000, R13=0x0000000110c7d70c, R14=0x00007f930a02f1f8, R15=0x00007f930a02f000
RIP=0x000000010bf032d7, EFLAGS=0x0000000000010206, ERR=0x0000000000000004
  TRAPNO=0x000000000000000e

Top of Stack: (sp=0x000070000396f820)
0x000070000396f820:   00007f9309925530 0000000000000000
0x000070000396f830:   00007f93070efa10 00007f930a02f000
0x000070000396f840:   000070000396f8c0 000000010bf23e4e
0x000070000396f850:   000070000396f880 0000000109dbf45c
0x000070000396f860:   0000000000000064 0000000000000000
0x000070000396f870:   0000000000000064 00007f9309908178
0x000070000396f880:   000070000396f8e0 00007f93070efa20
0x000070000396f890:   0000000000000005 00007f930a02f1f8
0x000070000396f8a0:   00000006c0013e78 0000000000000000
0x000070000396f8b0:   000070000396f938 00007f930a02f000
0x000070000396f8c0:   000070000396f910 000000011088b8aa
0x000070000396f8d0:   00000006c0013e78 00007f930a02f000
0x000070000396f8e0:   000070000396f930 0000000110301428
0x000070000396f8f0:   00000006c0016c48 000070000396f938
0x000070000396f900:   000000017539cc70 0000000000000000
0x000070000396f910:   00000006c0013e78 0000000110998f50
0x000070000396f920:   000070000396f940 000070000396fa90
0x000070000396f930:   000070000396fa90 0000000110c7d604
0x000070000396f940:   0000000000000041 0000000127e15c78
0x000070000396f950:   0000000000000000 0000000000000000
0x000070000396f960:   0000000000000000 0000000100000000
0x000070000396f970:   00000000000000dc 0000000000000000
0x000070000396f980:   000070000396fa20 00007f930a02f000
0x000070000396f990:   000070000396f9f8 0000000110020b9a
0x000070000396f9a0:   0000000100000000 00000006c001ae28
0x000070000396f9b0:   00000006c0016c48 0000700000000000
0x000070000396f9c0:   0000000110c7c890 000070000396fa20
0x000070000396f9d0:   0000000127e15ec8 00000001753841b0
0x000070000396f9e0:   0000000000000001 00000006c0016c48
0x000070000396f9f0:   000070000396fa20 000070000396fa90
0x000070000396fa00:   00000001100007a7 0000000000000000
0x000070000396fa10:   000070000396fa90 00000001100007a7 

Instructions: (pc=0x000000010bf032d7)
0x000000010bf032b7:   c0 e9 82 00 00 00 48 8b 5e 10 48 85 db 75 0e bf
0x000000010bf032c7:   01 00 00 00 48 8d 15 0a 7e 03 00 eb d6 49 89 fe
0x000000010bf032d7:   4c 8b 3b 30 c0 e8 d9 a8 02 00 49 8b 3f 49 89 c4
0x000000010bf032e7:   48 8b 35 d2 03 06 00 30 c0 e8 e5 a9 02 00 48 85 

Register to memory mapping:

RAX=0x00000000ffffffff is an unknown value
RBX=0x0000000000000009 is an unknown value
RCX=0x0000000000000047 is an unknown value
RDX=0x000000010bf24370: Java_sun_java2d_opengl_OGLRenderQueue_flushBuffer+0xb5c in /Library/Internet Plug-Ins/JavaAppletPlugin.plugin/Contents/Home/lib/libawt_lwawt.dylib at 0x000000010bee7000
RSP=0x000070000396f820 is pointing into the stack for thread: 0x00007f930a02f000
RBP=0x000070000396f840 is pointing into the stack for thread: 0x00007f930a02f000
RSI=0x00007f9309925530 is an unknown value
RDI=0x00007f930a02f1f8 is an unknown value
R8 =0x00000000000030a0 is an unknown value
R9 =0x0000000000000000 is an unknown value
R10=0x000000011088b838 is at entry_point+56 in (nmethod*)0x000000011088b690
R11=0x00000000d80027d2 is an unknown value
R12=0x0000000000000000 is an unknown value
R13=0x0000000110c7d70c is at entry_point+2764 in (nmethod*)0x0000000110c7c890
R14=0x00007f930a02f1f8 is an unknown value
R15=0x00007f930a02f000 is a thread


Stack: [0x0000700003870000,0x0000700003970000],  sp=0x000070000396f820,  free space=1022k
Native frames: (J=compiled Java code, j=interpreted, Vv=VM code, C=native code)
C  [libawt_lwawt.dylib+0x1c2d7]  OGLSD_SetScratchSurface+0x49
C  [libawt_lwawt.dylib+0x3ce4e]  Java_sun_java2d_opengl_OGLRenderQueue_flushBuffer+0x63a
J 2716  sun.java2d.opengl.OGLRenderQueue.flushBuffer(JI)V (0 bytes) @ 0x000000011088b8aa [0x000000011088b800+0xaa]
J 4683 C2 sun.java2d.opengl.OGLRenderQueue.flushBuffer()V (41 bytes) @ 0x0000000110998f50 [0x0000000110998f00+0x50]
J 4330% C1 sun.java2d.opengl.OGLRenderQueue$QueueFlusher.run()V (234 bytes) @ 0x0000000110c7d604 [0x0000000110c7cc40+0x9c4]
v  ~StubRoutines::call_stub
V  [libjvm.dylib+0x2ed9d6]
V  [libjvm.dylib+0x2ee164]
V  [libjvm.dylib+0x2ee310]
V  [libjvm.dylib+0x348a5d]
V  [libjvm.dylib+0x56ab0f]
V  [libjvm.dylib+0x56c1fc]
V  [libjvm.dylib+0x48a5b2]
C  [libsystem_pthread.dylib+0x68fc]  _pthread_start+0xe0
C  [libsystem_pthread.dylib+0x2443]  thread_start+0xf
C  0x0000000000000000

Java frames: (J=compiled Java code, j=interpreted, Vv=VM code)
J 2716  sun.java2d.opengl.OGLRenderQueue.flushBuffer(JI)V (0 bytes) @ 0x000000011088b838 [0x000000011088b800+0x38]
J 4683 C2 sun.java2d.opengl.OGLRenderQueue.flushBuffer()V (41 bytes) @ 0x0000000110998f50 [0x0000000110998f00+0x50]
J 4330% C1 sun.java2d.opengl.OGLRenderQueue$QueueFlusher.run()V (234 bytes) @ 0x0000000110c7d604 [0x0000000110c7cc40+0x9c4]
v  ~StubRoutines::call_stub

---------------  P R O C E S S  ---------------

Java Threads: ( => current thread )
  0x00007f93062a3000 JavaThread "SwingWorker-pool-1-thread-3" daemon [_thread_blocked, id=27155, stack(0x0000700003f85000,0x0000700004085000)]
  0x00007f9305734800 JavaThread "SwingWorker-pool-1-thread-2" daemon [_thread_blocked, id=74287, stack(0x0000700003a76000,0x0000700003b76000)]
  0x00007f9305760800 JavaThread "SwingWorker-pool-1-thread-1" daemon [_thread_blocked, id=28555, stack(0x00007000035e1000,0x00007000036e1000)]
  0x00007f930500f000 JavaThread "DestroyJavaVM" [_thread_blocked, id=3843, stack(0x0000700001f19000,0x0000700002019000)]
  0x00007f9306823000 JavaThread "Thread-5" [_thread_blocked, id=60163, stack(0x0000700003e82000,0x0000700003f82000)]
  0x00007f93071d3800 JavaThread "Thread-4" [_thread_blocked, id=72727, stack(0x0000700003d7f000,0x0000700003e7f000)]
  0x00007f930a031800 JavaThread "TimerQueue" daemon [_thread_blocked, id=59663, stack(0x0000700003c7c000,0x0000700003d7c000)]
  0x00007f930712e800 JavaThread "AWT-EventQueue-0" [_thread_blocked, id=57651, stack(0x0000700003b79000,0x0000700003c79000)]
  0x00007f930712e000 JavaThread "AWT-Shutdown" [_thread_blocked, id=36119, stack(0x000070000345b000,0x000070000355b000)]
  0x00007f9305298800 JavaThread "Java2D Disposer" daemon [_thread_blocked, id=52483, stack(0x0000700003973000,0x0000700003a73000)]
=>0x00007f930a02f000 JavaThread "Java2D Queue Flusher" daemon [_thread_in_native, id=82183, stack(0x0000700003870000,0x0000700003970000)]
  0x00007f93060e2000 JavaThread "AppKit Thread" daemon [_thread_in_native, id=259, stack(0x00007ffee5bab000,0x00007ffee63ab000)]
  0x00007f9307035000 JavaThread "Timer-0" daemon [_thread_blocked, id=21763, stack(0x0000700003358000,0x0000700003458000)]
  0x00007f930605e000 JavaThread "Service Thread" daemon [_thread_blocked, id=15363, stack(0x0000700003152000,0x0000700003252000)]
  0x00007f9306808800 JavaThread "C1 CompilerThread3" daemon [_thread_blocked, id=14851, stack(0x000070000304f000,0x000070000314f000)]
  0x00007f9306035000 JavaThread "C2 CompilerThread2" daemon [_thread_blocked, id=16643, stack(0x0000700002f4c000,0x000070000304c000)]
  0x00007f9306034000 JavaThread "C2 CompilerThread1" daemon [_thread_blocked, id=17155, stack(0x0000700002e49000,0x0000700002f49000)]
  0x00007f9305057000 JavaThread "C2 CompilerThread0" daemon [_thread_blocked, id=17411, stack(0x0000700002d46000,0x0000700002e46000)]
  0x00007f9305056800 JavaThread "Signal Dispatcher" daemon [_thread_blocked, id=17923, stack(0x0000700002c43000,0x0000700002d43000)]
  0x00007f9306019000 JavaThread "Finalizer" daemon [_thread_blocked, id=12035, stack(0x0000700002a3a000,0x0000700002b3a000)]
  0x00007f9306016800 JavaThread "Reference Handler" daemon [_thread_blocked, id=11779, stack(0x0000700002937000,0x0000700002a37000)]

Other Threads:
  0x00007f9309008800 VMThread [stack: 0x0000700002834000,0x0000700002934000] [id=19715]
  0x00007f9305052000 WatcherThread [stack: 0x0000700003255000,0x0000700003355000] [id=16131]

VM state:not at safepoint (normal execution)

VM Mutex/Monitor currently owned by a thread: None

Heap:
 PSYoungGen      total 54784K, used 3685K [0x000000076ab00000, 0x000000076fb80000, 0x00000007c0000000)
  eden space 30208K, 12% used [0x000000076ab00000,0x000000076ae99410,0x000000076c880000)
  from space 24576K, 0% used [0x000000076c880000,0x000000076c880000,0x000000076e080000)
  to   space 26112K, 0% used [0x000000076e200000,0x000000076e200000,0x000000076fb80000)
 ParOldGen       total 95744K, used 20794K [0x00000006c0000000, 0x00000006c5d80000, 0x000000076ab00000)
  object space 95744K, 21% used [0x00000006c0000000,0x00000006c144e830,0x00000006c5d80000)
 Metaspace       used 20717K, capacity 20932K, committed 21248K, reserved 1069056K
  class space    used 2452K, capacity 2528K, committed 2560K, reserved 1048576K

Card table byte_map: [0x000000010ac80000,0x000000010b481000] byte_map_base: 0x0000000107680000

Marking Bits: (ParMarkBitMap*) 0x000000010a178d30
 Begin Bits: [0x000000011f000000, 0x0000000123000000)
 End Bits:   [0x0000000123000000, 0x0000000127000000)

Polling page: 0x000000010a86d000

CodeCache: size=245760Kb used=14378Kb max_used=14384Kb free=231381Kb
 bounds [0x0000000110000000, 0x0000000110e30000, 0x000000011f000000]
 total_blobs=4582 nmethods=3952 adapters=541
 compilation: enabled

Compilation events (10 events):
Event: 43663.279 Thread 0x00007f9306035000 4798  s    4       sun.font.CCharToGlyphMapper::charToGlyph (63 bytes)
Event: 43663.279 Thread 0x00007f9305057000 4799  s    4       sun.font.CCharToGlyphMapper::charToGlyph (59 bytes)
Event: 43663.304 Thread 0x00007f9306035000 nmethod 4798 0x0000000110e25910 code [0x0000000110e25b20, 0x0000000110e27180]
Event: 43663.310 Thread 0x00007f9305057000 nmethod 4799 0x000000011053d950 code [0x000000011053db60, 0x000000011053f2a0]
Event: 43663.533 Thread 0x00007f9306034000 4800       4       javax.swing.UIDefaults$TextAndMnemonicHashMap::get (358 bytes)
Event: 43663.582 Thread 0x00007f9306034000 nmethod 4800 0x0000000110539a90 code [0x0000000110539c60, 0x000000011053a718]
Event: 43663.751 Thread 0x00007f9306035000 4801       4       sun.java2d.loops.Blit::getFromCache (132 bytes)
Event: 43663.762 Thread 0x00007f9306035000 nmethod 4801 0x00000001105871d0 code [0x0000000110587360, 0x0000000110587a58]
Event: 43663.781 Thread 0x00007f9306808800 4802       3       sun.java2d.SunGraphics2D::revalidateAll (94 bytes)
Event: 43663.782 Thread 0x00007f9306808800 nmethod 4802 0x0000000110c1d850 code [0x0000000110c1daa0, 0x0000000110c1ecd8]

GC Heap History (10 events):
Event: 43633.599 GC heap before
{Heap before GC invocations=50 (full 2):
 PSYoungGen      total 45056K, used 44092K [0x000000076ab00000, 0x000000076fb80000, 0x00000007c0000000)
  eden space 31232K, 98% used [0x000000076ab00000,0x000000076c8f2a70,0x000000076c980000)
  from space 13824K, 97% used [0x000000076c980000,0x000000076d69c8d8,0x000000076d700000)
  to   space 25600K, 0% used [0x000000076e280000,0x000000076e280000,0x000000076fb80000)
 ParOldGen       total 175104K, used 155823K [0x00000006c0000000, 0x00000006cab00000, 0x000000076ab00000)
  object space 175104K, 88% used [0x00000006c0000000,0x00000006c982bff8,0x00000006cab00000)
 Metaspace       used 20717K, capacity 20950K, committed 21248K, reserved 1069056K
  class space    used 2456K, capacity 2535K, committed 2560K, reserved 1048576K
Event: 43633.613 GC heap after
Heap after GC invocations=50 (full 2):
 PSYoungGen      total 54784K, used 12006K [0x000000076ab00000, 0x000000076f980000, 0x00000007c0000000)
  eden space 31232K, 0% used [0x000000076ab00000,0x000000076ab00000,0x000000076c980000)
  from space 23552K, 50% used [0x000000076e280000,0x000000076ee399e8,0x000000076f980000)
  to   space 24576K, 0% used [0x000000076c980000,0x000000076c980000,0x000000076e180000)
 ParOldGen       total 175104K, used 162858K [0x00000006c0000000, 0x00000006cab00000, 0x000000076ab00000)
  object space 175104K, 93% used [0x00000006c0000000,0x00000006c9f0ab20,0x00000006cab00000)
 Metaspace       used 20717K, capacity 20950K, committed 21248K, reserved 1069056K
  class space    used 2456K, capacity 2535K, committed 2560K, reserved 1048576K
}
Event: 43651.040 GC heap before
{Heap before GC invocations=51 (full 2):
 PSYoungGen      total 54784K, used 42742K [0x000000076ab00000, 0x000000076f980000, 0x00000007c0000000)
  eden space 31232K, 98% used [0x000000076ab00000,0x000000076c903ff0,0x000000076c980000)
  from space 23552K, 50% used [0x000000076e280000,0x000000076ee399e8,0x000000076f980000)
  to   space 24576K, 0% used [0x000000076c980000,0x000000076c980000,0x000000076e180000)
 ParOldGen       total 175104K, used 162858K [0x00000006c0000000, 0x00000006cab00000, 0x000000076ab00000)
  object space 175104K, 93% used [0x00000006c0000000,0x00000006c9f0ab20,0x00000006cab00000)
 Metaspace       used 20727K, capacity 20950K, committed 21248K, reserved 1069056K
  class space    used 2456K, capacity 2535K, committed 2560K, reserved 1048576K
Event: 43651.054 GC heap after
Heap after GC invocations=51 (full 2):
 PSYoungGen      total 45568K, used 14022K [0x000000076ab00000, 0x000000076f780000, 0x00000007c0000000)
  eden space 31232K, 0% used [0x000000076ab00000,0x000000076ab00000,0x000000076c980000)
  from space 14336K, 97% used [0x000000076c980000,0x000000076d7319b8,0x000000076d780000)
  to   space 23552K, 0% used [0x000000076e080000,0x000000076e080000,0x000000076f780000)
 ParOldGen       total 175104K, used 162968K [0x00000006c0000000, 0x00000006cab00000, 0x000000076ab00000)
  object space 175104K, 93% used [0x00000006c0000000,0x00000006c9f260f0,0x00000006cab00000)
 Metaspace       used 20727K, capacity 20950K, committed 21248K, reserved 1069056K
  class space    used 2456K, capacity 2535K, committed 2560K, reserved 1048576K
}
Event: 43656.314 GC heap before
{Heap before GC invocations=52 (full 2):
 PSYoungGen      total 45568K, used 42355K [0x000000076ab00000, 0x000000076f780000, 0x00000007c0000000)
  eden space 31232K, 90% used [0x000000076ab00000,0x000000076c6ab248,0x000000076c980000)
  from space 14336K, 97% used [0x000000076c980000,0x000000076d7319b8,0x000000076d780000)
  to   space 23552K, 0% used [0x000000076e080000,0x000000076e080000,0x000000076f780000)
 ParOldGen       total 175104K, used 162968K [0x00000006c0000000, 0x00000006cab00000, 0x000000076ab00000)
  object space 175104K, 93% used [0x00000006c0000000,0x00000006c9f260f0,0x00000006cab00000)
 Metaspace       used 20727K, capacity 20950K, committed 21248K, reserved 1069056K
  class space    used 2456K, capacity 2535K, committed 2560K, reserved 1048576K
Event: 43656.318 GC heap after
Heap after GC invocations=52 (full 2):
 PSYoungGen      total 53760K, used 19274K [0x000000076ab00000, 0x000000076f980000, 0x00000007c0000000)
  eden space 30208K, 0% used [0x000000076ab00000,0x000000076ab00000,0x000000076c880000)
  from space 23552K, 81% used [0x000000076e080000,0x000000076f352858,0x000000076f780000)
  to   space 24576K, 0% used [0x000000076c880000,0x000000076c880000,0x000000076e080000)
 ParOldGen       total 175104K, used 163000K [0x00000006c0000000, 0x00000006cab00000, 0x000000076ab00000)
  object space 175104K, 93% used [0x00000006c0000000,0x00000006c9f2e0f0,0x00000006cab00000)
 Metaspace       used 20727K, capacity 20950K, committed 21248K, reserved 1069056K
  class space    used 2456K, capacity 2535K, committed 2560K, reserved 1048576K
}
Event: 43664.443 GC heap before
{Heap before GC invocations=53 (full 2):
 PSYoungGen      total 53760K, used 47459K [0x000000076ab00000, 0x000000076f980000, 0x00000007c0000000)
  eden space 30208K, 93% used [0x000000076ab00000,0x000000076c686500,0x000000076c880000)
  from space 23552K, 81% used [0x000000076e080000,0x000000076f352858,0x000000076f780000)
  to   space 24576K, 0% used [0x000000076c880000,0x000000076c880000,0x000000076e080000)
 ParOldGen       total 175104K, used 163000K [0x00000006c0000000, 0x00000006cab00000, 0x000000076ab00000)
  object space 175104K, 93% used [0x00000006c0000000,0x00000006c9f2e0f0,0x00000006cab00000)
 Metaspace       used 20729K, capacity 20950K, committed 21248K, reserved 1069056K
  class space    used 2456K, capacity 2535K, committed 2560K, reserved 1048576K
Event: 43664.449 GC heap after
Heap after GC invocations=53 (full 2):
 PSYoungGen      total 54784K, used 20293K [0x000000076ab00000, 0x000000076fb80000, 0x00000007c0000000)
  eden space 30208K, 0% used [0x000000076ab00000,0x000000076ab00000,0x000000076c880000)
  from space 24576K, 82% used [0x000000076c880000,0x000000076dc51598,0x000000076e080000)
  to   space 26112K, 0% used [0x000000076e200000,0x000000076e200000,0x000000076fb80000)
 ParOldGen       total 175104K, used 169999K [0x00000006c0000000, 0x00000006cab00000, 0x000000076ab00000)
  object space 175104K, 97% used [0x00000006c0000000,0x00000006ca603e50,0x00000006cab00000)
 Metaspace       used 20729K, capacity 20950K, committed 21248K, reserved 1069056K
  class space    used 2456K, capacity 2535K, committed 2560K, reserved 1048576K
}
Event: 43664.449 GC heap before
{Heap before GC invocations=54 (full 3):
 PSYoungGen      total 54784K, used 20293K [0x000000076ab00000, 0x000000076fb80000, 0x00000007c0000000)
  eden space 30208K, 0% used [0x000000076ab00000,0x000000076ab00000,0x000000076c880000)
  from space 24576K, 82% used [0x000000076c880000,0x000000076dc51598,0x000000076e080000)
  to   space 26112K, 0% used [0x000000076e200000,0x000000076e200000,0x000000076fb80000)
 ParOldGen       total 175104K, used 169999K [0x00000006c0000000, 0x00000006cab00000, 0x000000076ab00000)
  object space 175104K, 97% used [0x00000006c0000000,0x00000006ca603e50,0x00000006cab00000)
 Metaspace       used 20729K, capacity 20950K, committed 21248K, reserved 1069056K
  class space    used 2456K, capacity 2535K, committed 2560K, reserved 1048576K
Event: 43664.587 GC heap after
Heap after GC invocations=54 (full 3):
 PSYoungGen      total 54784K, used 0K [0x000000076ab00000, 0x000000076fb80000, 0x00000007c0000000)
  eden space 30208K, 0% used [0x000000076ab00000,0x000000076ab00000,0x000000076c880000)
  from space 24576K, 0% used [0x000000076c880000,0x000000076c880000,0x000000076e080000)
  to   space 26112K, 0% used [0x000000076e200000,0x000000076e200000,0x000000076fb80000)
 ParOldGen       total 95744K, used 20794K [0x00000006c0000000, 0x00000006c5d80000, 0x000000076ab00000)
  object space 95744K, 21% used [0x00000006c0000000,0x00000006c144e830,0x00000006c5d80000)
 Metaspace       used 20717K, capacity 20932K, committed 21248K, reserved 1069056K
  class space    used 2452K, capacity 2528K, committed 2560K, reserved 1048576K
}

Deoptimization events (10 events):
Event: 43273.975 Thread 0x00007f93060e2000 Uncommon trap: reason=unstable_if action=reinterpret pc=0x00000001109e53d8 method=java.util.concurrent.locks.ReentrantLock$Sync.nonfairTryAcquire(I)Z @ 19
Event: 43419.106 Thread 0x00007f930712e800 Uncommon trap: reason=class_check action=maybe_recompile pc=0x00000001103de614 method=sun.java2d.pipe.DrawImage.transformImage(Lsun/java2d/SunGraphics2D;Ljava/awt/Image;Ljava/awt/geom/AffineTransform;IIIIILjava/awt/Color;)V @ 120
Event: 43491.099 Thread 0x00007f930712e800 Uncommon trap: reason=unstable_if action=reinterpret pc=0x0000000110c81758 method=sun.font.GlyphList.getInstance()Lsun/font/GlyphList; @ 3
Event: 43491.099 Thread 0x00007f930712e800 Uncommon trap: reason=unstable_if action=reinterpret pc=0x0000000110caf110 method=sun.font.GlyphList.ensureCapacity(I)V @ 41
Event: 43491.099 Thread 0x00007f930712e800 Uncommon trap: reason=unstable_if action=reinterpret pc=0x0000000110599758 method=sun.font.GlyphList.dispose()V @ 4
Event: 43491.105 Thread 0x00007f930712e800 Uncommon trap: reason=unstable_if action=reinterpret pc=0x0000000110d38bb0 method=sun.font.GlyphList.getInstance()Lsun/font/GlyphList; @ 3
Event: 43491.105 Thread 0x00007f930712e800 Uncommon trap: reason=unstable_if action=reinterpret pc=0x0000000110ce1d80 method=sun.font.GlyphList.ensureCapacity(I)V @ 41
Event: 43496.514 Thread 0x00007f930712e800 Uncommon trap: reason=unstable_if action=reinterpret pc=0x0000000110cf29c4 method=sun.java2d.pipe.Region.calcBBox()V @ 17
Event: 43566.482 Thread 0x00007f93060e2000 Uncommon trap: reason=unstable_if action=reinterpret pc=0x00000001108a3650 method=sun.awt.PostEventQueue.flush()V @ 23
Event: 43591.278 Thread 0x00007f930712e800 Uncommon trap: reason=class_check action=maybe_recompile pc=0x00000001103de614 method=sun.java2d.pipe.DrawImage.transformImage(Lsun/java2d/SunGraphics2D;Ljava/awt/Image;Ljava/awt/geom/AffineTransform;IIIIILjava/awt/Color;)V @ 120

Internal exceptions (10 events):
Event: 0.516 Thread 0x00007f930500f000 Exception <a 'java/io/FileNotFoundException'> (0x000000076b0e5ec0) thrown at [/Users/java_re/workspace/8-2-build-macosx-x86_64/jdk8u121/8372/hotspot/src/share/vm/prims/jni.cpp, line 709]
Event: 3.512 Thread 0x00007f9306019000 Exception <a 'java/lang/NullPointerException'> (0x000000076b11ed58) thrown at [/Users/java_re/workspace/8-2-build-macosx-x86_64/jdk8u121/8372/hotspot/src/share/vm/interpreter/linkResolver.cpp, line 1178]
Event: 3.512 Thread 0x00007f9306019000 Exception <a 'java/lang/NullPointerException'> (0x000000076b11ef60) thrown at [/Users/java_re/workspace/8-2-build-macosx-x86_64/jdk8u121/8372/hotspot/src/share/vm/interpreter/linkResolver.cpp, line 1178]
Event: 30.832 Thread 0x00007f930712e800 Exception <a 'java/lang/ClassCastException'> (0x000000076b399d88) thrown at [/Users/java_re/workspace/8-2-build-macosx-x86_64/jdk8u121/8372/hotspot/src/share/vm/runtime/sharedRuntime.cpp, line 605]
Event: 80.649 Thread 0x00007f930712e800 Exception <a 'java/lang/ClassCastException': java.awt.font.StyledParagraph cannot be cast to java.awt.Font> (0x000000076b02cbe0) thrown at [/Users/java_re/workspace/8-2-build-macosx-x86_64/jdk8u121/8372/hotspot/src/share/vm/interpreter/interpreterRuntime.
Event: 93.687 Thread 0x00007f930712e800 Exception <a 'java/lang/ClassCastException': java.awt.font.StyledParagraph cannot be cast to java.awt.Font> (0x000000076b323be0) thrown at [/Users/java_re/workspace/8-2-build-macosx-x86_64/jdk8u121/8372/hotspot/src/share/vm/interpreter/interpreterRuntime.
Event: 312.921 Thread 0x00007f930712e800 Exception <a 'java/lang/ClassCastException': java.awt.font.StyledParagraph cannot be cast to java.awt.Font> (0x000000076cfc3868) thrown at [/Users/java_re/workspace/8-2-build-macosx-x86_64/jdk8u121/8372/hotspot/src/share/vm/interpreter/interpreterRuntime.
Event: 327.313 Thread 0x00007f930712e800 Exception <a 'java/lang/ClassCastException': java.awt.font.StyledParagraph cannot be cast to java.awt.Font> (0x000000076d192f00) thrown at [/Users/java_re/workspace/8-2-build-macosx-x86_64/jdk8u121/8372/hotspot/src/share/vm/interpreter/interpreterRuntime.
Event: 676.544 Thread 0x00007f930712e800 Implicit null exception at 0x00000001107b8585 to 0x00000001107b96cd
Event: 43133.032 Thread 0x00007f93060e2000 Implicit null exception at 0x0000000110a5d703 to 0x0000000110a60371

Events (10 events):
Event: 43664.588 Executing VM operation: RevokeBias
Event: 43664.589 Executing VM operation: RevokeBias done
Event: 43664.589 Executing VM operation: RevokeBias
Event: 43664.589 Executing VM operation: RevokeBias done
Event: 43664.589 Executing VM operation: RevokeBias
Event: 43664.589 Executing VM operation: RevokeBias done
Event: 43664.589 Executing VM operation: RevokeBias
Event: 43664.589 Executing VM operation: RevokeBias done
Event: 43664.589 Executing VM operation: BulkRevokeBias
Event: 43664.589 Executing VM operation: BulkRevokeBias done


Dynamic libraries:
0x0000000000152000 	/System/Library/Frameworks/Cocoa.framework/Versions/A/Cocoa
0x0000000000152000 	/System/Library/Frameworks/Security.framework/Versions/A/Security
0x0000000000152000 	/System/Library/Frameworks/ApplicationServices.framework/Versions/A/ApplicationServices
0x0000000000152000 	/usr/lib/libz.1.dylib
0x0000000000152000 	/usr/lib/libSystem.B.dylib
0x0000000000152000 	/usr/lib/libobjc.A.dylib
0x0000000000152000 	/System/Library/Frameworks/CoreFoundation.framework/Versions/A/CoreFoundation
0x0000000000152000 	/System/Library/Frameworks/Foundation.framework/Versions/C/Foundation
0x0000000000152000 	/System/Library/Frameworks/AppKit.framework/Versions/C/AppKit
0x0000000000152000 	/System/Library/Frameworks/CoreData.framework/Versions/A/CoreData
0x0000000000152000 	/System/Library/PrivateFrameworks/UIFoundation.framework/Versions/A/UIFoundation
0x0000000000152000 	/System/Library/PrivateFrameworks/RemoteViewServices.framework/Versions/A/RemoteViewServices
0x0000000000152000 	/System/Library/PrivateFrameworks/XCTTargetBootstrap.framework/Versions/A/XCTTargetBootstrap
0x0000000000152000 	/usr/lib/libspindump.dylib
0x0000000000152000 	/System/Library/Frameworks/UniformTypeIdentifiers.framework/Versions/A/UniformTypeIdentifiers
0x0000000000152000 	/usr/lib/libapp_launch_measurement.dylib
0x0000000000152000 	/System/Library/PrivateFrameworks/CoreAutoLayout.framework/Versions/A/CoreAutoLayout
0x0000000000152000 	/System/Library/Frameworks/Metal.framework/Versions/A/Metal
0x0000000000152000 	/usr/lib/liblangid.dylib
0x0000000000152000 	/System/Library/PrivateFrameworks/CoreSVG.framework/Versions/A/CoreSVG
0x0000000000152000 	/System/Library/PrivateFrameworks/SkyLight.framework/Versions/A/SkyLight
0x0000000000152000 	/System/Library/Frameworks/CoreGraphics.framework/Versions/A/CoreGraphics
0x0000000000152000 	/System/Library/Frameworks/Accelerate.framework/Versions/A/Accelerate
0x0000000000152000 	/System/Library/PrivateFrameworks/IconServices.framework/Versions/A/IconServices
0x0000000000152000 	/System/Library/Frameworks/IOSurface.framework/Versions/A/IOSurface
0x0000000000152000 	/usr/lib/libDiagnosticMessagesClient.dylib
0x0000000000152000 	/System/Library/PrivateFrameworks/DFRFoundation.framework/Versions/A/DFRFoundation
0x0000000000152000 	/usr/lib/libicucore.A.dylib
0x0000000000152000 	/System/Library/Frameworks/AudioToolbox.framework/Versions/A/AudioToolbox
0x0000000000152000 	/System/Library/PrivateFrameworks/DataDetectorsCore.framework/Versions/A/DataDetectorsCore
0x0000000000152000 	/usr/lib/libMobileGestalt.dylib
0x0000000000152000 	/System/Library/Frameworks/Carbon.framework/Versions/A/Frameworks/HIToolbox.framework/Versions/A/HIToolbox
0x0000000000152000 	/System/Library/Frameworks/QuartzCore.framework/Versions/A/QuartzCore
0x0000000000152000 	/System/Library/Frameworks/Carbon.framework/Versions/A/Frameworks/SpeechRecognition.framework/Versions/A/SpeechRecognition
0x0000000000152000 	/System/Library/PrivateFrameworks/CoreUI.framework/Versions/A/CoreUI
0x0000000000152000 	/System/Library/Frameworks/CoreAudio.framework/Versions/A/CoreAudio
0x0000000000152000 	/System/Library/Frameworks/DiskArbitration.framework/Versions/A/DiskArbitration
0x0000000000152000 	/System/Library/PrivateFrameworks/MultitouchSupport.framework/Versions/A/MultitouchSupport
0x0000000000152000 	/System/Library/PrivateFrameworks/InternationalSupport.framework/Versions/A/InternationalSupport
0x0000000000152000 	/usr/lib/libenergytrace.dylib
0x0000000000152000 	/System/Library/Frameworks/IOKit.framework/Versions/A/IOKit
0x0000000000152000 	/System/Library/Frameworks/CoreServices.framework/Versions/A/CoreServices
0x0000000000152000 	/System/Library/PrivateFrameworks/PerformanceAnalysis.framework/Versions/A/PerformanceAnalysis
0x0000000000152000 	/System/Library/Frameworks/OpenGL.framework/Versions/A/OpenGL
0x0000000000152000 	/System/Library/PrivateFrameworks/UserActivity.framework/Versions/A/UserActivity
0x0000000000152000 	/System/Library/Frameworks/ColorSync.framework/Versions/A/ColorSync
0x0000000000152000 	/System/Library/Frameworks/CoreImage.framework/Versions/A/CoreImage
0x0000000000152000 	/System/Library/Frameworks/CoreText.framework/Versions/A/CoreText
0x0000000000152000 	/System/Library/Frameworks/ImageIO.framework/Versions/A/ImageIO
0x0000000000152000 	/System/Library/PrivateFrameworks/SoftLinking.framework/Versions/A/SoftLinking
0x0000000000152000 	/usr/lib/libxml2.2.dylib
0x0000000000152000 	/usr/lib/libc++.1.dylib
0x0000000000152000 	/usr/lib/libcompression.dylib
0x0000000000152000 	/System/Library/PrivateFrameworks/TextureIO.framework/Versions/A/TextureIO
0x0000000000152000 	/usr/lib/libate.dylib
0x0000000000152000 	/usr/lib/system/libcache.dylib
0x0000000000152000 	/usr/lib/system/libcommonCrypto.dylib
0x0000000000152000 	/usr/lib/system/libcompiler_rt.dylib
0x0000000000152000 	/usr/lib/system/libcopyfile.dylib
0x0000000000152000 	/usr/lib/system/libcorecrypto.dylib
0x0000000000152000 	/usr/lib/system/libdispatch.dylib
0x0000000000152000 	/usr/lib/system/libdyld.dylib
0x0000000000152000 	/usr/lib/system/libkeymgr.dylib
0x0000000000152000 	/usr/lib/system/liblaunch.dylib
0x0000000000152000 	/usr/lib/system/libmacho.dylib
0x0000000000152000 	/usr/lib/system/libquarantine.dylib
0x0000000000152000 	/usr/lib/system/libremovefile.dylib
0x0000000000152000 	/usr/lib/system/libsystem_asl.dylib
0x0000000000152000 	/usr/lib/system/libsystem_blocks.dylib
0x0000000000152000 	/usr/lib/system/libsystem_c.dylib
0x0000000000152000 	/usr/lib/system/libsystem_collections.dylib
0x0000000000152000 	/usr/lib/system/libsystem_configuration.dylib
0x0000000000152000 	/usr/lib/system/libsystem_containermanager.dylib
0x0000000000152000 	/usr/lib/system/libsystem_coreservices.dylib
0x0000000000152000 	/usr/lib/system/libsystem_darwin.dylib
0x0000000000152000 	/usr/lib/system/libsystem_dnssd.dylib
0x0000000000152000 	/usr/lib/system/libsystem_featureflags.dylib
0x0000000000152000 	/usr/lib/system/libsystem_info.dylib
0x0000000000152000 	/usr/lib/system/libsystem_m.dylib
0x0000000000152000 	/usr/lib/system/libsystem_malloc.dylib
0x0000000000152000 	/usr/lib/system/libsystem_networkextension.dylib
0x0000000000152000 	/usr/lib/system/libsystem_notify.dylib
0x0000000000152000 	/usr/lib/system/libsystem_product_info_filter.dylib
0x0000000000152000 	/usr/lib/system/libsystem_sandbox.dylib
0x0000000000152000 	/usr/lib/system/libsystem_secinit.dylib
0x0000000000152000 	/usr/lib/system/libsystem_kernel.dylib
0x0000000000152000 	/usr/lib/system/libsystem_platform.dylib
0x0000000000152000 	/usr/lib/system/libsystem_pthread.dylib
0x0000000000152000 	/usr/lib/system/libsystem_symptoms.dylib
0x0000000000152000 	/usr/lib/system/libsystem_trace.dylib
0x0000000000152000 	/usr/lib/system/libunwind.dylib
0x0000000000152000 	/usr/lib/system/libxpc.dylib
0x0000000000152000 	/usr/lib/libc++abi.dylib
0x0000000000152000 	/usr/lib/liboah.dylib
0x0000000000152000 	/usr/lib/liblzma.5.dylib
0x0000000000152000 	/System/Library/Frameworks/SystemConfiguration.framework/Versions/A/SystemConfiguration
0x0000000000152000 	/usr/lib/libfakelink.dylib
0x0000000000152000 	/System/Library/Frameworks/CFNetwork.framework/Versions/A/CFNetwork
0x0000000000152000 	/usr/lib/libarchive.2.dylib
0x0000000000152000 	/usr/lib/libCRFSuite.dylib
0x0000000000152000 	/usr/lib/libbsm.0.dylib
0x0000000000152000 	/usr/lib/libnetwork.dylib
0x0000000000152000 	/usr/lib/libpcap.A.dylib
0x0000000000152000 	/usr/lib/libdns_services.dylib
0x0000000000152000 	/usr/lib/libcoretls_cfhelpers.dylib
0x0000000000152000 	/usr/lib/libapple_nghttp2.dylib
0x0000000000152000 	/usr/lib/system/libkxld.dylib
0x0000000000152000 	/usr/lib/libsqlite3.dylib
0x0000000000152000 	/System/Library/PrivateFrameworks/AppleFSCompression.framework/Versions/A/AppleFSCompression
0x0000000000152000 	/usr/lib/libcoretls.dylib
0x0000000000152000 	/usr/lib/libpam.2.dylib
0x0000000000152000 	/usr/lib/libxar.1.dylib
0x0000000000152000 	/System/Library/PrivateFrameworks/AppleSystemInfo.framework/Versions/A/AppleSystemInfo
0x0000000000152000 	/System/Library/PrivateFrameworks/IOMobileFramebuffer.framework/Versions/A/IOMobileFramebuffer
0x0000000000152000 	/usr/lib/libbz2.1.0.dylib
0x0000000000152000 	/usr/lib/libiconv.2.dylib
0x0000000000152000 	/usr/lib/libcharset.1.dylib
0x0000000000152000 	/System/Library/Frameworks/CoreServices.framework/Versions/A/Frameworks/FSEvents.framework/Versions/A/FSEvents
0x0000000000152000 	/System/Library/Frameworks/CoreServices.framework/Versions/A/Frameworks/CarbonCore.framework/Versions/A/CarbonCore
0x0000000000152000 	/System/Library/Frameworks/CoreServices.framework/Versions/A/Frameworks/Metadata.framework/Versions/A/Metadata
0x0000000000152000 	/System/Library/Frameworks/CoreServices.framework/Versions/A/Frameworks/OSServices.framework/Versions/A/OSServices
0x0000000000152000 	/System/Library/Frameworks/CoreServices.framework/Versions/A/Frameworks/SearchKit.framework/Versions/A/SearchKit
0x0000000000152000 	/System/Library/Frameworks/CoreServices.framework/Versions/A/Frameworks/AE.framework/Versions/A/AE
0x0000000000152000 	/System/Library/Frameworks/CoreServices.framework/Versions/A/Frameworks/LaunchServices.framework/Versions/A/LaunchServices
0x0000000000152000 	/System/Library/Frameworks/CoreServices.framework/Versions/A/Frameworks/DictionaryServices.framework/Versions/A/DictionaryServices
0x0000000000152000 	/System/Library/Frameworks/CoreServices.framework/Versions/A/Frameworks/SharedFileList.framework/Versions/A/SharedFileList
0x0000000000152000 	/usr/lib/libCheckFix.dylib
0x0000000000152000 	/System/Library/PrivateFrameworks/TCC.framework/Versions/A/TCC
0x0000000000152000 	/System/Library/PrivateFrameworks/CoreNLP.framework/Versions/A/CoreNLP
0x0000000000152000 	/System/Library/PrivateFrameworks/MetadataUtilities.framework/Versions/A/MetadataUtilities
0x0000000000152000 	/usr/lib/libmecabra.dylib
0x0000000000152000 	/System/Library/Frameworks/MLCompute.framework/Versions/A/MLCompute
0x0000000000152000 	/usr/lib/libmecab.dylib
0x0000000000152000 	/usr/lib/libgermantok.dylib
0x0000000000152000 	/usr/lib/libThaiTokenizer.dylib
0x0000000000152000 	/usr/lib/libChineseTokenizer.dylib
0x0000000000152000 	/System/Library/Frameworks/MetalPerformanceShaders.framework/Versions/A/MetalPerformanceShaders
0x0000000000152000 	/System/Library/Frameworks/Accelerate.framework/Versions/A/Frameworks/vImage.framework/Versions/A/vImage
0x0000000000152000 	/System/Library/Frameworks/Accelerate.framework/Versions/A/Frameworks/vecLib.framework/Versions/A/vecLib
0x0000000000152000 	/System/Library/Frameworks/Accelerate.framework/Versions/A/Frameworks/vecLib.framework/Versions/A/libvMisc.dylib
0x0000000000152000 	/System/Library/Frameworks/Accelerate.framework/Versions/A/Frameworks/vecLib.framework/Versions/A/libvDSP.dylib
0x0000000000152000 	/System/Library/Frameworks/Accelerate.framework/Versions/A/Frameworks/vecLib.framework/Versions/A/libBLAS.dylib
0x0000000000152000 	/System/Library/Frameworks/Accelerate.framework/Versions/A/Frameworks/vecLib.framework/Versions/A/libLAPACK.dylib
0x0000000000152000 	/System/Library/Frameworks/Accelerate.framework/Versions/A/Frameworks/vecLib.framework/Versions/A/libLinearAlgebra.dylib
0x0000000000152000 	/System/Library/Frameworks/Accelerate.framework/Versions/A/Frameworks/vecLib.framework/Versions/A/libSparseBLAS.dylib
0x0000000000152000 	/System/Library/Frameworks/Accelerate.framework/Versions/A/Frameworks/vecLib.framework/Versions/A/libQuadrature.dylib
0x0000000000152000 	/System/Library/Frameworks/Accelerate.framework/Versions/A/Frameworks/vecLib.framework/Versions/A/libBNNS.dylib
0x0000000000152000 	/System/Library/Frameworks/Accelerate.framework/Versions/A/Frameworks/vecLib.framework/Versions/A/libSparse.dylib
0x0000000000152000 	/System/Library/Frameworks/MetalPerformanceShaders.framework/Versions/A/Frameworks/MPSCore.framework/Versions/A/MPSCore
0x0000000000152000 	/System/Library/Frameworks/MetalPerformanceShaders.framework/Versions/A/Frameworks/MPSImage.framework/Versions/A/MPSImage
0x0000000000152000 	/System/Library/Frameworks/MetalPerformanceShaders.framework/Versions/A/Frameworks/MPSNeuralNetwork.framework/Versions/A/MPSNeuralNetwork
0x0000000000152000 	/System/Library/Frameworks/MetalPerformanceShaders.framework/Versions/A/Frameworks/MPSMatrix.framework/Versions/A/MPSMatrix
0x0000000000152000 	/System/Library/Frameworks/MetalPerformanceShaders.framework/Versions/A/Frameworks/MPSRayIntersector.framework/Versions/A/MPSRayIntersector
0x0000000000152000 	/System/Library/Frameworks/MetalPerformanceShaders.framework/Versions/A/Frameworks/MPSNDArray.framework/Versions/A/MPSNDArray
0x0000000000152000 	/System/Library/PrivateFrameworks/MetalTools.framework/Versions/A/MetalTools
0x0000000000152000 	/System/Library/PrivateFrameworks/AggregateDictionary.framework/Versions/A/AggregateDictionary
0x0000000000152000 	/System/Library/PrivateFrameworks/CoreAnalytics.framework/Versions/A/CoreAnalytics
0x0000000000152000 	/System/Library/PrivateFrameworks/AppleSauce.framework/Versions/A/AppleSauce
0x0000000000152000 	/System/Library/PrivateFrameworks/IOAccelerator.framework/Versions/A/IOAccelerator
0x0000000000152000 	/System/Library/Frameworks/OpenGL.framework/Versions/A/Libraries/libCoreFSCache.dylib
0x0000000000152000 	/System/Library/PrivateFrameworks/LanguageModeling.framework/Versions/A/LanguageModeling
0x0000000000152000 	/System/Library/PrivateFrameworks/CoreEmoji.framework/Versions/A/CoreEmoji
0x0000000000152000 	/System/Library/PrivateFrameworks/LinguisticData.framework/Versions/A/LinguisticData
0x0000000000152000 	/System/Library/PrivateFrameworks/Lexicon.framework/Versions/A/Lexicon
0x0000000000152000 	/usr/lib/libcmph.dylib
0x0000000000152000 	/System/Library/Frameworks/OpenDirectory.framework/Versions/A/Frameworks/CFOpenDirectory.framework/Versions/A/CFOpenDirectory
0x0000000000152000 	/System/Library/Frameworks/OpenDirectory.framework/Versions/A/OpenDirectory
0x0000000000152000 	/System/Library/PrivateFrameworks/APFS.framework/Versions/A/APFS
0x0000000000152000 	/System/Library/Frameworks/SecurityFoundation.framework/Versions/A/SecurityFoundation
0x0000000000152000 	/usr/lib/libutil.dylib
0x0000000000152000 	/System/Library/PrivateFrameworks/CoreServicesStore.framework/Versions/A/CoreServicesStore
0x0000000000152000 	/System/Library/Frameworks/ServiceManagement.framework/Versions/A/ServiceManagement
0x0000000000152000 	/usr/lib/libxslt.1.dylib
0x0000000000152000 	/System/Library/PrivateFrameworks/BackgroundTaskManagement.framework/Versions/A/BackgroundTaskManagement
0x0000000000152000 	/System/Library/Frameworks/ImageIO.framework/Versions/A/Resources/libRadiance.dylib
0x0000000000152000 	/System/Library/Frameworks/ImageIO.framework/Versions/A/Resources/libJPEG.dylib
0x0000000000152000 	/System/Library/Frameworks/ImageIO.framework/Versions/A/Resources/libPng.dylib
0x0000000000152000 	/System/Library/Frameworks/ImageIO.framework/Versions/A/Resources/libTIFF.dylib
0x0000000000152000 	/System/Library/Frameworks/ImageIO.framework/Versions/A/Resources/libGIF.dylib
0x0000000000152000 	/System/Library/Frameworks/ImageIO.framework/Versions/A/Resources/libJP2.dylib
0x0000000000152000 	/usr/lib/libexpat.1.dylib
0x0000000000152000 	/System/Library/PrivateFrameworks/AppleJPEG.framework/Versions/A/AppleJPEG
0x0000000000152000 	/System/Library/PrivateFrameworks/FontServices.framework/libFontParser.dylib
0x0000000000152000 	/System/Library/PrivateFrameworks/RunningBoardServices.framework/Versions/A/RunningBoardServices
0x0000000000152000 	/System/Library/PrivateFrameworks/WatchdogClient.framework/Versions/A/WatchdogClient
0x0000000000152000 	/System/Library/Frameworks/CoreDisplay.framework/Versions/A/CoreDisplay
0x0000000000152000 	/System/Library/Frameworks/CoreMedia.framework/Versions/A/CoreMedia
0x0000000000152000 	/System/Library/Frameworks/CoreVideo.framework/Versions/A/CoreVideo
0x0000000000152000 	/System/Library/Frameworks/VideoToolbox.framework/Versions/A/VideoToolbox
0x0000000000152000 	/System/Library/PrivateFrameworks/BaseBoard.framework/Versions/A/BaseBoard
0x0000000000152000 	/System/Library/PrivateFrameworks/PersistentConnection.framework/Versions/A/PersistentConnection
0x0000000000152000 	/System/Library/PrivateFrameworks/ProtocolBuffer.framework/Versions/A/ProtocolBuffer
0x0000000000152000 	/System/Library/PrivateFrameworks/CommonUtilities.framework/Versions/A/CommonUtilities
0x0000000000152000 	/System/Library/PrivateFrameworks/Bom.framework/Versions/A/Bom
0x0000000000152000 	/System/Library/PrivateFrameworks/GPUWrangler.framework/Versions/A/GPUWrangler
0x0000000000152000 	/System/Library/PrivateFrameworks/IOPresentment.framework/Versions/A/IOPresentment
0x0000000000152000 	/System/Library/PrivateFrameworks/DSExternalDisplay.framework/Versions/A/DSExternalDisplay
0x0000000000152000 	/System/Library/PrivateFrameworks/CMCaptureCore.framework/Versions/A/CMCaptureCore
0x0000000000152000 	/System/Library/PrivateFrameworks/AppServerSupport.framework/Versions/A/AppServerSupport
0x0000000000152000 	/System/Library/PrivateFrameworks/perfdata.framework/Versions/A/perfdata
0x0000000000152000 	/System/Library/PrivateFrameworks/AssertionServices.framework/Versions/A/AssertionServices
0x0000000000152000 	/System/Library/PrivateFrameworks/AudioToolboxCore.framework/Versions/A/AudioToolboxCore
0x0000000000152000 	/System/Library/PrivateFrameworks/caulk.framework/Versions/A/caulk
0x0000000000152000 	/System/Library/PrivateFrameworks/SystemPolicy.framework/Versions/A/SystemPolicy
0x0000000000152000 	/usr/lib/libIOReport.dylib
0x0000000000152000 	/usr/lib/libSMC.dylib
0x0000000000152000 	/usr/lib/libAudioToolboxUtility.dylib
0x0000000000152000 	/usr/lib/libmis.dylib
0x0000000000152000 	/System/Library/Frameworks/OpenGL.framework/Versions/A/Libraries/libGLU.dylib
0x0000000000152000 	/System/Library/Frameworks/OpenGL.framework/Versions/A/Libraries/libGFXShared.dylib
0x0000000000152000 	/System/Library/Frameworks/OpenGL.framework/Versions/A/Libraries/libGL.dylib
0x0000000000152000 	/System/Library/Frameworks/OpenGL.framework/Versions/A/Libraries/libGLImage.dylib
0x0000000000152000 	/System/Library/Frameworks/OpenGL.framework/Versions/A/Libraries/libCVMSPluginSupport.dylib
0x0000000000152000 	/System/Library/Frameworks/OpenGL.framework/Versions/A/Libraries/libCoreVMClient.dylib
0x0000000000152000 	/System/Library/Frameworks/OpenCL.framework/Versions/A/OpenCL
0x0000000000152000 	/System/Library/PrivateFrameworks/GraphVisualizer.framework/Versions/A/GraphVisualizer
0x0000000000152000 	/System/Library/PrivateFrameworks/FaceCore.framework/Versions/A/FaceCore
0x0000000000152000 	/System/Library/PrivateFrameworks/OTSVG.framework/Versions/A/OTSVG
0x0000000000152000 	/System/Library/Frameworks/ApplicationServices.framework/Versions/A/Frameworks/ATS.framework/Versions/A/Resources/libFontRegistry.dylib
0x0000000000152000 	/System/Library/PrivateFrameworks/FontServices.framework/libhvf.dylib
0x0000000000152000 	/System/Library/PrivateFrameworks/AppleVA.framework/Versions/A/AppleVA
0x0000000000152000 	/System/Library/Frameworks/ApplicationServices.framework/Versions/A/Frameworks/ATS.framework/Versions/A/ATS
0x0000000000152000 	/System/Library/Frameworks/ApplicationServices.framework/Versions/A/Frameworks/ColorSyncLegacy.framework/Versions/A/ColorSyncLegacy
0x0000000000152000 	/System/Library/Frameworks/ApplicationServices.framework/Versions/A/Frameworks/HIServices.framework/Versions/A/HIServices
0x0000000000152000 	/System/Library/Frameworks/ApplicationServices.framework/Versions/A/Frameworks/LangAnalysis.framework/Versions/A/LangAnalysis
0x0000000000152000 	/System/Library/Frameworks/ApplicationServices.framework/Versions/A/Frameworks/PrintCore.framework/Versions/A/PrintCore
0x0000000000152000 	/System/Library/Frameworks/ApplicationServices.framework/Versions/A/Frameworks/QD.framework/Versions/A/QD
0x0000000000152000 	/System/Library/Frameworks/ApplicationServices.framework/Versions/A/Frameworks/SpeechSynthesis.framework/Versions/A/SpeechSynthesis
0x0000000000152000 	/System/Library/Frameworks/ApplicationServices.framework/Versions/A/Frameworks/ATSUI.framework/Versions/A/ATSUI
0x0000000000152000 	/usr/lib/libcups.2.dylib
0x0000000000152000 	/System/Library/PrivateFrameworks/NetAuth.framework/Versions/A/NetAuth
0x0000000000152000 	/System/Library/Frameworks/Kerberos.framework/Versions/A/Kerberos
0x0000000000152000 	/System/Library/Frameworks/GSS.framework/Versions/A/GSS
0x0000000000152000 	/usr/lib/libresolv.9.dylib
0x0000000000152000 	/System/Library/PrivateFrameworks/Heimdal.framework/Versions/A/Heimdal
0x0000000000152000 	/System/Library/Frameworks/Kerberos.framework/Versions/A/Libraries/libHeimdalProxy.dylib
0x0000000000152000 	/System/Library/Frameworks/Network.framework/Versions/A/Network
0x0000000000152000 	/usr/lib/libheimdal-asn1.dylib
0x0000000000152000 	/System/Library/PrivateFrameworks/CommonAuth.framework/Versions/A/CommonAuth
0x0000000000152000 	/System/Library/PrivateFrameworks/login.framework/Versions/A/Frameworks/loginsupport.framework/Versions/A/loginsupport
0x0000000000152000 	/System/Library/PrivateFrameworks/AudioSession.framework/Versions/A/AudioSession
0x0000000000152000 	/usr/lib/libAudioStatistics.dylib
0x0000000000152000 	/System/Library/PrivateFrameworks/MediaExperience.framework/Versions/A/MediaExperience
0x0000000000152000 	/System/Library/PrivateFrameworks/AudioSession.framework/libSessionUtility.dylib
0x0000000000152000 	/usr/lib/libperfcheck.dylib
0x0000000000152000 	/System/Library/PrivateFrameworks/AudioResourceArbitration.framework/Versions/A/AudioResourceArbitration
0x0000000000152000 	/System/Library/PrivateFrameworks/IconFoundation.framework/Versions/A/IconFoundation
0x0000000000152000 	/System/Library/PrivateFrameworks/SpeechRecognitionCore.framework/Versions/A/SpeechRecognitionCore
0x0000000109888000 	/Library/Internet Plug-Ins/JavaAppletPlugin.plugin/Contents/Home/lib/server/libjvm.dylib
0x0000000000152000 	/usr/lib/libstdc++.6.dylib
0x000000010a82a000 	/Library/Internet Plug-Ins/JavaAppletPlugin.plugin/Contents/Home/lib/libverify.dylib
0x000000010a838000 	/Library/Internet Plug-Ins/JavaAppletPlugin.plugin/Contents/Home/lib/libjava.dylib
0x000000010a8b7000 	/Library/Internet Plug-Ins/JavaAppletPlugin.plugin/Contents/Home/lib/libzip.dylib
0x0000000000152000 	/System/Library/Frameworks/JavaRuntimeSupport.framework/Versions/A/JavaRuntimeSupport
0x0000000000152000 	/System/Library/Frameworks/Carbon.framework/Versions/A/Carbon
0x0000000000152000 	/System/Library/PrivateFrameworks/CoreSymbolication.framework/Versions/A/CoreSymbolication
0x0000000000152000 	/System/Library/Frameworks/Carbon.framework/Versions/A/Frameworks/CommonPanels.framework/Versions/A/CommonPanels
0x0000000000152000 	/System/Library/Frameworks/Carbon.framework/Versions/A/Frameworks/Help.framework/Versions/A/Help
0x0000000000152000 	/System/Library/Frameworks/Carbon.framework/Versions/A/Frameworks/ImageCapture.framework/Versions/A/ImageCapture
0x0000000000152000 	/System/Library/Frameworks/Carbon.framework/Versions/A/Frameworks/OpenScripting.framework/Versions/A/OpenScripting
0x0000000000152000 	/System/Library/Frameworks/Carbon.framework/Versions/A/Frameworks/Ink.framework/Versions/A/Ink
0x0000000000152000 	/System/Library/Frameworks/Carbon.framework/Versions/A/Frameworks/Print.framework/Versions/A/Print
0x0000000000152000 	/System/Library/Frameworks/Carbon.framework/Versions/A/Frameworks/SecurityHI.framework/Versions/A/SecurityHI
0x0000000000152000 	/System/Library/PrivateFrameworks/DebugSymbols.framework/Versions/A/DebugSymbols
0x000000010bd44000 	/Library/Internet Plug-Ins/JavaAppletPlugin.plugin/Contents/Home/lib/libosx.dylib
0x000000010bd52000 	/Library/Internet Plug-Ins/JavaAppletPlugin.plugin/Contents/Home/lib/libosxapp.dylib
0x0000000000152000 	/System/Library/Frameworks/JavaNativeFoundation.framework/Versions/A/JavaNativeFoundation
0x0000000000152000 	/System/Library/Frameworks/ExceptionHandling.framework/Versions/A/ExceptionHandling
0x000000010bd73000 	/Library/Internet Plug-Ins/JavaAppletPlugin.plugin/Contents/Home/lib/libawt.dylib
0x000000010be1b000 	/Library/Internet Plug-Ins/JavaAppletPlugin.plugin/Contents/Home/lib/libmlib_image.dylib
0x000000010bee7000 	/Library/Internet Plug-Ins/JavaAppletPlugin.plugin/Contents/Home/lib/libawt_lwawt.dylib
0x0000000000152000 	/System/Library/PrivateFrameworks/CoreServicesInternal.framework/Versions/A/CoreServicesInternal
0x0000000000152000 	/System/Library/Frameworks/FileProvider.framework/Versions/A/FileProvider
0x0000000000152000 	/System/Library/Frameworks/Accounts.framework/Versions/A/Accounts
0x0000000000152000 	/System/Library/PrivateFrameworks/GenerationalStorage.framework/Versions/A/GenerationalStorage
0x0000000000152000 	/System/Library/PrivateFrameworks/SymptomDiagnosticReporter.framework/Versions/A/SymptomDiagnosticReporter
0x0000000000152000 	/System/Library/PrivateFrameworks/DesktopServicesPriv.framework/Versions/A/DesktopServicesPriv
0x0000000000152000 	/usr/lib/libsandbox.1.dylib
0x0000000000152000 	/System/Library/PrivateFrameworks/UserManagement.framework/Versions/A/UserManagement
0x0000000000152000 	/System/Library/PrivateFrameworks/MobileKeyBag.framework/Versions/A/MobileKeyBag
0x0000000000152000 	/System/Library/PrivateFrameworks/ChunkingLibrary.framework/Versions/A/ChunkingLibrary
0x0000000000152000 	/System/Library/PrivateFrameworks/Sharing.framework/Versions/A/Sharing
0x0000000000152000 	/System/Library/PrivateFrameworks/Apple80211.framework/Versions/A/Apple80211
0x0000000000152000 	/System/Library/PrivateFrameworks/AuthKit.framework/Versions/A/AuthKit
0x0000000000152000 	/System/Library/PrivateFrameworks/CoreUtils.framework/Versions/A/CoreUtils
0x0000000000152000 	/System/Library/Frameworks/CoreWLAN.framework/Versions/A/CoreWLAN
0x0000000000152000 	/System/Library/Frameworks/IOBluetooth.framework/Versions/A/IOBluetooth
0x0000000000152000 	/System/Library/PrivateFrameworks/CoreWiFi.framework/Versions/A/CoreWiFi
0x0000000000152000 	/System/Library/PrivateFrameworks/CorePhoneNumbers.framework/Versions/A/CorePhoneNumbers
0x0000000000152000 	/System/Library/PrivateFrameworks/DiskManagement.framework/Versions/A/DiskManagement
0x0000000000152000 	/System/Library/PrivateFrameworks/AppleIDAuthSupport.framework/Versions/A/AppleIDAuthSupport
0x0000000000152000 	/System/Library/PrivateFrameworks/KeychainCircle.framework/Versions/A/KeychainCircle
0x0000000000152000 	/System/Library/PrivateFrameworks/MediaKit.framework/Versions/A/MediaKit
0x0000000000152000 	/System/Library/Frameworks/DiscRecording.framework/Versions/A/DiscRecording
0x0000000000152000 	/usr/lib/libCoreStorage.dylib
0x0000000000152000 	/usr/lib/libcsfde.dylib
0x0000000000152000 	/System/Library/PrivateFrameworks/ProtectedCloudStorage.framework/Versions/A/ProtectedCloudStorage
0x0000000000152000 	/System/Library/PrivateFrameworks/EFILogin.framework/Versions/A/EFILogin
0x0000000000152000 	/System/Library/Frameworks/AudioUnit.framework/Versions/A/AudioUnit
0x0000000000152000 	/System/Library/Frameworks/CoreBluetooth.framework/Versions/A/CoreBluetooth
0x0000000000152000 	/usr/lib/libMatch.1.dylib
0x0000000000152000 	/System/Library/CoreServices/RawCamera.bundle/Contents/MacOS/RawCamera
0x0000000000152000 	/System/Library/PrivateFrameworks/MobileAsset.framework/Versions/A/MobileAsset
0x0000000000152000 	/System/Library/PrivateFrameworks/StreamingZip.framework/Versions/A/StreamingZip
0x0000000000152000 	/System/Library/Frameworks/MediaToolbox.framework/Versions/A/MediaToolbox
0x0000000000152000 	/System/Library/PrivateFrameworks/CoreAVCHD.framework/Versions/A/CoreAVCHD
0x0000000000152000 	/System/Library/Frameworks/MediaAccessibility.framework/Versions/A/MediaAccessibility
0x0000000000152000 	/System/Library/PrivateFrameworks/Mangrove.framework/Versions/A/Mangrove
0x0000000000152000 	/System/Library/PrivateFrameworks/AlgosScoreFramework.framework/Versions/A/AlgosScoreFramework
0x0000000000152000 	/System/Library/PrivateFrameworks/AppleVPA.framework/Versions/A/AppleVPA
0x0000000000152000 	/System/Library/PrivateFrameworks/CoreAUC.framework/Versions/A/CoreAUC
0x0000000000152000 	/System/Library/Frameworks/Accelerate.framework/Versions/A/Frameworks/vImage.framework/Versions/A/Libraries/libCGInterfaces.dylib
0x000000012baae000 	/usr/lib/libobjc-trampolines.dylib
0x0000000000152000 	/System/Library/PrivateFrameworks/FamilyControls.framework/Versions/A/FamilyControls
0x0000000000152000 	/System/Library/PrivateFrameworks/CommerceKit.framework/Versions/A/Frameworks/CommerceCore.framework/Versions/A/CommerceCore
0x0000000000152000 	/System/Library/PrivateFrameworks/SystemAdministration.framework/Versions/A/SystemAdministration
0x0000000000152000 	/System/Library/PrivateFrameworks/AppContainer.framework/Versions/A/AppContainer
0x0000000000152000 	/System/Library/PrivateFrameworks/SecCodeWrapper.framework/Versions/A/SecCodeWrapper
0x0000000000152000 	/System/Library/PrivateFrameworks/CrashReporterSupport.framework/Versions/A/CrashReporterSupport
0x0000000000152000 	/System/Library/PrivateFrameworks/OSAnalytics.framework/Versions/A/OSAnalytics
0x0000000000152000 	/usr/lib/libRosetta.dylib
0x0000000000152000 	/System/Library/PrivateFrameworks/RemoteServiceDiscovery.framework/Versions/A/RemoteServiceDiscovery
0x0000000000152000 	/System/Library/PrivateFrameworks/Symbolication.framework/Versions/A/Symbolication
0x0000000000152000 	/System/Library/PrivateFrameworks/MallocStackLogging.framework/Versions/A/MallocStackLogging
0x0000000000152000 	/System/Library/PrivateFrameworks/login.framework/Versions/A/login
0x0000000000152000 	/System/Library/Frameworks/DirectoryService.framework/Versions/A/DirectoryService
0x0000000000152000 	/System/Library/PrivateFrameworks/DiskImages.framework/Versions/A/DiskImages
0x0000000000152000 	/System/Library/PrivateFrameworks/LoginUIKit.framework/Versions/A/Frameworks/LoginUICore.framework/Versions/A/LoginUICore
0x0000000000152000 	/usr/lib/libodfde.dylib
0x0000000000152000 	/usr/lib/libcurl.4.dylib
0x0000000000152000 	/usr/lib/libcrypto.44.dylib
0x0000000000152000 	/usr/lib/libssl.46.dylib
0x0000000000152000 	/System/Library/Frameworks/LDAP.framework/Versions/A/LDAP
0x0000000000152000 	/System/Library/PrivateFrameworks/TrustEvaluationAgent.framework/Versions/A/TrustEvaluationAgent
0x0000000000152000 	/usr/lib/libsasl2.2.dylib
0x0000000000152000 	/System/Library/PrivateFrameworks/CoreDaemon.framework/Versions/B/CoreDaemon
0x0000000000152000 	/System/Library/PrivateFrameworks/AppleSRP.framework/Versions/A/AppleSRP
0x0000000000152000 	/System/Library/PrivateFrameworks/ViewBridge.framework/Versions/A/ViewBridge
0x000000012d071000 	/Library/Internet Plug-Ins/JavaAppletPlugin.plugin/Contents/Home/lib/libfontmanager.dylib
0x000000012c88b000 	/Library/Internet Plug-Ins/JavaAppletPlugin.plugin/Contents/Home/lib/libosxui.dylib
0x0000000000152000 	/System/Library/Frameworks/OpenGL.framework/Versions/A/Resources/GLEngine.bundle/GLEngine
0x0000000000152000 	/System/Library/Frameworks/OpenGL.framework/Versions/A/Libraries/libGLProgrammability.dylib
0x0000000000152000 	/System/Library/Extensions/AppleIntelHD5000GraphicsGLDriver.bundle/Contents/MacOS/AppleIntelHD5000GraphicsGLDriver
0x0000000000152000 	/System/Library/PrivateFrameworks/GPUSupport.framework/Versions/A/Libraries/libGPUSupportMercury.dylib
0x000000012d0d8000 	/System/Library/Extensions/AMDRadeonX4000GLDriver.bundle/Contents/MacOS/AMDRadeonX4000GLDriver
0x0000000000152000 	/System/Library/Extensions/AMDRadeonX4000GLDriver.bundle/Contents/MacOS/ATIRadeonX4000SCLib.dylib
0x0000000000152000 	/System/Library/Extensions/AMDShared.bundle/Contents/PlugIns/libSC.dylib
0x0000000000152000 	/System/Library/Frameworks/OpenGL.framework/Versions/A/Resources/GLRendererFloat.bundle/GLRendererFloat
0x000000012d5ab000 	/Library/Internet Plug-Ins/JavaAppletPlugin.plugin/Contents/Home/lib/libdcpr.dylib
0x000000012d69a000 	/Library/Internet Plug-Ins/JavaAppletPlugin.plugin/Contents/Home/lib/libnet.dylib
0x000000012d5ed000 	/Library/Internet Plug-Ins/JavaAppletPlugin.plugin/Contents/Home/lib/libnio.dylib
0x0000000000152000 	/System/Library/Extensions/AppleIntelHD5000GraphicsMTLDriver.bundle/Contents/MacOS/AppleIntelHD5000GraphicsMTLDriver
0x0000000000152000 	/System/Library/PrivateFrameworks/GPURawCounter.framework/Versions/A/GPURawCounter
0x0000000000152000 	/System/Library/Extensions/AMDMTLBronzeDriver.bundle/Contents/MacOS/AMDMTLBronzeDriver
0x0000000000152000 	/System/Library/PrivateFrameworks/IOAccelMemoryInfo.framework/Versions/A/IOAccelMemoryInfo
0x0000000000152000 	/System/Library/PrivateFrameworks/GPUCompiler.framework/Versions/31001/Libraries/libmetal_timestamp.dylib
0x000000017811c000 	/Library/Internet Plug-Ins/JavaAppletPlugin.plugin/Contents/Home/lib/libt2k.dylib

VM Arguments:
java_command: /Users/urbanlarsson/Desktop/projects/Forskning/ANRU/cgsuite-0.7/cgsuite.jar
java_class_path (initial): /Users/urbanlarsson/Desktop/projects/Forskning/ANRU/cgsuite-0.7/cgsuite.jar
Launcher Type: SUN_STANDARD

Environment Variables:
PATH=/usr/bin:/bin:/usr/sbin:/sbin
SHELL=/bin/zsh
DISPLAY=/private/tmp/com.apple.launchd.ShP1Up4RAb/org.macosforge.xquartz:0

Signal Handlers:
SIGSEGV: [libjvm.dylib+0x5b1141], sa_mask[0]=11111111011111110111111111111111, sa_flags=SA_ONSTACK|SA_RESTART|SA_SIGINFO
SIGBUS: [libjvm.dylib+0x5b1141], sa_mask[0]=11111111011111110111111111111111, sa_flags=SA_RESTART|SA_SIGINFO
SIGFPE: [libjvm.dylib+0x487bc4], sa_mask[0]=11111111011111110111111111111111, sa_flags=SA_RESTART|SA_SIGINFO
SIGPIPE: [libjvm.dylib+0x487bc4], sa_mask[0]=11111111011111110111111111111111, sa_flags=SA_RESTART|SA_SIGINFO
SIGXFSZ: [libjvm.dylib+0x487bc4], sa_mask[0]=11111111011111110111111111111111, sa_flags=SA_RESTART|SA_SIGINFO
SIGILL: [libjvm.dylib+0x487bc4], sa_mask[0]=11111111011111110111111111111111, sa_flags=SA_RESTART|SA_SIGINFO
SIGUSR1: SIG_DFL, sa_mask[0]=00000000000000000000000000000000, sa_flags=none
SIGUSR2: [libjvm.dylib+0x4876e2], sa_mask[0]=00000000000000000000000000000000, sa_flags=SA_RESTART|SA_SIGINFO
SIGHUP: [libjvm.dylib+0x485cb9], sa_mask[0]=11111111011111110111111111111111, sa_flags=SA_RESTART|SA_SIGINFO
SIGINT: [libjvm.dylib+0x485cb9], sa_mask[0]=11111111011111110111111111111111, sa_flags=SA_RESTART|SA_SIGINFO
SIGTERM: [libjvm.dylib+0x485cb9], sa_mask[0]=11111111011111110111111111111111, sa_flags=SA_RESTART|SA_SIGINFO
SIGQUIT: [libjvm.dylib+0x485cb9], sa_mask[0]=11111111011111110111111111111111, sa_flags=SA_RESTART|SA_SIGINFO


---------------  S Y S T E M  ---------------

OS:Bsduname:Darwin 20.6.0 Darwin Kernel Version 20.6.0: Wed Jun 23 00:26:31 PDT 2021; root:xnu-7195.141.2~5/RELEASE_X86_64 x86_64
rlimit: STACK 8192k, CORE 0k, NPROC 2784, NOFILE 10240, AS infinity
load average:54.40 55.01 32.21

CPU:total 8 (4 cores per cpu, 2 threads per core) family 6 model 70 stepping 1, cmov, cx8, fxsr, mmx, sse, sse2, sse3, ssse3, sse4.1, sse4.2, popcnt, avx, avx2, aes, clmul, erms, lzcnt, ht, tsc, tscinvbit, bmi1, bmi2

Memory: 4k page, physical 16777216k(67900k free)

/proc/meminfo:


vm_info: Java HotSpot(TM) 64-Bit Server VM (25.121-b13) for bsd-amd64 JRE (1.8.0_121-b13), built on Dec 12 2016 20:39:32 by "java_re" with gcc 4.2.1 (Based on Apple Inc. build 5658) (LLVM build 2336.11.00)

time: Tue Aug 23 15:54:28 2022
elapsed time: 43665 seconds (0d 12h 7m 45s)

