#
# A fatal error has been detected by the Java Runtime Environment:
#
#  SIGSEGV (0xb) at pc=0x00007fff85c0ee8c, pid=42760, tid=39195
#
# JRE version: Java(TM) SE Runtime Environment (7.0_71-b14) (build 1.7.0_71-b14)
# Java VM: Java HotSpot(TM) 64-Bit Server VM (24.71-b01 mixed mode bsd-amd64 compressed oops)
# Problematic frame:
# C  [libobjc.A.dylib+0x9e8c]  objc_msgSend+0xc
#
# Failed to write core dump. Core dumps have been disabled. To enable core dumping, try "ulimit -c unlimited" before starting Java again
#
# If you would like to submit a bug report, please visit:
#   http://bugreport.sun.com/bugreport/crash.jsp
# The crash happened outside the Java Virtual Machine in native code.
# See problematic frame for where to report the bug.
#

---------------  T H R E A D  ---------------

Current thread (0x00007fb14388c800):  JavaThread "Java2D Queue Flusher" daemon [_thread_in_native, id=39195, stack(0x0000000119fc0000,0x000000011a0c0000)]

siginfo:si_signo=SIGSEGV: si_errno=0, si_code=0 (SEGV0), si_addr=0x0000000000000000

Registers:
RAX=0x00007fb1438b6000, RBX=0x00007fb14388c9e8, RCX=0x00007fb1438b6058, RDX=0x00000000a1a1a1a1
RSP=0x000000011a0bf8e8, RBP=0x000000011a0bf910, RSI=0x00007fff82dd7f72, RDI=0x2000000000000000
R8 =0x00000000f00016d4, R9 =0x000000011a0bf7a8, R10=0x000000010b4cd538, R11=0x0000000000000020
R12=0x00007fb1438b6050, R13=0x000000078000b150, R14=0x000000010a738ae0, R15=0x00007fafc4eb5740
RIP=0x00007fff85c0ee8c, EFLAGS=0x0000000000010246, ERR=0x0000000000000000
  TRAPNO=0x000000000000000d

Top of Stack: (sp=0x000000011a0bf8e8)
0x000000011a0bf8e8:   0000000116699f13 00007fb13c1a6b80
0x000000011a0bf8f8:   0000000000000000 00007fb1438abe10
0x000000011a0bf908:   00007fb14388c800 000000011a0bf990
0x000000011a0bf918:   000000011668f8a6 0000000000000064
0x000000011a0bf928:   000000010a42dfe8 000000011a0bf990
0x000000011a0bf938:   000000010ab2f5f9 0000000000000005
0x000000011a0bf948:   00007fb14388c800 000000078000b101
0x000000011a0bf958:   00007fb1438abe20 00000001000bf900
0x000000011a0bf968:   00007fb14388c9e8 0000000000000000
0x000000011a0bf978:   0000000000000000 000000011a0bf9e8
0x000000011a0bf988:   00007fb14388c800 000000011a0bf9e0
0x000000011a0bf998:   000000010b4cd5aa 000000078000b688
0x000000011a0bf9a8:   000000011a0bf9e8 000000077b97de20
0x000000011a0bf9b8:   0000000000000000 000000077b97db28
0x000000011a0bf9c8:   0000000000000000 000000011a0bf9f0
0x000000011a0bf9d8:   00000000f00016d1 00000000f00016d1
0x000000011a0bf9e8:   000000010ba64e7c 000000078000b688
0x000000011a0bf9f8:   000000078000b150 0000000700000000
0x000000011a0bfa08:   000000078000b150 00000000f000162a
0x000000011a0bfa18:   000000011a0bfab0 0000000000000001
0x000000011a0bfa28:   0000000000000000 000000011a0bfab0
0x000000011a0bfa38:   000000010b36c4e7 000000078000b1a0
0x000000011a0bfa48:   000000078000b3a8 0000000100001fa0
0x000000011a0bfa58:   0000000000000001 00007fb14388c800
0x000000011a0bfa68:   000000010b36c45f 000000000000000a
0x000000011a0bfa78:   000000010a42dfe0 000000011a0bfb30
0x000000011a0bfa88:   000000011a0bfd08 000000000000000a
0x000000011a0bfa98:   000000077b3e8988 000000010b37c6c0
0x000000011a0bfaa8:   000000011a0bfc80 000000011a0bfba0
0x000000011a0bfab8:   000000010aadb378 0100000000000001
0x000000011a0bfac8:   00007fb14388c800 000000010a42dfc8
0x000000011a0bfad8:   000000011a0bfd08 0000000000000000 

Instructions: (pc=0x00007fff85c0ee8c)
0x00007fff85c0ee6c:   90 90 90 90 90 90 90 90 90 90 90 90 90 90 90 90
0x00007fff85c0ee7c:   90 90 90 90 48 85 ff 74 2b 40 f6 c7 01 2e 75 3b
0x00007fff85c0ee8c:   4c 8b 1f 50 4d 8b 53 10 89 f0 41 23 02 4d 8b 5c
0x00007fff85c0ee9c:   c2 10 ff c0 4d 85 db 74 36 49 3b 33 75 ec 58 41 

Register to memory mapping:

RAX=0x00007fb1438b6000 is an unknown value
RBX=0x00007fb14388c9e8 is an unknown value
RCX=0x00007fb1438b6058 is an unknown value
RDX=0x00000000a1a1a1a1 is an unknown value
RSP=0x000000011a0bf8e8 is pointing into the stack for thread: 0x00007fb14388c800
RBP=0x000000011a0bf910 is pointing into the stack for thread: 0x00007fb14388c800
RSI=0x00007fff82dd7f72: __PRETTY_FUNCTION__.166754+0x51a in /System/Library/Frameworks/AppKit.framework/Versions/C/AppKit at 0x00007fff8246f000
RDI=0x2000000000000000 is an unknown value
R8 =0x00000000f00016d4 is an unknown value
R9 =0x000000011a0bf7a8 is pointing into the stack for thread: 0x00007fb14388c800
R10=0x000000010b4cd538 is at entry_point+56 in (nmethod*)0x000000010b4cd390
R11=0x0000000000000020 is an unknown value
R12=0x00007fb1438b6050 is an unknown value
R13=0x000000078000b150 is an oop
sun.java2d.opengl.OGLRenderQueue$QueueFlusher 
 - klass: 'sun/java2d/opengl/OGLRenderQueue$QueueFlusher'
R14=0x000000010a738ae0 is an unknown value
R15=0x00007fafc4eb5740 is an unknown value


Stack: [0x0000000119fc0000,0x000000011a0c0000],  sp=0x000000011a0bf8e8,  free space=1022k
Native frames: (J=compiled Java code, j=interpreted, Vv=VM code, C=native code)
C  [libobjc.A.dylib+0x9e8c]  objc_msgSend+0xc
C  [liblwawt.dylib+0x78a6]  Java_sun_java2d_opengl_OGLRenderQueue_flushBuffer+0x63a
J 1161  sun.java2d.opengl.OGLRenderQueue.flushBuffer(JI)V (0 bytes) @ 0x000000010b4cd5aa [0x000000010b4cd500+0xaa]

Java frames: (J=compiled Java code, j=interpreted, Vv=VM code)
J 1161  sun.java2d.opengl.OGLRenderQueue.flushBuffer(JI)V (0 bytes) @ 0x000000010b4cd538 [0x000000010b4cd500+0x38]
J 2194% C2 sun.java2d.opengl.OGLRenderQueue$QueueFlusher.run()V (234 bytes) @ 0x000000010ba64e7c [0x000000010ba64d20+0x15c]
v  ~StubRoutines::call_stub

---------------  P R O C E S S  ---------------

Java Threads: ( => current thread )
  0x00007fb125015800 JavaThread "SwingWorker-pool-1-thread-10" daemon [_thread_blocked, id=55683, stack(0x00000001213d8000,0x00000001214d8000)]
  0x00007fb125179000 JavaThread "SwingWorker-pool-1-thread-9" daemon [_thread_blocked, id=61195, stack(0x000000011fabc000,0x000000011fbbc000)]
  0x00007fb14419a000 JavaThread "SwingWorker-pool-1-thread-8" daemon [_thread_blocked, id=62219, stack(0x0000000120a5c000,0x0000000120b5c000)]
  0x00007fb125178000 JavaThread "SwingWorker-pool-1-thread-7" daemon [_thread_blocked, id=61703, stack(0x0000000120220000,0x0000000120320000)]
  0x00007fb144e1a800 JavaThread "SwingWorker-pool-1-thread-6" daemon [_thread_blocked, id=52743, stack(0x000000011f8a4000,0x000000011f9a4000)]
  0x00007fb144a12800 JavaThread "SwingWorker-pool-1-thread-5" daemon [_thread_blocked, id=60259, stack(0x0000000120f1b000,0x000000012101b000)]
  0x00007fb144a1d800 JavaThread "SwingWorker-pool-1-thread-4" daemon [_thread_blocked, id=35175, stack(0x000000011fcf9000,0x000000011fdf9000)]
  0x00007fb171a6a000 JavaThread "SwingWorker-pool-1-thread-3" daemon [_thread_blocked, id=56051, stack(0x0000000120406000,0x0000000120506000)]
  0x00007fb166804000 JavaThread "SwingWorker-pool-1-thread-2" daemon [_thread_blocked, id=51503, stack(0x000000011ef8a000,0x000000011f08a000)]
  0x00007fb16680b000 JavaThread "SwingWorker-pool-1-thread-1" daemon [_thread_blocked, id=56639, stack(0x00000001206ee000,0x00000001207ee000)]
  0x00007fb144000800 JavaThread "DestroyJavaVM" [_thread_blocked, id=7683, stack(0x000000010b261000,0x000000010b361000)]
  0x00007fb1448cd000 JavaThread "Thread-5" [_thread_blocked, id=53507, stack(0x000000011cb91000,0x000000011cc91000)]
  0x00007fb1448c6000 JavaThread "Thread-4" [_thread_in_Java, id=52995, stack(0x000000011ca8e000,0x000000011cb8e000)]
  0x00007fb1448e0800 JavaThread "TimerQueue" daemon [_thread_blocked, id=51983, stack(0x000000011c7e8000,0x000000011c8e8000)]
  0x00007fb1438dc000 JavaThread "AWT-EventQueue-0" [_thread_blocked, id=45059, stack(0x000000011b2c2000,0x000000011b3c2000)]
  0x00007fb1440c9800 JavaThread "AWT-Shutdown" [_thread_blocked, id=44291, stack(0x000000011b0de000,0x000000011b1de000)]
  0x00007fb14486e800 JavaThread "Java2D Disposer" daemon [_thread_blocked, id=42499, stack(0x000000011aceb000,0x000000011adeb000)]
=>0x00007fb14388c800 JavaThread "Java2D Queue Flusher" daemon [_thread_in_native, id=39195, stack(0x0000000119fc0000,0x000000011a0c0000)]
  0x00007fb144821800 JavaThread "AppKit Thread" daemon [_thread_in_native, id=1547, stack(0x00007fff6973b000,0x00007fff69f3b000)]
  0x00007fb14407b800 JavaThread "Timer-0" daemon [_thread_blocked, id=24835, stack(0x000000011640b000,0x000000011650b000)]
  0x00007fb144033800 JavaThread "Service Thread" daemon [_thread_blocked, id=23811, stack(0x000000011614d000,0x000000011624d000)]
  0x00007fb144002000 JavaThread "C2 CompilerThread1" daemon [_thread_blocked, id=23299, stack(0x000000011604a000,0x000000011614a000)]
  0x00007fb144031800 JavaThread "C2 CompilerThread0" daemon [_thread_blocked, id=22787, stack(0x0000000115f47000,0x0000000116047000)]
  0x00007fb144031000 JavaThread "Signal Dispatcher" daemon [_thread_blocked, id=22275, stack(0x0000000115e44000,0x0000000115f44000)]
  0x00007fb14480d000 JavaThread "Finalizer" daemon [_thread_blocked, id=18179, stack(0x0000000115b3c000,0x0000000115c3c000)]
  0x00007fb143819800 JavaThread "Reference Handler" daemon [_thread_blocked, id=17667, stack(0x0000000115a39000,0x0000000115b39000)]

Other Threads:
  0x00007fb143817000 VMThread [stack: 0x0000000115936000,0x0000000115a36000] [id=17155]
  0x00007fb14403c000 WatcherThread [stack: 0x0000000116250000,0x0000000116350000] [id=24323]

VM state:not at safepoint (normal execution)

VM Mutex/Monitor currently owned by a thread: None

Heap
 PSYoungGen      total 578560K, used 148842K [0x00000007d5500000, 0x0000000800000000, 0x0000000800000000)
  eden space 464896K, 32% used [0x00000007d5500000,0x00000007de65a910,0x00000007f1b00000)
  from space 113664K, 0% used [0x00000007f9100000,0x00000007f9100000,0x0000000800000000)
  to   space 117248K, 0% used [0x00000007f1b00000,0x00000007f1b00000,0x00000007f8d80000)
 ParOldGen       total 242176K, used 120164K [0x0000000780000000, 0x000000078ec80000, 0x00000007d5500000)
  object space 242176K, 49% used [0x0000000780000000,0x00000007875593f0,0x000000078ec80000)
 PSPermGen       total 22016K, used 21312K [0x000000077ae00000, 0x000000077c380000, 0x0000000780000000)
  object space 22016K, 96% used [0x000000077ae00000,0x000000077c2d00c0,0x000000077c380000)

Card table byte_map: [0x000000010e42c000,0x000000010e856000] byte_map_base: 0x000000010a855000

Polling page: 0x000000010a6f2000

Code Cache  [0x000000010b36c000, 0x000000010bc6c000, 0x000000010e36c000)
 total_blobs=2793 nmethods=2222 adapters=521 free_code_cache=40828Kb largest_free_block=40898240

Compilation events (10 events):
Event: 297915.369 Thread 0x00007fb144031800 2577   !         java.util.ArrayList$ListItr::set (45 bytes)
Event: 297915.369 Thread 0x00007fb144002000 2578             java.util.ArrayList::set (20 bytes)
Event: 297915.370 Thread 0x00007fb144002000 nmethod 2578 0x000000010b989090 code [0x000000010b9891e0, 0x000000010b989318]
Event: 297915.371 Thread 0x00007fb144031800 nmethod 2577 0x000000010b988ad0 code [0x000000010b988c40, 0x000000010b988e18]
Event: 297923.635 Thread 0x00007fb144031800 2579             javax.swing.text.BoxView::calculateMinorAxisRequirements (118 bytes)
Event: 297923.669 Thread 0x00007fb144031800 nmethod 2579 0x000000010b988450 code [0x000000010b9885c0, 0x000000010b988898]
Event: 298004.084 Thread 0x00007fb144002000 2580   !         org.cgsuite.ui.Simplifier::simplifySum (395 bytes)
Event: 298004.085 Thread 0x00007fb144002000 nmethod 2580 0x000000010b7f2750 code [0x000000010b7f28c0, 0x000000010b7f29e8]
Event: 298006.203 Thread 0x00007fb144031800 2581             org.cgsuite.CanonicalGame::lookupOpResult (68 bytes)
Event: 298006.205 Thread 0x00007fb144031800 nmethod 2581 0x000000010b7f21d0 code [0x000000010b7f2340, 0x000000010b7f2538]

GC Heap History (10 events):
Event: 298005.895 GC heap before
{Heap before GC invocations=417 (full 33):
 PSYoungGen      total 573440K, used 522152K [0x00000007d5500000, 0x00000007ffa80000, 0x0000000800000000)
  eden space 458240K, 100% used [0x00000007d5500000,0x00000007f1480000,0x00000007f1480000)
  from space 115200K, 55% used [0x00000007f8a00000,0x00000007fc86a068,0x00000007ffa80000)
  to   space 117760K, 0% used [0x00000007f1480000,0x00000007f1480000,0x00000007f8780000)
 ParOldGen       total 222208K, used 134600K [0x0000000780000000, 0x000000078d900000, 0x00000007d5500000)
  object space 222208K, 60% used [0x0000000780000000,0x00000007883721f8,0x000000078d900000)
 PSPermGen       total 22016K, used 21312K [0x000000077ae00000, 0x000000077c380000, 0x0000000780000000)
  object space 22016K, 96% used [0x000000077ae00000,0x000000077c2d0160,0x000000077c380000)
Event: 298005.909 GC heap after
Heap after GC invocations=417 (full 33):
 PSYoungGen      total 576000K, used 67826K [0x00000007d5500000, 0x00000007fff80000, 0x0000000800000000)
  eden space 458240K, 0% used [0x00000007d5500000,0x00000007d5500000,0x00000007f1480000)
  from space 117760K, 57% used [0x00000007f1480000,0x00000007f56bc818,0x00000007f8780000)
  to   space 116224K, 0% used [0x00000007f8e00000,0x00000007f8e00000,0x00000007fff80000)
 ParOldGen       total 222208K, used 134600K [0x0000000780000000, 0x000000078d900000, 0x00000007d5500000)
  object space 222208K, 60% used [0x0000000780000000,0x00000007883721f8,0x000000078d900000)
 PSPermGen       total 22016K, used 21312K [0x000000077ae00000, 0x000000077c380000, 0x0000000780000000)
  object space 22016K, 96% used [0x000000077ae00000,0x000000077c2d0160,0x000000077c380000)
}
Event: 298006.577 GC heap before
{Heap before GC invocations=418 (full 33):
 PSYoungGen      total 576000K, used 526066K [0x00000007d5500000, 0x00000007fff80000, 0x0000000800000000)
  eden space 458240K, 100% used [0x00000007d5500000,0x00000007f1480000,0x00000007f1480000)
  from space 117760K, 57% used [0x00000007f1480000,0x00000007f56bc818,0x00000007f8780000)
  to   space 116224K, 0% used [0x00000007f8e00000,0x00000007f8e00000,0x00000007fff80000)
 ParOldGen       total 222208K, used 134600K [0x0000000780000000, 0x000000078d900000, 0x00000007d5500000)
  object space 222208K, 60% used [0x0000000780000000,0x00000007883721f8,0x000000078d900000)
 PSPermGen       total 22016K, used 21312K [0x000000077ae00000, 0x000000077c380000, 0x0000000780000000)
  object space 22016K, 96% used [0x000000077ae00000,0x000000077c2d0160,0x000000077c380000)
Event: 298006.591 GC heap after
Heap after GC invocations=418 (full 33):
 PSYoungGen      total 576512K, used 67850K [0x00000007d5500000, 0x00000007ffa80000, 0x0000000800000000)
  eden space 465408K, 0% used [0x00000007d5500000,0x00000007d5500000,0x00000007f1b80000)
  from space 111104K, 61% used [0x00000007f8e00000,0x00000007fd042a60,0x00000007ffa80000)
  to   space 114176K, 0% used [0x00000007f1b80000,0x00000007f1b80000,0x00000007f8b00000)
 ParOldGen       total 222208K, used 134600K [0x0000000780000000, 0x000000078d900000, 0x00000007d5500000)
  object space 222208K, 60% used [0x0000000780000000,0x00000007883721f8,0x000000078d900000)
 PSPermGen       total 22016K, used 21312K [0x000000077ae00000, 0x000000077c380000, 0x0000000780000000)
  object space 22016K, 96% used [0x000000077ae00000,0x000000077c2d0160,0x000000077c380000)
}
Event: 298007.269 GC heap before
{Heap before GC invocations=419 (full 33):
 PSYoungGen      total 576512K, used 533258K [0x00000007d5500000, 0x00000007ffa80000, 0x0000000800000000)
  eden space 465408K, 100% used [0x00000007d5500000,0x00000007f1b80000,0x00000007f1b80000)
  from space 111104K, 61% used [0x00000007f8e00000,0x00000007fd042a60,0x00000007ffa80000)
  to   space 114176K, 0% used [0x00000007f1b80000,0x00000007f1b80000,0x00000007f8b00000)
 ParOldGen       total 222208K, used 134600K [0x0000000780000000, 0x000000078d900000, 0x00000007d5500000)
  object space 222208K, 60% used [0x0000000780000000,0x00000007883721f8,0x000000078d900000)
 PSPermGen       total 22016K, used 21312K [0x000000077ae00000, 0x000000077c380000, 0x0000000780000000)
  object space 22016K, 96% used [0x000000077ae00000,0x000000077c2d0160,0x000000077c380000)
Event: 298007.284 GC heap after
Heap after GC invocations=419 (full 33):
 PSYoungGen      total 579584K, used 71668K [0x00000007d5500000, 0x0000000800000000, 0x0000000800000000)
  eden space 465408K, 0% used [0x00000007d5500000,0x00000007d5500000,0x00000007f1b80000)
  from space 114176K, 62% used [0x00000007f1b80000,0x00000007f617d090,0x00000007f8b00000)
  to   space 113664K, 0% used [0x00000007f9100000,0x00000007f9100000,0x0000000800000000)
 ParOldGen       total 222208K, used 134600K [0x0000000780000000, 0x000000078d900000, 0x00000007d5500000)
  object space 222208K, 60% used [0x0000000780000000,0x00000007883721f8,0x000000078d900000)
 PSPermGen       total 22016K, used 21312K [0x000000077ae00000, 0x000000077c380000, 0x0000000780000000)
  object space 22016K, 96% used [0x000000077ae00000,0x000000077c2d0160,0x000000077c380000)
}
Event: 298007.998 GC heap before
{Heap before GC invocations=420 (full 33):
 PSYoungGen      total 579584K, used 537076K [0x00000007d5500000, 0x0000000800000000, 0x0000000800000000)
  eden space 465408K, 100% used [0x00000007d5500000,0x00000007f1b80000,0x00000007f1b80000)
  from space 114176K, 62% used [0x00000007f1b80000,0x00000007f617d090,0x00000007f8b00000)
  to   space 113664K, 0% used [0x00000007f9100000,0x00000007f9100000,0x0000000800000000)
 ParOldGen       total 222208K, used 134600K [0x0000000780000000, 0x000000078d900000, 0x00000007d5500000)
  object space 222208K, 60% used [0x0000000780000000,0x00000007883721f8,0x000000078d900000)
 PSPermGen       total 22016K, used 21312K [0x000000077ae00000, 0x000000077c380000, 0x0000000780000000)
  object space 22016K, 96% used [0x000000077ae00000,0x000000077c2d0160,0x000000077c380000)
Event: 298008.224 GC heap after
Heap after GC invocations=420 (full 33):
 PSYoungGen      total 578560K, used 8074K [0x00000007d5500000, 0x0000000800000000, 0x0000000800000000)
  eden space 464896K, 0% used [0x00000007d5500000,0x00000007d5500000,0x00000007f1b00000)
  from space 113664K, 7% used [0x00000007f9100000,0x00000007f98e2b70,0x0000000800000000)
  to   space 117248K, 0% used [0x00000007f1b00000,0x00000007f1b00000,0x00000007f8d80000)
 ParOldGen       total 222208K, used 187233K [0x0000000780000000, 0x000000078d900000, 0x00000007d5500000)
  object space 222208K, 84% used [0x0000000780000000,0x000000078b6d8660,0x000000078d900000)
 PSPermGen       total 22016K, used 21312K [0x000000077ae00000, 0x000000077c380000, 0x0000000780000000)
  object space 22016K, 96% used [0x000000077ae00000,0x000000077c2d0160,0x000000077c380000)
}
Event: 298008.224 GC heap before
{Heap before GC invocations=421 (full 34):
 PSYoungGen      total 578560K, used 8074K [0x00000007d5500000, 0x0000000800000000, 0x0000000800000000)
  eden space 464896K, 0% used [0x00000007d5500000,0x00000007d5500000,0x00000007f1b00000)
  from space 113664K, 7% used [0x00000007f9100000,0x00000007f98e2b70,0x0000000800000000)
  to   space 117248K, 0% used [0x00000007f1b00000,0x00000007f1b00000,0x00000007f8d80000)
 ParOldGen       total 222208K, used 187233K [0x0000000780000000, 0x000000078d900000, 0x00000007d5500000)
  object space 222208K, 84% used [0x0000000780000000,0x000000078b6d8660,0x000000078d900000)
 PSPermGen       total 22016K, used 21312K [0x000000077ae00000, 0x000000077c380000, 0x0000000780000000)
  object space 22016K, 96% used [0x000000077ae00000,0x000000077c2d0160,0x000000077c380000)
Event: 298008.397 GC heap after
Heap after GC invocations=421 (full 34):
 PSYoungGen      total 578560K, used 0K [0x00000007d5500000, 0x0000000800000000, 0x0000000800000000)
  eden space 464896K, 0% used [0x00000007d5500000,0x00000007d5500000,0x00000007f1b00000)
  from space 113664K, 0% used [0x00000007f9100000,0x00000007f9100000,0x0000000800000000)
  to   space 117248K, 0% used [0x00000007f1b00000,0x00000007f1b00000,0x00000007f8d80000)
 ParOldGen       total 242176K, used 120164K [0x0000000780000000, 0x000000078ec80000, 0x00000007d5500000)
  object space 242176K, 49% used [0x0000000780000000,0x00000007875593f0,0x000000078ec80000)
 PSPermGen       total 22016K, used 21312K [0x000000077ae00000, 0x000000077c380000, 0x0000000780000000)
  object space 22016K, 96% used [0x000000077ae00000,0x000000077c2d00c0,0x000000077c380000)
}

Deoptimization events (10 events):
Event: 106280.935 Thread 0x00007fb1448c6000 Uncommon trap: reason=class_check action=maybe_recompile pc=0x000000010b4994b0 method=java.util.Arrays.copyOf([Ljava/lang/Object;ILjava/lang/Class;)[Ljava/lang/Object; @ 25
Event: 106288.829 Thread 0x00007fb1438dc000 Uncommon trap: reason=class_check action=maybe_recompile pc=0x000000010bb6daec method=sun.lwawt.LWCursorManager.findComponent(Ljava/awt/Point;)Ljava/awt/Component; @ 92
Event: 106291.418 Thread 0x00007fb1448c6000 Uncommon trap: reason=unloaded action=reinterpret pc=0x000000010b4d9448 method=org.cgsuite.ui.Kernel$3.checkKernelState()V @ 134
Event: 107425.910 Thread 0x00007fb1438dc000 Uncommon trap: reason=class_check action=maybe_recompile pc=0x000000010b6c5838 method=javax.swing.UIDefaults.getColor(Ljava/lang/Object;)Ljava/awt/Color; @ 2
Event: 206636.108 Thread 0x00007fb1438dc000 Uncommon trap: reason=unreached action=reinterpret pc=0x000000010b747140 method=com.apple.laf.ImageCache.setImage(Ljava/awt/Image;Ljava/awt/GraphicsConfiguration;IIILapple/laf/JRSUIState;)Z @ 171
Event: 206636.167 Thread 0x00007fb1438dc000 Uncommon trap: reason=unreached action=reinterpret pc=0x000000010bb22f0c method=com.apple.laf.AquaUtils$RecyclableObject.get()Ljava/lang/Object; @ 16
Event: 206636.340 Thread 0x00007fb1438dc000 Uncommon trap: reason=null_check action=make_not_entrant pc=0x000000010b9bd190 method=sun.font.FontDesignMetrics.getMetrics(Ljava/awt/Font;Ljava/awt/font/FontRenderContext;)Lsun/font/FontDesignMetrics; @ 115
Event: 206636.354 Thread 0x00007fb1438dc000 Uncommon trap: reason=null_check action=make_not_entrant pc=0x000000010b78fd00 method=sun.font.FontDesignMetrics.getMetrics(Ljava/awt/Font;Ljava/awt/font/FontRenderContext;)Lsun/font/FontDesignMetrics; @ 115
Event: 297346.168 Thread 0x00007fb1438dc000 Uncommon trap: reason=class_check action=maybe_recompile pc=0x000000010b97bd08 method=javax.swing.plaf.basic.BasicTextUI$TextTransferHandler.handleReaderImport(Ljava/io/Reader;Ljavax/swing/text/JTextComponent;Z)V @ 88
Event: 297469.229 Thread 0x00007fb1448c6000 Uncommon trap: reason=unreached action=reinterpret pc=0x000000010bb81dd0 method=org.cgsuite.ui.Kernel.createSum(Ljava/util/List;Ljava/util/List;)Ljava/lang/Object; @ 197

Internal exceptions (10 events):
Event: 96764.154 Thread 0x00007fb1438dc000 Implicit null exception at 0x000000010b8e9610 to 0x000000010b8e98bd
Event: 96764.154 Thread 0x00007fb1438dc000 Implicit null exception at 0x000000010b703917 to 0x000000010b703a09
Event: 96764.229 Thread 0x00007fb1438dc000 Implicit null exception at 0x000000010b66760b to 0x000000010b667cd1
Event: 96816.360 Thread 0x00007fb1438dc000 Implicit null exception at 0x000000010b605257 to 0x000000010b6063e5
Event: 96816.409 Thread 0x00007fb1438dc000 Implicit null exception at 0x000000010b4480f6 to 0x000000010b448171
Event: 106010.108 Thread 0x00007fb1448e0800 Implicit null exception at 0x000000010b59177e to 0x000000010b591d19
Event: 206636.167 Thread 0x00007fb1438dc000 Implicit null exception at 0x000000010bb20b40 to 0x000000010bb22ee9
Event: 206636.327 Thread 0x00007fb1438dc000 Implicit null exception at 0x000000010b9bbb3d to 0x000000010b9bd181
Event: 206636.354 Thread 0x00007fb1438dc000 Implicit null exception at 0x000000010b78e450 to 0x000000010b78fce9
Event: 297469.229 Thread 0x00007fb1448c6000 Implicit null exception at 0x000000010bb802c4 to 0x000000010bb81d61

Events (10 events):
Event: 298005.227 Executing VM operation: ParallelGCFailedAllocation done
Event: 298005.895 Executing VM operation: ParallelGCFailedAllocation
Event: 298005.909 Executing VM operation: ParallelGCFailedAllocation done
Event: 298006.206 Thread 0x00007fb144031800 flushing nmethod 0x000000010b8029d0
Event: 298006.577 Executing VM operation: ParallelGCFailedAllocation
Event: 298006.591 Executing VM operation: ParallelGCFailedAllocation done
Event: 298007.269 Executing VM operation: ParallelGCFailedAllocation
Event: 298007.284 Executing VM operation: ParallelGCFailedAllocation done
Event: 298007.972 Executing VM operation: ParallelGCFailedAllocation
Event: 298008.397 Executing VM operation: ParallelGCFailedAllocation done


Dynamic libraries:
0x0000000001d98000 	/System/Library/Frameworks/Cocoa.framework/Versions/A/Cocoa
0x0000000001d98000 	/System/Library/Frameworks/Security.framework/Versions/A/Security
0x0000000001d98000 	/System/Library/Frameworks/ApplicationServices.framework/Versions/A/ApplicationServices
0x0000000001d98000 	/usr/lib/libz.1.dylib
0x0000000001d98000 	/usr/lib/libSystem.B.dylib
0x0000000001d98000 	/usr/lib/libobjc.A.dylib
0x0000000001d98000 	/System/Library/Frameworks/CoreFoundation.framework/Versions/A/CoreFoundation
0x0000000001d98000 	/System/Library/Frameworks/Foundation.framework/Versions/C/Foundation
0x0000000001d98000 	/System/Library/Frameworks/AppKit.framework/Versions/C/AppKit
0x0000000001d98000 	/System/Library/Frameworks/CoreData.framework/Versions/A/CoreData
0x0000000001d98000 	/System/Library/PrivateFrameworks/RemoteViewServices.framework/Versions/A/RemoteViewServices
0x0000000001d98000 	/System/Library/Frameworks/AudioToolbox.framework/Versions/A/AudioToolbox
0x0000000001d98000 	/System/Library/Frameworks/AudioUnit.framework/Versions/A/AudioUnit
0x0000000001d98000 	/System/Library/PrivateFrameworks/DataDetectorsCore.framework/Versions/A/DataDetectorsCore
0x0000000001d98000 	/System/Library/PrivateFrameworks/DesktopServicesPriv.framework/Versions/A/DesktopServicesPriv
0x0000000001d98000 	/System/Library/Frameworks/Carbon.framework/Versions/A/Frameworks/HIToolbox.framework/Versions/A/HIToolbox
0x0000000001d98000 	/System/Library/Frameworks/QuartzCore.framework/Versions/A/QuartzCore
0x0000000001d98000 	/System/Library/Frameworks/Carbon.framework/Versions/A/Frameworks/SpeechRecognition.framework/Versions/A/SpeechRecognition
0x0000000001d98000 	/usr/lib/libauto.dylib
0x0000000001d98000 	/usr/lib/libicucore.A.dylib
0x0000000001d98000 	/usr/lib/libxml2.2.dylib
0x0000000001d98000 	/System/Library/PrivateFrameworks/CoreUI.framework/Versions/A/CoreUI
0x0000000001d98000 	/System/Library/Frameworks/CoreAudio.framework/Versions/A/CoreAudio
0x0000000001d98000 	/System/Library/Frameworks/DiskArbitration.framework/Versions/A/DiskArbitration
0x0000000001d98000 	/usr/lib/liblangid.dylib
0x0000000001d98000 	/System/Library/PrivateFrameworks/MultitouchSupport.framework/Versions/A/MultitouchSupport
0x0000000001d98000 	/System/Library/Frameworks/IOKit.framework/Versions/A/IOKit
0x0000000001d98000 	/usr/lib/libDiagnosticMessagesClient.dylib
0x0000000001d98000 	/System/Library/Frameworks/CoreServices.framework/Versions/A/CoreServices
0x0000000001d98000 	/System/Library/PrivateFrameworks/PerformanceAnalysis.framework/Versions/A/PerformanceAnalysis
0x0000000001d98000 	/System/Library/PrivateFrameworks/GenerationalStorage.framework/Versions/A/GenerationalStorage
0x0000000001d98000 	/System/Library/Frameworks/OpenGL.framework/Versions/A/OpenGL
0x0000000001d98000 	/System/Library/Frameworks/CoreServices.framework/Versions/A/Frameworks/CFNetwork.framework/Versions/A/CFNetwork
0x0000000001d98000 	/System/Library/Frameworks/SystemConfiguration.framework/Versions/A/SystemConfiguration
0x0000000001d98000 	/usr/lib/libCRFSuite.dylib
0x0000000001d98000 	/usr/lib/libc++.1.dylib
0x0000000001d98000 	/usr/lib/libstdc++.6.dylib
0x0000000001d98000 	/usr/lib/libc++abi.dylib
0x0000000001d98000 	/usr/lib/system/libcache.dylib
0x0000000001d98000 	/usr/lib/system/libcommonCrypto.dylib
0x0000000001d98000 	/usr/lib/system/libcompiler_rt.dylib
0x0000000001d98000 	/usr/lib/system/libcopyfile.dylib
0x0000000001d98000 	/usr/lib/system/libdispatch.dylib
0x0000000001d98000 	/usr/lib/system/libdnsinfo.dylib
0x0000000001d98000 	/usr/lib/system/libdyld.dylib
0x0000000001d98000 	/usr/lib/system/libkeymgr.dylib
0x0000000001d98000 	/usr/lib/system/liblaunch.dylib
0x0000000001d98000 	/usr/lib/system/libmacho.dylib
0x0000000001d98000 	/usr/lib/system/libmathCommon.A.dylib
0x0000000001d98000 	/usr/lib/system/libquarantine.dylib
0x0000000001d98000 	/usr/lib/system/libremovefile.dylib
0x0000000001d98000 	/usr/lib/system/libsystem_blocks.dylib
0x0000000001d98000 	/usr/lib/system/libsystem_c.dylib
0x0000000001d98000 	/usr/lib/system/libsystem_dnssd.dylib
0x0000000001d98000 	/usr/lib/system/libsystem_info.dylib
0x0000000001d98000 	/usr/lib/system/libsystem_kernel.dylib
0x0000000001d98000 	/usr/lib/system/libsystem_network.dylib
0x0000000001d98000 	/usr/lib/system/libsystem_notify.dylib
0x0000000001d98000 	/usr/lib/system/libsystem_sandbox.dylib
0x0000000001d98000 	/usr/lib/system/libunc.dylib
0x0000000001d98000 	/usr/lib/system/libunwind.dylib
0x0000000001d98000 	/usr/lib/system/libxpc.dylib
0x0000000001d98000 	/usr/lib/libbsm.0.dylib
0x0000000001d98000 	/usr/lib/libsqlite3.dylib
0x0000000001d98000 	/usr/lib/libOpenScriptingUtil.dylib
0x0000000001d98000 	/usr/lib/libpam.2.dylib
0x0000000001d98000 	/usr/lib/libxar-nossl.dylib
0x0000000001d98000 	/usr/lib/libbz2.1.0.dylib
0x0000000001d98000 	/System/Library/Frameworks/CoreServices.framework/Versions/A/Frameworks/CarbonCore.framework/Versions/A/CarbonCore
0x0000000001d98000 	/System/Library/Frameworks/CoreServices.framework/Versions/A/Frameworks/Metadata.framework/Versions/A/Metadata
0x0000000001d98000 	/System/Library/Frameworks/CoreServices.framework/Versions/A/Frameworks/OSServices.framework/Versions/A/OSServices
0x0000000001d98000 	/System/Library/Frameworks/CoreServices.framework/Versions/A/Frameworks/SearchKit.framework/Versions/A/SearchKit
0x0000000001d98000 	/System/Library/Frameworks/CoreServices.framework/Versions/A/Frameworks/AE.framework/Versions/A/AE
0x0000000001d98000 	/System/Library/Frameworks/CoreServices.framework/Versions/A/Frameworks/LaunchServices.framework/Versions/A/LaunchServices
0x0000000001d98000 	/System/Library/Frameworks/CoreServices.framework/Versions/A/Frameworks/DictionaryServices.framework/Versions/A/DictionaryServices
0x0000000001d98000 	/System/Library/Frameworks/NetFS.framework/Versions/A/NetFS
0x0000000001d98000 	/usr/lib/system/libkxld.dylib
0x0000000001d98000 	/System/Library/PrivateFrameworks/NetAuth.framework/Versions/A/NetAuth
0x0000000001d98000 	/usr/lib/libcrypto.0.9.8.dylib
0x0000000001d98000 	/System/Library/PrivateFrameworks/TrustEvaluationAgent.framework/Versions/A/TrustEvaluationAgent
0x0000000001d98000 	/System/Library/Frameworks/OpenDirectory.framework/Versions/A/Frameworks/CFOpenDirectory.framework/Versions/A/CFOpenDirectory
0x0000000001d98000 	/usr/lib/libxslt.1.dylib
0x0000000001d98000 	/System/Library/PrivateFrameworks/FamilyControls.framework/Versions/A/FamilyControls
0x0000000001d98000 	/System/Library/Frameworks/Carbon.framework/Versions/A/Frameworks/Ink.framework/Versions/A/Ink
0x0000000001d98000 	/System/Library/Frameworks/ApplicationServices.framework/Versions/A/Frameworks/CoreGraphics.framework/Versions/A/CoreGraphics
0x0000000001d98000 	/System/Library/Frameworks/ApplicationServices.framework/Versions/A/Frameworks/ImageIO.framework/Versions/A/ImageIO
0x0000000001d98000 	/System/Library/Frameworks/ApplicationServices.framework/Versions/A/Frameworks/CoreText.framework/Versions/A/CoreText
0x0000000001d98000 	/System/Library/Frameworks/ApplicationServices.framework/Versions/A/Frameworks/ATS.framework/Versions/A/ATS
0x0000000001d98000 	/System/Library/Frameworks/ApplicationServices.framework/Versions/A/Frameworks/ColorSync.framework/Versions/A/ColorSync
0x0000000001d98000 	/System/Library/Frameworks/ApplicationServices.framework/Versions/A/Frameworks/HIServices.framework/Versions/A/HIServices
0x0000000001d98000 	/System/Library/Frameworks/ApplicationServices.framework/Versions/A/Frameworks/LangAnalysis.framework/Versions/A/LangAnalysis
0x0000000001d98000 	/System/Library/Frameworks/ApplicationServices.framework/Versions/A/Frameworks/PrintCore.framework/Versions/A/PrintCore
0x0000000001d98000 	/System/Library/Frameworks/ApplicationServices.framework/Versions/A/Frameworks/QD.framework/Versions/A/QD
0x0000000001d98000 	/System/Library/Frameworks/ApplicationServices.framework/Versions/A/Frameworks/SpeechSynthesis.framework/Versions/A/SpeechSynthesis
0x0000000001d98000 	/System/Library/Frameworks/IOSurface.framework/Versions/A/IOSurface
0x0000000001d98000 	/System/Library/Frameworks/Accelerate.framework/Versions/A/Accelerate
0x0000000001d98000 	/System/Library/Frameworks/ApplicationServices.framework/Versions/A/Frameworks/ImageIO.framework/Versions/A/Resources/libJPEG.dylib
0x0000000001d98000 	/System/Library/Frameworks/ApplicationServices.framework/Versions/A/Frameworks/ImageIO.framework/Versions/A/Resources/libTIFF.dylib
0x0000000001d98000 	/System/Library/Frameworks/ApplicationServices.framework/Versions/A/Frameworks/ImageIO.framework/Versions/A/Resources/libPng.dylib
0x0000000001d98000 	/System/Library/Frameworks/ApplicationServices.framework/Versions/A/Frameworks/ImageIO.framework/Versions/A/Resources/libGIF.dylib
0x0000000001d98000 	/System/Library/Frameworks/ApplicationServices.framework/Versions/A/Frameworks/ImageIO.framework/Versions/A/Resources/libJP2.dylib
0x0000000001d98000 	/System/Library/Frameworks/ApplicationServices.framework/Versions/A/Frameworks/ImageIO.framework/Versions/A/Resources/libRadiance.dylib
0x0000000001d98000 	/System/Library/Frameworks/Accelerate.framework/Versions/A/Frameworks/vImage.framework/Versions/A/vImage
0x0000000001d98000 	/System/Library/Frameworks/Accelerate.framework/Versions/A/Frameworks/vecLib.framework/Versions/A/vecLib
0x0000000001d98000 	/System/Library/Frameworks/Accelerate.framework/Versions/A/Frameworks/vecLib.framework/Versions/A/libvDSP.dylib
0x0000000001d98000 	/System/Library/Frameworks/Accelerate.framework/Versions/A/Frameworks/vecLib.framework/Versions/A/libvMisc.dylib
0x0000000001d98000 	/System/Library/Frameworks/Accelerate.framework/Versions/A/Frameworks/vecLib.framework/Versions/A/libLAPACK.dylib
0x0000000001d98000 	/System/Library/Frameworks/Accelerate.framework/Versions/A/Frameworks/vecLib.framework/Versions/A/libBLAS.dylib
0x0000000001d98000 	/System/Library/Frameworks/ApplicationServices.framework/Versions/A/Frameworks/ATS.framework/Versions/A/Resources/libFontParser.dylib
0x0000000001d98000 	/System/Library/Frameworks/ApplicationServices.framework/Versions/A/Frameworks/ATS.framework/Versions/A/Resources/libFontRegistry.dylib
0x0000000001d98000 	/usr/lib/libcups.2.dylib
0x0000000001d98000 	/System/Library/Frameworks/Kerberos.framework/Versions/A/Kerberos
0x000000010a356000 	/System/Library/Frameworks/GSS.framework/Versions/A/GSS
0x0000000001d98000 	/usr/lib/libresolv.9.dylib
0x0000000001d98000 	/usr/lib/libiconv.2.dylib
0x0000000001d98000 	/System/Library/PrivateFrameworks/Heimdal.framework/Versions/A/Heimdal
0x0000000001d98000 	/System/Library/Frameworks/OpenDirectory.framework/Versions/A/OpenDirectory
0x0000000001d98000 	/System/Library/PrivateFrameworks/CommonAuth.framework/Versions/A/CommonAuth
0x0000000001d98000 	/System/Library/Frameworks/CoreVideo.framework/Versions/A/CoreVideo
0x0000000001d98000 	/System/Library/Frameworks/QuartzCore.framework/Versions/A/Frameworks/CoreImage.framework/Versions/A/CoreImage
0x0000000001d98000 	/System/Library/Frameworks/QuartzCore.framework/Versions/A/Frameworks/ScalableUserInterface.framework/Versions/A/ScalableUserInterface
0x0000000001d98000 	/System/Library/Frameworks/OpenGL.framework/Versions/A/Libraries/libGLU.dylib
0x0000000001d98000 	/System/Library/Frameworks/OpenGL.framework/Versions/A/Libraries/libGFXShared.dylib
0x0000000001d98000 	/System/Library/Frameworks/OpenGL.framework/Versions/A/Libraries/libGL.dylib
0x0000000001d98000 	/System/Library/Frameworks/OpenGL.framework/Versions/A/Libraries/libGLImage.dylib
0x0000000001d98000 	/System/Library/Frameworks/OpenGL.framework/Versions/A/Libraries/libCVMSPluginSupport.dylib
0x0000000001d98000 	/System/Library/Frameworks/OpenGL.framework/Versions/A/Libraries/libCoreVMClient.dylib
0x0000000001d98000 	/System/Library/Frameworks/OpenCL.framework/Versions/A/OpenCL
0x0000000001d98000 	/System/Library/PrivateFrameworks/FaceCoreLight.framework/Versions/A/FaceCoreLight
0x0000000001d98000 	/System/Library/Frameworks/vecLib.framework/Versions/A/vecLib
0x0000000001d98000 	/System/Library/Frameworks/SecurityFoundation.framework/Versions/A/SecurityFoundation
0x0000000001d98000 	/System/Library/PrivateFrameworks/CommerceKit.framework/Versions/A/Frameworks/CommerceCore.framework/Versions/A/CommerceCore
0x0000000001d98000 	/System/Library/PrivateFrameworks/CoreSymbolication.framework/Versions/A/CoreSymbolication
0x0000000001d98000 	/System/Library/PrivateFrameworks/Symbolication.framework/Versions/A/Symbolication
0x0000000001d98000 	/System/Library/PrivateFrameworks/DebugSymbols.framework/Versions/A/DebugSymbols
0x000000010a800000 	/Library/Internet Plug-Ins/JavaAppletPlugin.plugin/Contents/Home/lib/server/libjvm.dylib
0x000000010a6b5000 	/Library/Internet Plug-Ins/JavaAppletPlugin.plugin/Contents/Home/lib/libverify.dylib
0x000000010a6c2000 	/Library/Internet Plug-Ins/JavaAppletPlugin.plugin/Contents/Home/lib/libjava.dylib
0x000000010b363000 	/Library/Internet Plug-Ins/JavaAppletPlugin.plugin/Contents/Home/lib/libzip.dylib
0x0000000115c3e000 	/System/Library/Frameworks/JavaVM.framework/Frameworks/JavaRuntimeSupport.framework/JavaRuntimeSupport
0x0000000115c56000 	/System/Library/Frameworks/JavaVM.framework/Versions/A/Frameworks/JavaNativeFoundation.framework/Versions/A/JavaNativeFoundation
0x0000000115c6b000 	/System/Library/Frameworks/JavaVM.framework/Versions/A/JavaVM
0x0000000001d98000 	/System/Library/Frameworks/Carbon.framework/Versions/A/Carbon
0x0000000115c78000 	/System/Library/PrivateFrameworks/JavaLaunching.framework/Versions/A/JavaLaunching
0x0000000001d98000 	/System/Library/Frameworks/Carbon.framework/Versions/A/Frameworks/CommonPanels.framework/Versions/A/CommonPanels
0x0000000001d98000 	/System/Library/Frameworks/Carbon.framework/Versions/A/Frameworks/Help.framework/Versions/A/Help
0x0000000001d98000 	/System/Library/Frameworks/Carbon.framework/Versions/A/Frameworks/ImageCapture.framework/Versions/A/ImageCapture
0x0000000001d98000 	/System/Library/Frameworks/Carbon.framework/Versions/A/Frameworks/OpenScripting.framework/Versions/A/OpenScripting
0x0000000001d98000 	/System/Library/Frameworks/Carbon.framework/Versions/A/Frameworks/Print.framework/Versions/A/Print
0x0000000001d98000 	/System/Library/Frameworks/Carbon.framework/Versions/A/Frameworks/SecurityHI.framework/Versions/A/SecurityHI
0x00000001163d9000 	/Library/Internet Plug-Ins/JavaAppletPlugin.plugin/Contents/Home/lib/libosx.dylib
0x00000001163e7000 	/Library/Internet Plug-Ins/JavaAppletPlugin.plugin/Contents/Home/lib/./libosxapp.dylib
0x0000000116403000 	/System/Library/Frameworks/ExceptionHandling.framework/Versions/A/ExceptionHandling
0x000000011650d000 	/Library/Internet Plug-Ins/JavaAppletPlugin.plugin/Contents/Home/lib/libawt.dylib
0x00000001165bc000 	/Library/Internet Plug-Ins/JavaAppletPlugin.plugin/Contents/Home/lib/./libmlib_image.dylib
0x0000000116688000 	/Library/Internet Plug-Ins/JavaAppletPlugin.plugin/Contents/Home/lib/lwawt/liblwawt.dylib
0x0000000001d98000 	/System/Library/PrivateFrameworks/CoreServicesInternal.framework/Versions/A/CoreServicesInternal
0x0000000001d98000 	/System/Library/Frameworks/ApplicationServices.framework/Versions/A/Frameworks/CoreGraphics.framework/Versions/A/Resources/libCSync.A.dylib
0x0000000001d98000 	/System/Library/Frameworks/ApplicationServices.framework/Versions/A/Frameworks/CoreGraphics.framework/Versions/A/Resources/libRIP.A.dylib
0x0000000001d98000 	/System/Library/Frameworks/ApplicationServices.framework/Versions/A/Frameworks/CoreGraphics.framework/Versions/A/Resources/libCGXType.A.dylib
0x0000000001d98000 	/System/Library/PrivateFrameworks/CrashReporterSupport.framework/Versions/A/CrashReporterSupport
0x0000000119f58000 	/Library/Internet Plug-Ins/JavaAppletPlugin.plugin/Contents/Home/lib/libfontmanager.dylib
0x00000001186c7000 	/Library/Internet Plug-Ins/JavaAppletPlugin.plugin/Contents/Home/lib/libosxui.dylib
0x000000011a0c2000 	/System/Library/Frameworks/OpenGL.framework/Resources/GLEngine.bundle/GLEngine
0x000000011a2b1000 	/System/Library/Frameworks/OpenGL.framework/Versions/A/Libraries/libGLProgrammability.dylib
0x000000011a43d000 	/System/Library/Extensions/ATIRadeonX3000GLDriver.bundle/Contents/MacOS/ATIRadeonX3000GLDriver
0x00000001186d1000 	/System/Library/PrivateFrameworks/GPUSupport.framework/Versions/A/Libraries/libGPUSupport.dylib
0x000000011a74d000 	/System/Library/Extensions/AppleIntelHD3000GraphicsGLDriver.bundle/Contents/MacOS/AppleIntelHD3000GraphicsGLDriver
0x000000011ac5a000 	/System/Library/Frameworks/OpenGL.framework/Resources//GLRendererFloat.bundle/GLRendererFloat
0x00000001186e6000 	/System/Library/Frameworks/OpenCL.framework/Versions/A/Libraries/libcldcpuengine.dylib
0x0000000001d98000 	/System/Library/PrivateFrameworks/DiskImages.framework/Versions/A/DiskImages
0x000000011ac91000 	/System/Library/Frameworks/OpenGL.framework/Versions/A/Libraries/libCoreFSCache.dylib
0x0000000001d98000 	/System/Library/Frameworks/DiscRecording.framework/Versions/A/DiscRecording
0x0000000001d98000 	/usr/lib/libcurl.4.dylib
0x0000000001d98000 	/System/Library/PrivateFrameworks/MediaKit.framework/Versions/A/MediaKit
0x0000000001d98000 	/usr/lib/libssl.0.9.8.dylib
0x0000000001d98000 	/System/Library/Frameworks/LDAP.framework/Versions/A/LDAP
0x0000000001d98000 	/usr/lib/libsasl2.2.dylib
0x000000011773e000 	/Library/Internet Plug-Ins/JavaAppletPlugin.plugin/Contents/Home/lib/libdcpr.dylib
0x000000011b1e0000 	/Library/Internet Plug-Ins/JavaAppletPlugin.plugin/Contents/Home/lib/libnet.dylib
0x00000001177a7000 	/Library/Internet Plug-Ins/JavaAppletPlugin.plugin/Contents/Home/lib/libnio.dylib
0x0000000001d98000 	/System/Library/Frameworks/ApplicationServices.framework/Versions/A/Frameworks/ATS.framework/Versions/A/Resources/libTrueTypeScaler.dylib
0x0000000001d98000 	/System/Library/CoreServices/RawCamera.bundle/Contents/MacOS/RawCamera
0x0000000120152000 	/Library/Internet Plug-Ins/JavaAppletPlugin.plugin/Contents/Home/lib/libt2k.dylib
0x0000000001d98000 	/System/Library/PrivateFrameworks/Shortcut.framework/Versions/A/Shortcut
0x0000000001d98000 	/System/Library/PrivateFrameworks/HelpData.framework/Versions/A/HelpData
0x0000000001d98000 	/usr/lib/libtidy.A.dylib
0x0000000001d98000 	/System/Library/Frameworks/ApplicationServices.framework/Versions/A/Frameworks/CoreGraphics.framework/Versions/A/Resources/libCGXCoreImage.A.dylib
0x0000000115d96000 	cl_kernels
0x000000011fe7b000 	/System/Library/Frameworks/OpenCL.framework/Versions/A/Libraries/ImageFormats/unorm8_bgra.dylib

VM Arguments:
java_command: /Users/md0larur/Desktop/projects/Forskning/ANRU/cgsuite-0.7/cgsuite.jar
Launcher Type: SUN_STANDARD

Environment Variables:
PATH=/usr/bin:/bin:/usr/sbin:/sbin
SHELL=/bin/bash
DISPLAY=/tmp/launch-qOHG0R/org.x:0

Signal Handlers:
SIGSEGV: [libjvm.dylib+0x52c49d], sa_mask[0]=0xfffefeff, sa_flags=0x00000043
SIGBUS: [libjvm.dylib+0x52c49d], sa_mask[0]=0xfffefeff, sa_flags=0x00000042
SIGFPE: [libjvm.dylib+0x41e53a], sa_mask[0]=0xfffefeff, sa_flags=0x00000042
SIGPIPE: [libjvm.dylib+0x41e53a], sa_mask[0]=0xfffefeff, sa_flags=0x00000042
SIGXFSZ: [libjvm.dylib+0x41e53a], sa_mask[0]=0xfffefeff, sa_flags=0x00000042
SIGILL: [libjvm.dylib+0x41e53a], sa_mask[0]=0xfffefeff, sa_flags=0x00000042
SIGUSR1: SIG_DFL, sa_mask[0]=0x00000000, sa_flags=0x00000002
SIGUSR2: [libjvm.dylib+0x41e02c], sa_mask[0]=0x00000000, sa_flags=0x00000042
SIGHUP: [libjvm.dylib+0x41c2bd], sa_mask[0]=0xfffefeff, sa_flags=0x00000042
SIGINT: [libjvm.dylib+0x41c2bd], sa_mask[0]=0xfffefeff, sa_flags=0x00000042
SIGTERM: [libjvm.dylib+0x41c2bd], sa_mask[0]=0xfffefeff, sa_flags=0x00000042
SIGQUIT: [libjvm.dylib+0x41c2bd], sa_mask[0]=0xfffefeff, sa_flags=0x00000042


---------------  S Y S T E M  ---------------

OS:Bsduname:Darwin 11.4.2 Darwin Kernel Version 11.4.2: Thu Aug 23 16:25:48 PDT 2012; root:xnu-1699.32.7~1/RELEASE_X86_64 x86_64
rlimit: STACK 8192k, CORE 0k, NPROC 709, NOFILE 10240, AS infinity
load average:0.48 0.78 1.11

CPU:total 8 (4 cores per cpu, 2 threads per core) family 6 model 42 stepping 7, cmov, cx8, fxsr, mmx, sse, sse2, sse3, ssse3, sse4.1, sse4.2, popcnt, avx, aes, ht, tsc, tscinvbit

Memory: 4k page, physical 8388608k(2097152k free)

/proc/meminfo:


vm_info: Java HotSpot(TM) 64-Bit Server VM (24.71-b01) for bsd-amd64 JRE (1.7.0_71-b14), built on Sep 26 2014 16:11:44 by "java_re" with gcc 4.2.1 (Based on Apple Inc. build 5658) (LLVM build 2336.11.00)

time: Thu Nov 20 23:18:34 2014
elapsed time: 298008 seconds

